<?xml version="1.0" encoding="UTF-8"?>
<coverage generated="1732830655618" clover="3.2.0">
  <project timestamp="1732830655618" name="All files">
    <metrics statements="829" coveredstatements="641" conditionals="367" coveredconditionals="254" methods="323" coveredmethods="237" elements="1519" coveredelements="1132" complexity="0" loc="829" ncloc="829" packages="31" files="68" classes="68"/>
    <package name="src">
      <metrics statements="18" coveredstatements="10" conditionals="7" coveredconditionals="2" methods="5" coveredmethods="3"/>
      <file name="index.tsx" path="/home/dariel/Documents/projetos/llsim/programa-de-captura/src/index.tsx">
        <metrics statements="3" coveredstatements="3" conditionals="0" coveredconditionals="0" methods="0" coveredmethods="0"/>
        <line num="10" count="11" type="stmt"/>
        <line num="11" count="11" type="stmt"/>
        <line num="25" count="11" type="stmt"/>
      </file>
      <file name="reportWebVitals.ts" path="/home/dariel/Documents/projetos/llsim/programa-de-captura/src/reportWebVitals.ts">
        <metrics statements="8" coveredstatements="2" conditionals="4" coveredconditionals="2" methods="2" coveredmethods="1"/>
        <line num="3" count="11" type="stmt"/>
        <line num="4" count="11" type="cond" truecount="2" falsecount="2"/>
        <line num="5" count="0" type="stmt"/>
        <line num="6" count="0" type="stmt"/>
        <line num="7" count="0" type="stmt"/>
        <line num="8" count="0" type="stmt"/>
        <line num="9" count="0" type="stmt"/>
        <line num="10" count="0" type="stmt"/>
      </file>
      <file name="router.tsx" path="/home/dariel/Documents/projetos/llsim/programa-de-captura/src/router.tsx">
        <metrics statements="3" coveredstatements="3" conditionals="0" coveredconditionals="0" methods="1" coveredmethods="1"/>
        <line num="5" count="11" type="stmt"/>
        <line num="15" count="25" type="stmt"/>
        <line num="38" count="25" type="stmt"/>
      </file>
      <file name="utils.ts" path="/home/dariel/Documents/projetos/llsim/programa-de-captura/src/utils.ts">
        <metrics statements="4" coveredstatements="2" conditionals="3" coveredconditionals="0" methods="2" coveredmethods="1"/>
        <line num="1" count="11" type="stmt"/>
        <line num="3" count="0" type="stmt"/>
        <line num="4" count="0" type="cond" truecount="0" falsecount="3"/>
        <line num="6" count="19" type="stmt"/>
      </file>
    </package>
    <package name="src.components">
      <metrics statements="0" coveredstatements="0" conditionals="0" coveredconditionals="0" methods="0" coveredmethods="0"/>
      <file name="index.ts" path="/home/dariel/Documents/projetos/llsim/programa-de-captura/src/components/index.ts">
        <metrics statements="0" coveredstatements="0" conditionals="0" coveredconditionals="0" methods="0" coveredmethods="0"/>
      </file>
    </package>
    <package name="src.components.buttons.controlVideoButtons">
      <metrics statements="32" coveredstatements="27" conditionals="40" coveredconditionals="33" methods="10" coveredmethods="8"/>
      <file name="ControlRecordingButton.tsx" path="/home/dariel/Documents/projetos/llsim/programa-de-captura/src/components/buttons/controlVideoButtons/ControlRecordingButton.tsx">
        <metrics statements="32" coveredstatements="27" conditionals="40" coveredconditionals="33" methods="10" coveredmethods="8"/>
        <line num="17" count="32" type="stmt"/>
        <line num="18" count="32" type="stmt"/>
        <line num="21" count="32" type="stmt"/>
        <line num="23" count="32" type="stmt"/>
        <line num="24" count="32" type="stmt"/>
        <line num="25" count="32" type="stmt"/>
        <line num="27" count="64" type="stmt"/>
        <line num="29" count="32" type="stmt"/>
        <line num="32" count="32" type="stmt"/>
        <line num="33" count="32" type="cond" truecount="3" falsecount="0"/>
        <line num="35" count="20" type="stmt"/>
        <line num="37" count="2" type="stmt"/>
        <line num="39" count="10" type="stmt"/>
        <line num="44" count="32" type="stmt"/>
        <line num="45" count="4" type="cond" truecount="2" falsecount="0"/>
        <line num="46" count="1" type="stmt"/>
        <line num="47" count="1" type="stmt"/>
        <line num="50" count="32" type="stmt"/>
        <line num="51" count="2" type="cond" truecount="2" falsecount="1"/>
        <line num="53" count="1" type="cond" truecount="1" falsecount="1"/>
        <line num="54" count="0" type="stmt"/>
        <line num="56" count="0" type="cond" truecount="0" falsecount="2"/>
        <line num="57" count="0" type="stmt"/>
        <line num="59" count="1" type="cond" truecount="1" falsecount="1"/>
        <line num="60" count="0" type="stmt"/>
        <line num="64" count="32" type="stmt"/>
        <line num="65" count="2" type="stmt"/>
        <line num="66" count="2" type="stmt"/>
        <line num="67" count="2" type="cond" truecount="1" falsecount="1"/>
        <line num="69" count="0" type="stmt"/>
        <line num="71" count="2" type="stmt"/>
        <line num="75" count="32" type="stmt"/>
      </file>
    </package>
    <package name="src.components.buttons.iconButton">
      <metrics statements="8" coveredstatements="7" conditionals="8" coveredconditionals="5" methods="3" coveredmethods="3"/>
      <file name="IconButton.tsx" path="/home/dariel/Documents/projetos/llsim/programa-de-captura/src/components/buttons/iconButton/IconButton.tsx">
        <metrics statements="8" coveredstatements="7" conditionals="8" coveredconditionals="5" methods="3" coveredmethods="3"/>
        <line num="12" count="11" type="stmt"/>
        <line num="15" count="1180" type="stmt"/>
        <line num="18" count="1180" type="stmt"/>
        <line num="20" count="1" type="cond" truecount="1" falsecount="1"/>
        <line num="21" count="1" type="stmt"/>
        <line num="22" count="1" type="stmt"/>
        <line num="23" count="0" type="cond" truecount="0" falsecount="2"/>
        <line num="28" count="1180" type="stmt"/>
      </file>
    </package>
    <package name="src.components.buttons.menuButton">
      <metrics statements="6" coveredstatements="3" conditionals="0" coveredconditionals="0" methods="4" coveredmethods="1"/>
      <file name="MenuButton.tsx" path="/home/dariel/Documents/projetos/llsim/programa-de-captura/src/components/buttons/menuButton/MenuButton.tsx">
        <metrics statements="6" coveredstatements="3" conditionals="0" coveredconditionals="0" methods="4" coveredmethods="1"/>
        <line num="9" count="1116" type="stmt"/>
        <line num="12" count="1116" type="stmt"/>
        <line num="14" count="1116" type="stmt"/>
        <line num="16" count="0" type="stmt"/>
        <line num="23" count="0" type="stmt"/>
        <line num="33" count="0" type="stmt"/>
      </file>
    </package>
    <package name="src.components.buttons.movimentsButtons">
      <metrics statements="7" coveredstatements="6" conditionals="10" coveredconditionals="8" methods="6" coveredmethods="4"/>
      <file name="MovimentsButtons.tsx" path="/home/dariel/Documents/projetos/llsim/programa-de-captura/src/components/buttons/movimentsButtons/MovimentsButtons.tsx">
        <metrics statements="7" coveredstatements="6" conditionals="10" coveredconditionals="8" methods="6" coveredmethods="4"/>
        <line num="20" count="30" type="stmt"/>
        <line num="23" count="30" type="stmt"/>
        <line num="25" count="1" type="cond" truecount="1" falsecount="1"/>
        <line num="30" count="30" type="stmt"/>
        <line num="34" count="0" type="stmt"/>
        <line num="39" count="120" type="stmt"/>
        <line num="41" count="1" type="stmt"/>
      </file>
    </package>
    <package name="src.components.cards.cardLogin">
      <metrics statements="1" coveredstatements="1" conditionals="2" coveredconditionals="2" methods="1" coveredmethods="1"/>
      <file name="CardLogin.tsx" path="/home/dariel/Documents/projetos/llsim/programa-de-captura/src/components/cards/cardLogin/CardLogin.tsx">
        <metrics statements="1" coveredstatements="1" conditionals="2" coveredconditionals="2" methods="1" coveredmethods="1"/>
        <line num="12" count="6" type="stmt"/>
      </file>
    </package>
    <package name="src.components.cards.cardRecordListed">
      <metrics statements="12" coveredstatements="8" conditionals="16" coveredconditionals="10" methods="4" coveredmethods="2"/>
      <file name="CardRecordListed.tsx" path="/home/dariel/Documents/projetos/llsim/programa-de-captura/src/components/cards/cardRecordListed/CardRecordListed.tsx">
        <metrics statements="12" coveredstatements="8" conditionals="16" coveredconditionals="10" methods="4" coveredmethods="2"/>
        <line num="19" count="616" type="stmt"/>
        <line num="22" count="616" type="stmt"/>
        <line num="25" count="616" type="stmt"/>
        <line num="27" count="2" type="cond" truecount="1" falsecount="1"/>
        <line num="28" count="2" type="cond" truecount="1" falsecount="1"/>
        <line num="30" count="0" type="stmt"/>
        <line num="31" count="0" type="cond" truecount="0" falsecount="4"/>
        <line num="33" count="0" type="stmt"/>
        <line num="38" count="616" type="stmt"/>
        <line num="39" count="0" type="stmt"/>
        <line num="42" count="616" type="stmt"/>
        <line num="44" count="616" type="stmt"/>
      </file>
    </package>
    <package name="src.components.cards.cardRecording">
      <metrics statements="6" coveredstatements="5" conditionals="4" coveredconditionals="4" methods="4" coveredmethods="2"/>
      <file name="CardRecording.tsx" path="/home/dariel/Documents/projetos/llsim/programa-de-captura/src/components/cards/cardRecording/CardRecording.tsx">
        <metrics statements="6" coveredstatements="5" conditionals="4" coveredconditionals="4" methods="4" coveredmethods="2"/>
        <line num="15" count="500" type="stmt"/>
        <line num="16" count="1" type="stmt"/>
        <line num="19" count="500" type="stmt"/>
        <line num="20" count="0" type="stmt"/>
        <line num="23" count="500" type="stmt"/>
        <line num="25" count="500" type="stmt"/>
      </file>
    </package>
    <package name="src.components.forms.formBaby">
      <metrics statements="16" coveredstatements="15" conditionals="4" coveredconditionals="3" methods="8" coveredmethods="8"/>
      <file name="FormPatient.tsx" path="/home/dariel/Documents/projetos/llsim/programa-de-captura/src/components/forms/formBaby/FormPatient.tsx">
        <metrics statements="16" coveredstatements="15" conditionals="4" coveredconditionals="3" methods="8" coveredmethods="8"/>
        <line num="23" count="17" type="stmt"/>
        <line num="26" count="16" type="stmt"/>
        <line num="28" count="2" type="stmt"/>
        <line num="29" count="2" type="stmt"/>
        <line num="30" count="2" type="stmt"/>
        <line num="31" count="2" type="stmt"/>
        <line num="33" count="0" type="stmt"/>
        <line num="35" count="2" type="stmt"/>
        <line num="41" count="16" type="stmt"/>
        <line num="49" count="120" type="stmt"/>
        <line num="70" count="2" type="cond" truecount="1" falsecount="1"/>
        <line num="76" count="240" type="stmt"/>
        <line num="88" count="1" type="stmt"/>
        <line num="102" count="2" type="stmt"/>
        <line num="115" count="34" type="stmt"/>
        <line num="127" count="11" type="stmt"/>
      </file>
    </package>
    <package name="src.components.forms.formLogin">
      <metrics statements="14" coveredstatements="13" conditionals="0" coveredconditionals="0" methods="5" coveredmethods="5"/>
      <file name="FormLogin.tsx" path="/home/dariel/Documents/projetos/llsim/programa-de-captura/src/components/forms/formLogin/FormLogin.tsx">
        <metrics statements="14" coveredstatements="13" conditionals="0" coveredconditionals="0" methods="5" coveredmethods="5"/>
        <line num="21" count="6" type="stmt"/>
        <line num="24" count="6" type="stmt"/>
        <line num="27" count="6" type="stmt"/>
        <line num="29" count="1" type="stmt"/>
        <line num="30" count="1" type="stmt"/>
        <line num="31" count="1" type="stmt"/>
        <line num="32" count="1" type="stmt"/>
        <line num="34" count="0" type="stmt"/>
        <line num="36" count="1" type="stmt"/>
        <line num="42" count="6" type="stmt"/>
        <line num="50" count="78" type="stmt"/>
        <line num="59" count="19" type="stmt"/>
        <line num="70" count="16" type="stmt"/>
        <line num="84" count="11" type="stmt"/>
      </file>
    </package>
    <package name="src.components.infiniteScroll">
      <metrics statements="17" coveredstatements="15" conditionals="13" coveredconditionals="11" methods="4" coveredmethods="4"/>
      <file name="InfiniteScroll.tsx" path="/home/dariel/Documents/projetos/llsim/programa-de-captura/src/components/infiniteScroll/InfiniteScroll.tsx">
        <metrics statements="17" coveredstatements="15" conditionals="13" coveredconditionals="11" methods="4" coveredmethods="4"/>
        <line num="18" count="96" type="stmt"/>
        <line num="21" count="96" type="stmt"/>
        <line num="22" count="96" type="stmt"/>
        <line num="25" count="96" type="stmt"/>
        <line num="26" count="8" type="stmt"/>
        <line num="27" count="8" type="cond" truecount="4" falsecount="1"/>
        <line num="29" count="8" type="cond" truecount="2" falsecount="0"/>
        <line num="30" count="5" type="stmt"/>
        <line num="34" count="96" type="stmt"/>
        <line num="35" count="8" type="cond" truecount="2" falsecount="0"/>
        <line num="37" count="3" type="stmt"/>
        <line num="38" count="3" type="stmt"/>
        <line num="39" count="2" type="cond" truecount="1" falsecount="1"/>
        <line num="40" count="4" type="stmt"/>
        <line num="41" count="0" type="stmt"/>
        <line num="43" count="0" type="stmt"/>
        <line num="47" count="96" type="stmt"/>
      </file>
    </package>
    <package name="src.components.inputs.inputDate">
      <metrics statements="13" coveredstatements="13" conditionals="10" coveredconditionals="5" methods="2" coveredmethods="2"/>
      <file name="InputDate.tsx" path="/home/dariel/Documents/projetos/llsim/programa-de-captura/src/components/inputs/inputDate/InputDate.tsx">
        <metrics statements="13" coveredstatements="13" conditionals="10" coveredconditionals="5" methods="2" coveredmethods="2"/>
        <line num="13" count="120" type="stmt"/>
        <line num="16" count="120" type="stmt"/>
        <line num="18" count="1" type="stmt"/>
        <line num="21" count="1" type="cond" truecount="1" falsecount="1"/>
        <line num="23" count="1" type="stmt"/>
        <line num="24" count="1" type="stmt"/>
        <line num="27" count="1" type="stmt"/>
        <line num="29" count="1" type="cond" truecount="1" falsecount="1"/>
        <line num="30" count="1" type="cond" truecount="1" falsecount="1"/>
        <line num="31" count="1" type="cond" truecount="1" falsecount="1"/>
        <line num="32" count="1" type="cond" truecount="1" falsecount="1"/>
        <line num="34" count="1" type="stmt"/>
        <line num="39" count="120" type="stmt"/>
      </file>
    </package>
    <package name="src.components.inputs.inputPassword">
      <metrics statements="7" coveredstatements="6" conditionals="4" coveredconditionals="2" methods="4" coveredmethods="2"/>
      <file name="InputPassword.tsx" path="/home/dariel/Documents/projetos/llsim/programa-de-captura/src/components/inputs/inputPassword/InputPassword.tsx">
        <metrics statements="7" coveredstatements="6" conditionals="4" coveredconditionals="2" methods="4" coveredmethods="2"/>
        <line num="13" count="78" type="stmt"/>
        <line num="16" count="78" type="stmt"/>
        <line num="18" count="16" type="stmt"/>
        <line num="19" count="16" type="stmt"/>
        <line num="24" count="78" type="stmt"/>
        <line num="25" count="0" type="stmt"/>
        <line num="28" count="78" type="stmt"/>
      </file>
    </package>
    <package name="src.components.inputs.inputSearch">
      <metrics statements="4" coveredstatements="2" conditionals="4" coveredconditionals="2" methods="2" coveredmethods="1"/>
      <file name="InputSearch.tsx" path="/home/dariel/Documents/projetos/llsim/programa-de-captura/src/components/inputs/inputSearch/InputSearch.tsx">
        <metrics statements="4" coveredstatements="2" conditionals="4" coveredconditionals="2" methods="2" coveredmethods="1"/>
        <line num="13" count="70" type="stmt"/>
        <line num="15" count="0" type="stmt"/>
        <line num="16" count="0" type="cond" truecount="0" falsecount="2"/>
        <line num="21" count="70" type="stmt"/>
      </file>
    </package>
    <package name="src.components.links.TextLink">
      <metrics statements="2" coveredstatements="2" conditionals="2" coveredconditionals="2" methods="2" coveredmethods="2"/>
      <file name="TextLink.tsx" path="/home/dariel/Documents/projetos/llsim/programa-de-captura/src/components/links/TextLink/TextLink.tsx">
        <metrics statements="2" coveredstatements="2" conditionals="2" coveredconditionals="2" methods="2" coveredmethods="2"/>
        <line num="6" count="60" type="stmt"/>
        <line num="9" count="64" type="cond" truecount="2" falsecount="0"/>
      </file>
    </package>
    <package name="src.components.modals">
      <metrics statements="57" coveredstatements="49" conditionals="39" coveredconditionals="28" methods="18" coveredmethods="15"/>
      <file name="ManagePatientModal.tsx" path="/home/dariel/Documents/projetos/llsim/programa-de-captura/src/components/modals/ManagePatientModal.tsx">
        <metrics statements="21" coveredstatements="18" conditionals="13" coveredconditionals="11" methods="4" coveredmethods="4"/>
        <line num="8" count="11" type="stmt"/>
        <line num="24" count="58" type="stmt"/>
        <line num="27" count="58" type="stmt"/>
        <line num="30" count="58" type="stmt"/>
        <line num="32" count="1" type="stmt"/>
        <line num="33" count="1" type="stmt"/>
        <line num="34" count="1" type="stmt"/>
        <line num="35" count="1" type="cond" truecount="1" falsecount="1"/>
        <line num="37" count="0" type="stmt"/>
        <line num="43" count="58" type="stmt"/>
        <line num="45" count="1" type="stmt"/>
        <line num="46" count="1" type="stmt"/>
        <line num="47" count="1" type="stmt"/>
        <line num="48" count="1" type="cond" truecount="1" falsecount="1"/>
        <line num="50" count="0" type="stmt"/>
        <line num="56" count="58" type="stmt"/>
        <line num="58" count="2" type="stmt"/>
        <line num="59" count="2" type="cond" truecount="2" falsecount="0"/>
        <line num="60" count="1" type="stmt"/>
        <line num="62" count="0" type="stmt"/>
        <line num="68" count="58" type="stmt"/>
      </file>
      <file name="PatientInfoModal.tsx" path="/home/dariel/Documents/projetos/llsim/programa-de-captura/src/components/modals/PatientInfoModal.tsx">
        <metrics statements="12" coveredstatements="11" conditionals="10" coveredconditionals="6" methods="2" coveredmethods="2"/>
        <line num="22" count="56" type="stmt"/>
        <line num="25" count="56" type="stmt"/>
        <line num="28" count="56" type="stmt"/>
        <line num="29" count="1" type="cond" truecount="1" falsecount="1"/>
        <line num="31" count="1" type="stmt"/>
        <line num="32" count="1" type="cond" truecount="1" falsecount="1"/>
        <line num="34" count="1" type="stmt"/>
        <line num="35" count="1" type="stmt"/>
        <line num="36" count="1" type="stmt"/>
        <line num="37" count="1" type="cond" truecount="1" falsecount="1"/>
        <line num="39" count="0" type="stmt"/>
        <line num="43" count="56" type="stmt"/>
      </file>
      <file name="SelectCamsModal.tsx" path="/home/dariel/Documents/projetos/llsim/programa-de-captura/src/components/modals/SelectCamsModal.tsx">
        <metrics statements="24" coveredstatements="20" conditionals="16" coveredconditionals="11" methods="12" coveredmethods="9"/>
        <line num="23" count="20" type="stmt"/>
        <line num="26" count="20" type="stmt"/>
        <line num="31" count="20" type="stmt"/>
        <line num="34" count="20" type="stmt"/>
        <line num="36" count="1" type="cond" truecount="3" falsecount="1"/>
        <line num="37" count="1" type="stmt"/>
        <line num="38" count="1" type="cond" truecount="1" falsecount="1"/>
        <line num="39" count="0" type="stmt"/>
        <line num="40" count="1" type="stmt"/>
        <line num="46" count="20" type="stmt"/>
        <line num="47" count="0" type="stmt"/>
        <line num="48" count="0" type="cond" truecount="0" falsecount="2"/>
        <line num="51" count="20" type="stmt"/>
        <line num="52" count="1" type="stmt"/>
        <line num="53" count="1" type="cond" truecount="1" falsecount="1"/>
        <line num="54" count="0" type="stmt"/>
        <line num="56" count="1" type="stmt"/>
        <line num="57" count="1" type="stmt"/>
        <line num="60" count="20" type="stmt"/>
        <line num="86" count="14" type="stmt"/>
        <line num="89" count="14" type="stmt"/>
        <line num="93" count="1" type="stmt"/>
        <line num="102" count="10" type="cond" truecount="2" falsecount="0"/>
        <line num="103" count="5" type="stmt"/>
      </file>
    </package>
    <package name="src.components.offcanvas">
      <metrics statements="30" coveredstatements="21" conditionals="14" coveredconditionals="4" methods="12" coveredmethods="7"/>
      <file name="OffcanvasFilter.tsx" path="/home/dariel/Documents/projetos/llsim/programa-de-captura/src/components/offcanvas/OffcanvasFilter.tsx">
        <metrics statements="30" coveredstatements="21" conditionals="14" coveredconditionals="4" methods="12" coveredmethods="7"/>
        <line num="16" count="26" type="stmt"/>
        <line num="24" count="26" type="stmt"/>
        <line num="31" count="26" type="stmt"/>
        <line num="34" count="26" type="stmt"/>
        <line num="35" count="26" type="stmt"/>
        <line num="37" count="26" type="stmt"/>
        <line num="38" count="26" type="stmt"/>
        <line num="41" count="26" type="stmt"/>
        <line num="43" count="6" type="stmt"/>
        <line num="44" count="3" type="stmt"/>
        <line num="45" count="0" type="stmt"/>
        <line num="48" count="6" type="stmt"/>
        <line num="49" count="3" type="stmt"/>
        <line num="50" count="0" type="stmt"/>
        <line num="52" count="6" type="stmt"/>
        <line num="53" count="4" type="stmt"/>
        <line num="54" count="4" type="stmt"/>
        <line num="58" count="26" type="stmt"/>
        <line num="59" count="0" type="stmt"/>
        <line num="60" count="0" type="cond" truecount="0" falsecount="4"/>
        <line num="61" count="0" type="stmt"/>
        <line num="64" count="26" type="stmt"/>
        <line num="65" count="0" type="stmt"/>
        <line num="66" count="0" type="cond" truecount="0" falsecount="4"/>
        <line num="67" count="0" type="stmt"/>
        <line num="70" count="26" type="stmt"/>
        <line num="71" count="0" type="cond" truecount="0" falsecount="2"/>
        <line num="74" count="26" type="stmt"/>
        <line num="89" count="296" type="stmt"/>
        <line num="104" count="16" type="stmt"/>
      </file>
    </package>
    <package name="src.components.tables">
      <metrics statements="5" coveredstatements="5" conditionals="2" coveredconditionals="1" methods="4" coveredmethods="4"/>
      <file name="BabysTable.tsx" path="/home/dariel/Documents/projetos/llsim/programa-de-captura/src/components/tables/BabysTable.tsx">
        <metrics statements="5" coveredstatements="5" conditionals="2" coveredconditionals="1" methods="4" coveredmethods="4"/>
        <line num="11" count="30" type="stmt"/>
        <line num="13" count="2" type="cond" truecount="1" falsecount="1"/>
        <line num="18" count="30" type="stmt"/>
        <line num="29" count="1110" type="stmt"/>
        <line num="32" count="2" type="stmt"/>
      </file>
    </package>
    <package name="src.components.toasts">
      <metrics statements="4" coveredstatements="4" conditionals="0" coveredconditionals="0" methods="2" coveredmethods="2"/>
      <file name="Alert.tsx" path="/home/dariel/Documents/projetos/llsim/programa-de-captura/src/components/toasts/Alert.tsx">
        <metrics statements="4" coveredstatements="4" conditionals="0" coveredconditionals="0" methods="2" coveredmethods="2"/>
        <line num="5" count="11" type="stmt"/>
        <line num="9" count="32" type="stmt"/>
        <line num="11" count="32" type="stmt"/>
        <line num="14" count="12" type="stmt"/>
      </file>
    </package>
    <package name="src.contexts">
      <metrics statements="31" coveredstatements="22" conditionals="6" coveredconditionals="1" methods="20" coveredmethods="7"/>
      <file name="SystemContext.tsx" path="/home/dariel/Documents/projetos/llsim/programa-de-captura/src/contexts/SystemContext.tsx">
        <metrics statements="31" coveredstatements="22" conditionals="6" coveredconditionals="1" methods="20" coveredmethods="7"/>
        <line num="7" count="11" type="stmt"/>
        <line num="26" count="11" type="stmt"/>
        <line num="35" count="35" type="stmt"/>
        <line num="36" count="32" type="stmt"/>
        <line num="39" count="32" type="stmt"/>
        <line num="40" count="22" type="stmt"/>
        <line num="41" count="22" type="stmt"/>
        <line num="42" count="22" type="stmt"/>
        <line num="45" count="32" type="stmt"/>
        <line num="46" count="22" type="stmt"/>
        <line num="47" count="22" type="stmt"/>
        <line num="50" count="32" type="stmt"/>
        <line num="51" count="0" type="stmt"/>
        <line num="54" count="32" type="stmt"/>
        <line num="56" count="0" type="cond" truecount="0" falsecount="2"/>
        <line num="57" count="0" type="stmt"/>
        <line num="62" count="32" type="stmt"/>
        <line num="64" count="5" type="stmt"/>
        <line num="65" count="5" type="stmt"/>
        <line num="66" count="5" type="stmt"/>
        <line num="67" count="6" type="stmt"/>
        <line num="70" count="6" type="cond" truecount="1" falsecount="1"/>
        <line num="71" count="0" type="stmt"/>
        <line num="73" count="6" type="stmt"/>
        <line num="79" count="32" type="stmt"/>
        <line num="80" count="0" type="stmt"/>
        <line num="81" count="0" type="cond" truecount="0" falsecount="2"/>
        <line num="84" count="0" type="stmt"/>
        <line num="85" count="0" type="stmt"/>
        <line num="86" count="0" type="stmt"/>
        <line num="89" count="32" type="stmt"/>
      </file>
      <file name="index.ts" path="/home/dariel/Documents/projetos/llsim/programa-de-captura/src/contexts/index.ts">
        <metrics statements="0" coveredstatements="0" conditionals="0" coveredconditionals="0" methods="0" coveredmethods="0"/>
      </file>
    </package>
    <package name="src.hooks">
      <metrics statements="221" coveredstatements="133" conditionals="32" coveredconditionals="6" methods="60" coveredmethods="37"/>
      <file name="index.ts" path="/home/dariel/Documents/projetos/llsim/programa-de-captura/src/hooks/index.ts">
        <metrics statements="0" coveredstatements="0" conditionals="0" coveredconditionals="0" methods="0" coveredmethods="0"/>
      </file>
      <file name="usePatients.tsx" path="/home/dariel/Documents/projetos/llsim/programa-de-captura/src/hooks/usePatients.tsx">
        <metrics statements="63" coveredstatements="47" conditionals="8" coveredconditionals="1" methods="12" coveredmethods="12"/>
        <line num="8" count="11" type="stmt"/>
        <line num="13" count="220" type="stmt"/>
        <line num="16" count="220" type="stmt"/>
        <line num="17" count="220" type="stmt"/>
        <line num="18" count="220" type="stmt"/>
        <line num="19" count="220" type="stmt"/>
        <line num="20" count="220" type="stmt"/>
        <line num="23" count="220" type="stmt"/>
        <line num="25" count="24" type="stmt"/>
        <line num="26" count="24" type="stmt"/>
        <line num="28" count="24" type="stmt"/>
        <line num="29" count="24" type="stmt"/>
        <line num="30" count="36" type="stmt"/>
        <line num="31" count="24" type="stmt"/>
        <line num="32" count="14" type="stmt"/>
        <line num="33" count="14" type="stmt"/>
        <line num="35" count="10" type="cond" truecount="1" falsecount="1"/>
        <line num="36" count="0" type="stmt"/>
        <line num="37" count="0" type="stmt"/>
        <line num="38" count="0" type="stmt"/>
        <line num="39" count="0" type="stmt"/>
        <line num="41" count="41" type="stmt"/>
        <line num="48" count="220" type="stmt"/>
        <line num="50" count="1" type="stmt"/>
        <line num="51" count="1" type="stmt"/>
        <line num="53" count="1" type="stmt"/>
        <line num="54" count="1" type="stmt"/>
        <line num="55" count="1" type="stmt"/>
        <line num="56" count="1" type="stmt"/>
        <line num="57" count="1" type="stmt"/>
        <line num="59" count="0" type="cond" truecount="0" falsecount="2"/>
        <line num="60" count="0" type="stmt"/>
        <line num="61" count="0" type="stmt"/>
        <line num="62" count="0" type="stmt"/>
        <line num="64" count="1" type="stmt"/>
        <line num="71" count="220" type="stmt"/>
        <line num="73" count="1" type="stmt"/>
        <line num="74" count="1" type="stmt"/>
        <line num="76" count="1" type="stmt"/>
        <line num="77" count="1" type="stmt"/>
        <line num="78" count="1" type="stmt"/>
        <line num="79" count="1" type="stmt"/>
        <line num="80" count="1" type="stmt"/>
        <line num="82" count="0" type="cond" truecount="0" falsecount="2"/>
        <line num="83" count="0" type="stmt"/>
        <line num="84" count="0" type="stmt"/>
        <line num="85" count="0" type="stmt"/>
        <line num="87" count="1" type="stmt"/>
        <line num="94" count="220" type="stmt"/>
        <line num="96" count="1" type="stmt"/>
        <line num="97" count="1" type="stmt"/>
        <line num="99" count="1" type="stmt"/>
        <line num="100" count="1" type="stmt"/>
        <line num="101" count="1" type="stmt"/>
        <line num="102" count="1" type="stmt"/>
        <line num="103" count="1" type="stmt"/>
        <line num="105" count="0" type="cond" truecount="0" falsecount="2"/>
        <line num="106" count="0" type="stmt"/>
        <line num="107" count="0" type="stmt"/>
        <line num="108" count="0" type="stmt"/>
        <line num="110" count="1" type="stmt"/>
        <line num="117" count="220" type="stmt"/>
        <line num="119" count="220" type="stmt"/>
      </file>
      <file name="useProjects.tsx" path="/home/dariel/Documents/projetos/llsim/programa-de-captura/src/hooks/useProjects.tsx">
        <metrics statements="54" coveredstatements="21" conditionals="8" coveredconditionals="1" methods="18" coveredmethods="6"/>
        <line num="9" count="52" type="stmt"/>
        <line num="10" count="52" type="stmt"/>
        <line num="11" count="52" type="stmt"/>
        <line num="12" count="52" type="stmt"/>
        <line num="13" count="52" type="stmt"/>
        <line num="16" count="52" type="stmt"/>
        <line num="17" count="10" type="stmt"/>
        <line num="18" count="10" type="stmt"/>
        <line num="20" count="10" type="stmt"/>
        <line num="21" count="10" type="stmt"/>
        <line num="22" count="20" type="stmt"/>
        <line num="23" count="10" type="stmt"/>
        <line num="24" count="6" type="stmt"/>
        <line num="25" count="6" type="stmt"/>
        <line num="27" count="4" type="cond" truecount="1" falsecount="1"/>
        <line num="28" count="0" type="stmt"/>
        <line num="29" count="0" type="stmt"/>
        <line num="30" count="0" type="stmt"/>
        <line num="32" count="18" type="stmt"/>
        <line num="37" count="52" type="stmt"/>
        <line num="38" count="0" type="stmt"/>
        <line num="41" count="0" type="stmt"/>
        <line num="42" count="0" type="stmt"/>
        <line num="43" count="0" type="stmt"/>
        <line num="45" count="0" type="stmt"/>
        <line num="46" count="0" type="stmt"/>
        <line num="48" count="0" type="cond" truecount="0" falsecount="2"/>
        <line num="49" count="0" type="stmt"/>
        <line num="50" count="0" type="stmt"/>
        <line num="52" count="0" type="stmt"/>
        <line num="57" count="52" type="stmt"/>
        <line num="58" count="0" type="stmt"/>
        <line num="61" count="0" type="stmt"/>
        <line num="62" count="0" type="stmt"/>
        <line num="63" count="0" type="stmt"/>
        <line num="65" count="0" type="stmt"/>
        <line num="66" count="0" type="stmt"/>
        <line num="68" count="0" type="cond" truecount="0" falsecount="2"/>
        <line num="69" count="0" type="stmt"/>
        <line num="70" count="0" type="stmt"/>
        <line num="72" count="0" type="stmt"/>
        <line num="77" count="52" type="stmt"/>
        <line num="78" count="0" type="stmt"/>
        <line num="81" count="0" type="stmt"/>
        <line num="82" count="0" type="stmt"/>
        <line num="83" count="0" type="stmt"/>
        <line num="85" count="0" type="stmt"/>
        <line num="86" count="0" type="stmt"/>
        <line num="88" count="0" type="cond" truecount="0" falsecount="2"/>
        <line num="89" count="0" type="stmt"/>
        <line num="90" count="0" type="stmt"/>
        <line num="92" count="0" type="stmt"/>
        <line num="97" count="52" type="stmt"/>
        <line num="99" count="52" type="stmt"/>
      </file>
      <file name="useRecording.tsx" path="/home/dariel/Documents/projetos/llsim/programa-de-captura/src/hooks/useRecording.tsx">
        <metrics statements="79" coveredstatements="49" conditionals="12" coveredconditionals="2" methods="24" coveredmethods="16"/>
        <line num="7" count="11" type="stmt"/>
        <line num="12" count="72" type="stmt"/>
        <line num="13" count="72" type="stmt"/>
        <line num="14" count="72" type="stmt"/>
        <line num="15" count="72" type="stmt"/>
        <line num="16" count="72" type="stmt"/>
        <line num="17" count="72" type="stmt"/>
        <line num="18" count="72" type="stmt"/>
        <line num="21" count="72" type="stmt"/>
        <line num="23" count="11" type="stmt"/>
        <line num="24" count="11" type="stmt"/>
        <line num="26" count="11" type="stmt"/>
        <line num="27" count="11" type="stmt"/>
        <line num="28" count="16" type="stmt"/>
        <line num="29" count="11" type="stmt"/>
        <line num="30" count="6" type="stmt"/>
        <line num="31" count="6" type="stmt"/>
        <line num="33" count="5" type="cond" truecount="1" falsecount="1"/>
        <line num="34" count="0" type="stmt"/>
        <line num="35" count="0" type="stmt"/>
        <line num="36" count="0" type="stmt"/>
        <line num="38" count="17" type="stmt"/>
        <line num="43" count="72" type="stmt"/>
        <line num="45" count="2" type="stmt"/>
        <line num="48" count="2" type="stmt"/>
        <line num="49" count="2" type="stmt"/>
        <line num="50" count="3" type="stmt"/>
        <line num="52" count="2" type="stmt"/>
        <line num="53" count="2" type="cond" truecount="1" falsecount="1"/>
        <line num="55" count="2" type="stmt"/>
        <line num="56" count="2" type="stmt"/>
        <line num="58" count="0" type="cond" truecount="0" falsecount="2"/>
        <line num="59" count="0" type="stmt"/>
        <line num="60" count="0" type="stmt"/>
        <line num="61" count="0" type="stmt"/>
        <line num="63" count="8" type="stmt"/>
        <line num="68" count="72" type="stmt"/>
        <line num="69" count="0" type="stmt"/>
        <line num="72" count="0" type="stmt"/>
        <line num="73" count="0" type="stmt"/>
        <line num="74" count="0" type="stmt"/>
        <line num="76" count="0" type="stmt"/>
        <line num="77" count="0" type="stmt"/>
        <line num="79" count="0" type="cond" truecount="0" falsecount="2"/>
        <line num="80" count="0" type="stmt"/>
        <line num="81" count="0" type="stmt"/>
        <line num="83" count="0" type="stmt"/>
        <line num="88" count="72" type="stmt"/>
        <line num="89" count="1" type="stmt"/>
        <line num="90" count="1" type="stmt"/>
        <line num="92" count="1" type="stmt"/>
        <line num="94" count="1" type="stmt"/>
        <line num="97" count="1" type="stmt"/>
        <line num="98" count="1" type="stmt"/>
        <line num="99" count="1" type="stmt"/>
        <line num="100" count="1" type="stmt"/>
        <line num="101" count="1" type="stmt"/>
        <line num="102" count="1" type="stmt"/>
        <line num="103" count="1" type="stmt"/>
        <line num="104" count="1" type="stmt"/>
        <line num="108" count="1" type="stmt"/>
        <line num="109" count="1" type="stmt"/>
        <line num="111" count="0" type="cond" truecount="0" falsecount="2"/>
        <line num="112" count="0" type="stmt"/>
        <line num="113" count="0" type="stmt"/>
        <line num="115" count="1" type="stmt"/>
        <line num="120" count="72" type="stmt"/>
        <line num="121" count="0" type="stmt"/>
        <line num="124" count="0" type="stmt"/>
        <line num="125" count="0" type="stmt"/>
        <line num="126" count="0" type="stmt"/>
        <line num="128" count="0" type="stmt"/>
        <line num="129" count="0" type="stmt"/>
        <line num="131" count="0" type="cond" truecount="0" falsecount="2"/>
        <line num="132" count="0" type="stmt"/>
        <line num="133" count="0" type="stmt"/>
        <line num="135" count="0" type="stmt"/>
        <line num="140" count="72" type="stmt"/>
        <line num="142" count="72" type="stmt"/>
      </file>
      <file name="useVideoDevice.tsx" path="/home/dariel/Documents/projetos/llsim/programa-de-captura/src/hooks/useVideoDevice.tsx">
        <metrics statements="25" coveredstatements="16" conditionals="4" coveredconditionals="2" methods="6" coveredmethods="3"/>
        <line num="6" count="28" type="stmt"/>
        <line num="9" count="28" type="stmt"/>
        <line num="12" count="28" type="stmt"/>
        <line num="13" count="1" type="stmt"/>
        <line num="14" count="1" type="stmt"/>
        <line num="24" count="1" type="stmt"/>
        <line num="25" count="1" type="stmt"/>
        <line num="28" count="1" type="stmt"/>
        <line num="29" count="1" type="stmt"/>
        <line num="30" count="7" type="cond" truecount="2" falsecount="0"/>
        <line num="33" count="1" type="stmt"/>
        <line num="34" count="0" type="stmt"/>
        <line num="36" count="0" type="stmt"/>
        <line num="38" count="1" type="stmt"/>
        <line num="39" count="1" type="stmt"/>
        <line num="40" count="1" type="stmt"/>
        <line num="42" count="0" type="stmt"/>
        <line num="43" count="0" type="cond" truecount="0" falsecount="2"/>
        <line num="45" count="0" type="stmt"/>
        <line num="46" count="0" type="stmt"/>
        <line num="48" count="0" type="stmt"/>
        <line num="49" count="0" type="stmt"/>
        <line num="51" count="0" type="stmt"/>
        <line num="53" count="1" type="stmt"/>
        <line num="57" count="28" type="stmt"/>
      </file>
    </package>
    <package name="src.layouts">
      <metrics statements="0" coveredstatements="0" conditionals="0" coveredconditionals="0" methods="0" coveredmethods="0"/>
      <file name="index.ts" path="/home/dariel/Documents/projetos/llsim/programa-de-captura/src/layouts/index.ts">
        <metrics statements="0" coveredstatements="0" conditionals="0" coveredconditionals="0" methods="0" coveredmethods="0"/>
      </file>
    </package>
    <package name="src.layouts.default">
      <metrics statements="1" coveredstatements="1" conditionals="0" coveredconditionals="0" methods="1" coveredmethods="1"/>
      <file name="DefaultLayout.tsx" path="/home/dariel/Documents/projetos/llsim/programa-de-captura/src/layouts/default/DefaultLayout.tsx">
        <metrics statements="1" coveredstatements="1" conditionals="0" coveredconditionals="0" methods="1" coveredmethods="1"/>
        <line num="10" count="4" type="stmt"/>
      </file>
    </package>
    <package name="src.layouts.gridList">
      <metrics statements="7" coveredstatements="7" conditionals="2" coveredconditionals="2" methods="6" coveredmethods="6"/>
      <file name="LayoutGridListBody.tsx" path="/home/dariel/Documents/projetos/llsim/programa-de-captura/src/layouts/gridList/LayoutGridListBody.tsx">
        <metrics statements="2" coveredstatements="2" conditionals="2" coveredconditionals="2" methods="2" coveredmethods="2"/>
        <line num="11" count="27" type="stmt"/>
        <line num="18" count="96" type="stmt"/>
      </file>
      <file name="LayoutGridListButton.tsx" path="/home/dariel/Documents/projetos/llsim/programa-de-captura/src/layouts/gridList/LayoutGridListButton.tsx">
        <metrics statements="1" coveredstatements="1" conditionals="0" coveredconditionals="0" methods="1" coveredmethods="1"/>
        <line num="7" count="26" type="stmt"/>
      </file>
      <file name="LayoutGridListFilters.tsx" path="/home/dariel/Documents/projetos/llsim/programa-de-captura/src/layouts/gridList/LayoutGridListFilters.tsx">
        <metrics statements="1" coveredstatements="1" conditionals="0" coveredconditionals="0" methods="1" coveredmethods="1"/>
        <line num="9" count="26" type="stmt"/>
      </file>
      <file name="LayoutGridListHeader.tsx" path="/home/dariel/Documents/projetos/llsim/programa-de-captura/src/layouts/gridList/LayoutGridListHeader.tsx">
        <metrics statements="1" coveredstatements="1" conditionals="0" coveredconditionals="0" methods="1" coveredmethods="1"/>
        <line num="9" count="26" type="stmt"/>
      </file>
      <file name="LayoutGridListRoot.tsx" path="/home/dariel/Documents/projetos/llsim/programa-de-captura/src/layouts/gridList/LayoutGridListRoot.tsx">
        <metrics statements="1" coveredstatements="1" conditionals="0" coveredconditionals="0" methods="1" coveredmethods="1"/>
        <line num="10" count="27" type="stmt"/>
      </file>
      <file name="index.ts" path="/home/dariel/Documents/projetos/llsim/programa-de-captura/src/layouts/gridList/index.ts">
        <metrics statements="1" coveredstatements="1" conditionals="0" coveredconditionals="0" methods="0" coveredmethods="0"/>
        <line num="7" count="11" type="stmt"/>
      </file>
    </package>
    <package name="src.layouts.logged">
      <metrics statements="6" coveredstatements="5" conditionals="2" coveredconditionals="1" methods="2" coveredmethods="2"/>
      <file name="LoggedLayout.tsx" path="/home/dariel/Documents/projetos/llsim/programa-de-captura/src/layouts/logged/LoggedLayout.tsx">
        <metrics statements="6" coveredstatements="5" conditionals="2" coveredconditionals="1" methods="2" coveredmethods="2"/>
        <line num="16" count="33" type="stmt"/>
        <line num="19" count="30" type="stmt"/>
        <line num="20" count="1" type="stmt"/>
        <line num="21" count="1" type="stmt"/>
        <line num="23" count="0" type="stmt"/>
        <line num="27" count="30" type="stmt"/>
      </file>
    </package>
    <package name="src.layouts.playing">
      <metrics statements="9" coveredstatements="9" conditionals="9" coveredconditionals="8" methods="8" coveredmethods="8"/>
      <file name="LayoutPlayingList.tsx" path="/home/dariel/Documents/projetos/llsim/programa-de-captura/src/layouts/playing/LayoutPlayingList.tsx">
        <metrics statements="1" coveredstatements="1" conditionals="0" coveredconditionals="0" methods="1" coveredmethods="1"/>
        <line num="10" count="17" type="stmt"/>
      </file>
      <file name="LayoutPlayingListBody.tsx" path="/home/dariel/Documents/projetos/llsim/programa-de-captura/src/layouts/playing/LayoutPlayingListBody.tsx">
        <metrics statements="2" coveredstatements="2" conditionals="2" coveredconditionals="2" methods="2" coveredmethods="2"/>
        <line num="11" count="17" type="stmt"/>
        <line num="16" count="32" type="stmt"/>
      </file>
      <file name="LayoutPlayingPlayer.tsx" path="/home/dariel/Documents/projetos/llsim/programa-de-captura/src/layouts/playing/LayoutPlayingPlayer.tsx">
        <metrics statements="1" coveredstatements="1" conditionals="5" coveredconditionals="4" methods="1" coveredmethods="1"/>
        <line num="21" count="16" type="stmt"/>
      </file>
      <file name="LayoutPlayingPlayerContainer.tsx" path="/home/dariel/Documents/projetos/llsim/programa-de-captura/src/layouts/playing/LayoutPlayingPlayerContainer.tsx">
        <metrics statements="1" coveredstatements="1" conditionals="0" coveredconditionals="0" methods="1" coveredmethods="1"/>
        <line num="10" count="16" type="stmt"/>
      </file>
      <file name="LayoutPlayingPlaylist.tsx" path="/home/dariel/Documents/projetos/llsim/programa-de-captura/src/layouts/playing/LayoutPlayingPlaylist.tsx">
        <metrics statements="1" coveredstatements="1" conditionals="2" coveredconditionals="2" methods="1" coveredmethods="1"/>
        <line num="13" count="10" type="stmt"/>
      </file>
      <file name="LayoutPlayingRoot.tsx" path="/home/dariel/Documents/projetos/llsim/programa-de-captura/src/layouts/playing/LayoutPlayingRoot.tsx">
        <metrics statements="1" coveredstatements="1" conditionals="0" coveredconditionals="0" methods="1" coveredmethods="1"/>
        <line num="9" count="17" type="stmt"/>
      </file>
      <file name="LayoutPlayingSearch.tsx" path="/home/dariel/Documents/projetos/llsim/programa-de-captura/src/layouts/playing/LayoutPlayingSearch.tsx">
        <metrics statements="1" coveredstatements="1" conditionals="0" coveredconditionals="0" methods="1" coveredmethods="1"/>
        <line num="8" count="16" type="stmt"/>
      </file>
      <file name="index.ts" path="/home/dariel/Documents/projetos/llsim/programa-de-captura/src/layouts/playing/index.ts">
        <metrics statements="1" coveredstatements="1" conditionals="0" coveredconditionals="0" methods="0" coveredmethods="0"/>
        <line num="9" count="11" type="stmt"/>
      </file>
    </package>
    <package name="src.layouts.recording">
      <metrics statements="103" coveredstatements="89" conditionals="54" coveredconditionals="39" methods="38" coveredmethods="29"/>
      <file name="LayoutReacording.tsx" path="/home/dariel/Documents/projetos/llsim/programa-de-captura/src/layouts/recording/LayoutReacording.tsx">
        <metrics statements="1" coveredstatements="1" conditionals="0" coveredconditionals="0" methods="0" coveredmethods="0"/>
        <line num="6" count="11" type="stmt"/>
      </file>
      <file name="LayoutRecordingBody.tsx" path="/home/dariel/Documents/projetos/llsim/programa-de-captura/src/layouts/recording/LayoutRecordingBody.tsx">
        <metrics statements="89" coveredstatements="76" conditionals="46" coveredconditionals="33" methods="34" coveredmethods="25"/>
        <line num="11" count="11" type="stmt"/>
        <line num="30" count="30" type="stmt"/>
        <line num="33" count="30" type="stmt"/>
        <line num="36" count="30" type="stmt"/>
        <line num="37" count="30" type="stmt"/>
        <line num="39" count="30" type="stmt"/>
        <line num="40" count="30" type="stmt"/>
        <line num="42" count="30" type="stmt"/>
        <line num="43" count="30" type="stmt"/>
        <line num="46" count="30" type="cond" truecount="2" falsecount="0"/>
        <line num="49" count="30" type="stmt"/>
        <line num="50" count="3" type="cond" truecount="2" falsecount="0"/>
        <line num="51" count="3" type="cond" truecount="1" falsecount="1"/>
        <line num="52" count="3" type="stmt"/>
        <line num="53" count="3" type="stmt"/>
        <line num="56" count="30" type="stmt"/>
        <line num="57" count="1" type="stmt"/>
        <line num="58" count="1" type="stmt"/>
        <line num="61" count="30" type="stmt"/>
        <line num="63" count="0" type="stmt"/>
        <line num="64" count="0" type="stmt"/>
        <line num="69" count="30" type="stmt"/>
        <line num="71" count="1" type="stmt"/>
        <line num="72" count="1" type="cond" truecount="1" falsecount="1"/>
        <line num="75" count="1" type="stmt"/>
        <line num="78" count="1" type="stmt"/>
        <line num="79" count="1" type="stmt"/>
        <line num="84" count="1" type="stmt"/>
        <line num="85" count="2" type="cond" truecount="1" falsecount="1"/>
        <line num="86" count="0" type="stmt"/>
        <line num="87" count="0" type="cond" truecount="0" falsecount="2"/>
        <line num="89" count="2" type="stmt"/>
        <line num="95" count="30" type="stmt"/>
        <line num="96" count="1" type="cond" truecount="1" falsecount="1"/>
        <line num="98" count="1" type="stmt"/>
        <line num="100" count="1" type="stmt"/>
        <line num="101" count="1" type="stmt"/>
        <line num="102" count="1" type="stmt"/>
        <line num="103" count="1" type="stmt"/>
        <line num="106" count="1" type="stmt"/>
        <line num="108" count="1" type="stmt"/>
        <line num="109" count="1" type="cond" truecount="1" falsecount="1"/>
        <line num="110" count="1" type="stmt"/>
        <line num="113" count="1" type="cond" truecount="1" falsecount="1"/>
        <line num="116" count="1" type="stmt"/>
        <line num="118" count="1" type="stmt"/>
        <line num="122" count="1" type="stmt"/>
        <line num="123" count="1" type="stmt"/>
        <line num="125" count="0" type="stmt"/>
        <line num="126" count="0" type="stmt"/>
        <line num="130" count="30" type="stmt"/>
        <line num="131" count="1" type="stmt"/>
        <line num="133" count="1" type="cond" truecount="1" falsecount="1"/>
        <line num="134" count="0" type="stmt"/>
        <line num="136" count="1" type="stmt"/>
        <line num="139" count="1" type="stmt"/>
        <line num="141" count="0" type="stmt"/>
        <line num="142" count="0" type="stmt"/>
        <line num="146" count="30" type="stmt"/>
        <line num="147" count="0" type="stmt"/>
        <line num="150" count="30" type="stmt"/>
        <line num="152" count="1" type="cond" truecount="1" falsecount="1"/>
        <line num="153" count="1" type="cond" truecount="1" falsecount="1"/>
        <line num="154" count="1" type="stmt"/>
        <line num="159" count="30" type="stmt"/>
        <line num="160" count="2" type="stmt"/>
        <line num="161" count="2" type="cond" truecount="1" falsecount="1"/>
        <line num="163" count="2" type="cond" truecount="2" falsecount="0"/>
        <line num="165" count="1" type="stmt"/>
        <line num="166" count="1" type="cond" truecount="1" falsecount="1"/>
        <line num="168" count="1" type="stmt"/>
        <line num="176" count="1" type="stmt"/>
        <line num="184" count="2" type="stmt"/>
        <line num="185" count="1" type="stmt"/>
        <line num="187" count="0" type="stmt"/>
        <line num="188" count="0" type="stmt"/>
        <line num="192" count="30" type="stmt"/>
        <line num="199" count="10" type="stmt"/>
        <line num="221" count="18" type="stmt"/>
        <line num="222" count="18" type="stmt"/>
        <line num="223" count="18" type="stmt"/>
        <line num="224" count="8" type="stmt"/>
        <line num="226" count="18" type="stmt"/>
        <line num="232" count="0" type="stmt"/>
        <line num="248" count="17" type="cond" truecount="2" falsecount="0"/>
        <line num="250" count="9" type="cond" truecount="2" falsecount="0"/>
        <line num="251" count="4" type="stmt"/>
        <line num="252" count="4" type="stmt"/>
        <line num="254" count="5" type="stmt"/>
      </file>
      <file name="LayoutRecordingButtonCams.tsx" path="/home/dariel/Documents/projetos/llsim/programa-de-captura/src/layouts/recording/LayoutRecordingButtonCams.tsx">
        <metrics statements="11" coveredstatements="10" conditionals="8" coveredconditionals="6" methods="2" coveredmethods="2"/>
        <line num="16" count="28" type="stmt"/>
        <line num="19" count="28" type="stmt"/>
        <line num="22" count="28" type="stmt"/>
        <line num="23" count="1" type="cond" truecount="3" falsecount="1"/>
        <line num="24" count="1" type="stmt"/>
        <line num="25" count="1" type="stmt"/>
        <line num="26" count="1" type="stmt"/>
        <line num="27" count="1" type="cond" truecount="1" falsecount="1"/>
        <line num="29" count="0" type="stmt"/>
        <line num="31" count="1" type="stmt"/>
        <line num="35" count="28" type="stmt"/>
      </file>
      <file name="LayoutRecordingHeader.tsx" path="/home/dariel/Documents/projetos/llsim/programa-de-captura/src/layouts/recording/LayoutRecordingHeader.tsx">
        <metrics statements="1" coveredstatements="1" conditionals="0" coveredconditionals="0" methods="1" coveredmethods="1"/>
        <line num="9" count="26" type="stmt"/>
      </file>
      <file name="LayoutRecordingRoot.tsx" path="/home/dariel/Documents/projetos/llsim/programa-de-captura/src/layouts/recording/LayoutRecordingRoot.tsx">
        <metrics statements="1" coveredstatements="1" conditionals="0" coveredconditionals="0" methods="1" coveredmethods="1"/>
        <line num="9" count="26" type="stmt"/>
      </file>
    </package>
    <package name="src.layouts.table">
      <metrics statements="7" coveredstatements="7" conditionals="2" coveredconditionals="2" methods="6" coveredmethods="6"/>
      <file name="LayoutTableBody.tsx" path="/home/dariel/Documents/projetos/llsim/programa-de-captura/src/layouts/table/LayoutTableBody.tsx">
        <metrics statements="2" coveredstatements="2" conditionals="2" coveredconditionals="2" methods="2" coveredmethods="2"/>
        <line num="11" count="54" type="stmt"/>
        <line num="38" count="72" type="stmt"/>
      </file>
      <file name="LayoutTableButton.tsx" path="/home/dariel/Documents/projetos/llsim/programa-de-captura/src/layouts/table/LayoutTableButton.tsx">
        <metrics statements="1" coveredstatements="1" conditionals="0" coveredconditionals="0" methods="1" coveredmethods="1"/>
        <line num="6" count="54" type="stmt"/>
      </file>
      <file name="LayoutTableHeader.tsx" path="/home/dariel/Documents/projetos/llsim/programa-de-captura/src/layouts/table/LayoutTableHeader.tsx">
        <metrics statements="1" coveredstatements="1" conditionals="0" coveredconditionals="0" methods="1" coveredmethods="1"/>
        <line num="9" count="54" type="stmt"/>
      </file>
      <file name="LayoutTableRoot.tsx" path="/home/dariel/Documents/projetos/llsim/programa-de-captura/src/layouts/table/LayoutTableRoot.tsx">
        <metrics statements="1" coveredstatements="1" conditionals="0" coveredconditionals="0" methods="1" coveredmethods="1"/>
        <line num="10" count="54" type="stmt"/>
      </file>
      <file name="LayoutTableSearch.tsx" path="/home/dariel/Documents/projetos/llsim/programa-de-captura/src/layouts/table/LayoutTableSearch.tsx">
        <metrics statements="1" coveredstatements="1" conditionals="0" coveredconditionals="0" methods="1" coveredmethods="1"/>
        <line num="7" count="54" type="stmt"/>
      </file>
      <file name="index.ts" path="/home/dariel/Documents/projetos/llsim/programa-de-captura/src/layouts/table/index.ts">
        <metrics statements="1" coveredstatements="1" conditionals="0" coveredconditionals="0" methods="0" coveredmethods="0"/>
        <line num="7" count="11" type="stmt"/>
      </file>
    </package>
    <package name="src.services">
      <metrics statements="37" coveredstatements="34" conditionals="14" coveredconditionals="13" methods="21" coveredmethods="18"/>
      <file name="api.ts" path="/home/dariel/Documents/projetos/llsim/programa-de-captura/src/services/api.ts">
        <metrics statements="30" coveredstatements="28" conditionals="12" coveredconditionals="12" methods="19" coveredmethods="17"/>
        <line num="19" count="11" type="stmt"/>
        <line num="21" count="14616" type="cond" truecount="3" falsecount="0"/>
        <line num="26" count="4507" type="cond" truecount="5" falsecount="0"/>
        <line num="28" count="2942" type="stmt"/>
        <line num="29" count="14616" type="stmt"/>
        <line num="30" count="14616" type="cond" truecount="2" falsecount="0"/>
        <line num="31" count="10270" type="cond" truecount="2" falsecount="0"/>
        <line num="35" count="11" type="stmt"/>
        <line num="41" count="11" type="stmt"/>
        <line num="44" count="52" type="stmt"/>
        <line num="48" count="0" type="stmt"/>
        <line num="53" count="11" type="stmt"/>
        <line num="55" count="33" type="stmt"/>
        <line num="58" count="33" type="stmt"/>
        <line num="63" count="19" type="stmt"/>
        <line num="67" count="11" type="stmt"/>
        <line num="70" count="1" type="stmt"/>
        <line num="74" count="1" type="stmt"/>
        <line num="75" count="1" type="stmt"/>
        <line num="76" count="1" type="stmt"/>
        <line num="77" count="1" type="stmt"/>
        <line num="84" count="1" type="stmt"/>
        <line num="86" count="1" type="stmt"/>
        <line num="88" count="1" type="stmt"/>
        <line num="90" count="24" type="stmt"/>
        <line num="92" count="0" type="stmt"/>
        <line num="96" count="10" type="stmt"/>
        <line num="100" count="2" type="stmt"/>
        <line num="102" count="11" type="stmt"/>
        <line num="104" count="1" type="stmt"/>
      </file>
      <file name="localstorage.ts" path="/home/dariel/Documents/projetos/llsim/programa-de-captura/src/services/localstorage.ts">
        <metrics statements="7" coveredstatements="6" conditionals="2" coveredconditionals="1" methods="2" coveredmethods="1"/>
        <line num="4" count="11" type="stmt"/>
        <line num="6" count="11" type="stmt"/>
        <line num="9" count="0" type="stmt"/>
        <line num="12" count="57" type="stmt"/>
        <line num="13" count="57" type="stmt"/>
        <line num="15" count="57" type="cond" truecount="1" falsecount="1"/>
        <line num="16" count="57" type="stmt"/>
      </file>
    </package>
    <package name="src.views">
      <metrics statements="148" coveredstatements="122" conditionals="67" coveredconditionals="60" methods="61" coveredmethods="47"/>
      <file name="CreateRecord.tsx" path="/home/dariel/Documents/projetos/llsim/programa-de-captura/src/views/CreateRecord.tsx">
        <metrics statements="54" coveredstatements="44" conditionals="21" coveredconditionals="16" methods="22" coveredmethods="17"/>
        <line num="13" count="26" type="stmt"/>
        <line num="16" count="26" type="stmt"/>
        <line num="17" count="26" type="stmt"/>
        <line num="20" count="26" type="stmt"/>
        <line num="21" count="26" type="stmt"/>
        <line num="23" count="26" type="stmt"/>
        <line num="24" count="26" type="stmt"/>
        <line num="26" count="26" type="stmt"/>
        <line num="27" count="26" type="stmt"/>
        <line num="29" count="26" type="stmt"/>
        <line num="32" count="26" type="stmt"/>
        <line num="33" count="3" type="cond" truecount="1" falsecount="1"/>
        <line num="34" count="0" type="stmt"/>
        <line num="35" count="0" type="stmt"/>
        <line num="36" count="0" type="stmt"/>
        <line num="37" count="0" type="stmt"/>
        <line num="42" count="26" type="stmt"/>
        <line num="43" count="4" type="stmt"/>
        <line num="44" count="3" type="stmt"/>
        <line num="45" count="0" type="stmt"/>
        <line num="47" count="4" type="stmt"/>
        <line num="48" count="3" type="stmt"/>
        <line num="49" count="0" type="stmt"/>
        <line num="51" count="4" type="stmt"/>
        <line num="52" count="3" type="stmt"/>
        <line num="53" count="3" type="stmt"/>
        <line num="54" count="3" type="stmt"/>
        <line num="58" count="26" type="stmt"/>
        <line num="59" count="1" type="cond" truecount="3" falsecount="1"/>
        <line num="60" count="0" type="stmt"/>
        <line num="61" count="0" type="stmt"/>
        <line num="64" count="26" type="stmt"/>
        <line num="65" count="1" type="stmt"/>
        <line num="66" count="1" type="stmt"/>
        <line num="69" count="26" type="stmt"/>
        <line num="70" count="0" type="stmt"/>
        <line num="71" count="0" type="stmt"/>
        <line num="74" count="26" type="stmt"/>
        <line num="76" count="1" type="stmt"/>
        <line num="77" count="1" type="stmt"/>
        <line num="78" count="1" type="cond" truecount="1" falsecount="1"/>
        <line num="82" count="26" type="stmt"/>
        <line num="84" count="1" type="stmt"/>
        <line num="85" count="1" type="stmt"/>
        <line num="86" count="1" type="cond" truecount="1" falsecount="1"/>
        <line num="87" count="1" type="stmt"/>
        <line num="88" count="1" type="stmt"/>
        <line num="93" count="26" type="stmt"/>
        <line num="111" count="1" type="stmt"/>
        <line num="115" count="814" type="stmt"/>
        <line num="136" count="1" type="stmt"/>
        <line num="140" count="44" type="stmt"/>
        <line num="168" count="1" type="stmt"/>
        <line num="169" count="1" type="stmt"/>
      </file>
      <file name="Login.tsx" path="/home/dariel/Documents/projetos/llsim/programa-de-captura/src/views/Login.tsx">
        <metrics statements="11" coveredstatements="10" conditionals="0" coveredconditionals="0" methods="2" coveredmethods="2"/>
        <line num="9" count="11" type="stmt"/>
        <line num="13" count="6" type="stmt"/>
        <line num="16" count="6" type="stmt"/>
        <line num="19" count="6" type="stmt"/>
        <line num="21" count="1" type="stmt"/>
        <line num="22" count="1" type="stmt"/>
        <line num="23" count="1" type="stmt"/>
        <line num="24" count="1" type="stmt"/>
        <line num="26" count="0" type="stmt"/>
        <line num="28" count="1" type="stmt"/>
        <line num="34" count="6" type="stmt"/>
      </file>
      <file name="Patients.tsx" path="/home/dariel/Documents/projetos/llsim/programa-de-captura/src/views/Patients.tsx">
        <metrics statements="29" coveredstatements="23" conditionals="17" coveredconditionals="16" methods="13" coveredmethods="9"/>
        <line num="10" count="55" type="stmt"/>
        <line num="13" count="54" type="stmt"/>
        <line num="16" count="54" type="stmt"/>
        <line num="17" count="54" type="stmt"/>
        <line num="18" count="54" type="stmt"/>
        <line num="20" count="54" type="stmt"/>
        <line num="22" count="54" type="stmt"/>
        <line num="25" count="54" type="stmt"/>
        <line num="27" count="14" type="stmt"/>
        <line num="28" count="14" type="stmt"/>
        <line num="30" count="8" type="cond" truecount="1" falsecount="1"/>
        <line num="31" count="0" type="stmt"/>
        <line num="33" count="8" type="stmt"/>
        <line num="35" count="0" type="stmt"/>
        <line num="36" count="0" type="stmt"/>
        <line num="42" count="54" type="stmt"/>
        <line num="43" count="12" type="stmt"/>
        <line num="45" count="12" type="stmt"/>
        <line num="48" count="54" type="stmt"/>
        <line num="49" count="54" type="stmt"/>
        <line num="51" count="54" type="stmt"/>
        <line num="52" count="2" type="stmt"/>
        <line num="53" count="2" type="stmt"/>
        <line num="54" count="2" type="stmt"/>
        <line num="57" count="54" type="stmt"/>
        <line num="61" count="0" type="stmt"/>
        <line num="70" count="0" type="stmt"/>
        <line num="71" count="0" type="stmt"/>
        <line num="106" count="1" type="stmt"/>
      </file>
      <file name="PlayingRecord.tsx" path="/home/dariel/Documents/projetos/llsim/programa-de-captura/src/views/PlayingRecord.tsx">
        <metrics statements="31" coveredstatements="27" conditionals="20" coveredconditionals="19" methods="12" coveredmethods="10"/>
        <line num="13" count="17" type="stmt"/>
        <line num="17" count="16" type="stmt"/>
        <line num="18" count="16" type="stmt"/>
        <line num="21" count="16" type="stmt"/>
        <line num="22" count="16" type="stmt"/>
        <line num="23" count="16" type="stmt"/>
        <line num="24" count="16" type="stmt"/>
        <line num="26" count="16" type="stmt"/>
        <line num="28" count="16" type="stmt"/>
        <line num="30" count="16" type="stmt"/>
        <line num="33" count="16" type="stmt"/>
        <line num="35" count="3" type="stmt"/>
        <line num="36" count="3" type="stmt"/>
        <line num="38" count="6" type="stmt"/>
        <line num="39" count="2" type="stmt"/>
        <line num="41" count="0" type="stmt"/>
        <line num="42" count="0" type="stmt"/>
        <line num="48" count="16" type="stmt"/>
        <line num="49" count="2" type="cond" truecount="3" falsecount="1"/>
        <line num="52" count="2" type="stmt"/>
        <line num="54" count="2" type="stmt"/>
        <line num="55" count="2" type="stmt"/>
        <line num="56" count="2" type="stmt"/>
        <line num="57" count="2" type="stmt"/>
        <line num="59" count="0" type="stmt"/>
        <line num="61" count="4" type="stmt"/>
        <line num="62" count="2" type="stmt"/>
        <line num="65" count="16" type="stmt"/>
        <line num="77" count="0" type="stmt"/>
        <line num="94" count="20" type="stmt"/>
        <line num="111" count="600" type="stmt"/>
      </file>
      <file name="Recordings.tsx" path="/home/dariel/Documents/projetos/llsim/programa-de-captura/src/views/Recordings.tsx">
        <metrics statements="23" coveredstatements="18" conditionals="9" coveredconditionals="9" methods="12" coveredmethods="9"/>
        <line num="14" count="27" type="stmt"/>
        <line num="17" count="26" type="stmt"/>
        <line num="18" count="26" type="stmt"/>
        <line num="21" count="26" type="stmt"/>
        <line num="22" count="26" type="stmt"/>
        <line num="24" count="26" type="stmt"/>
        <line num="27" count="26" type="stmt"/>
        <line num="29" count="8" type="stmt"/>
        <line num="30" count="8" type="stmt"/>
        <line num="32" count="6" type="stmt"/>
        <line num="33" count="4" type="stmt"/>
        <line num="35" count="0" type="stmt"/>
        <line num="36" count="0" type="stmt"/>
        <line num="42" count="26" type="stmt"/>
        <line num="43" count="6" type="stmt"/>
        <line num="45" count="6" type="stmt"/>
        <line num="48" count="26" type="stmt"/>
        <line num="50" count="0" type="stmt"/>
        <line num="53" count="26" type="stmt"/>
        <line num="55" count="26" type="stmt"/>
        <line num="69" count="0" type="stmt"/>
        <line num="86" count="500" type="stmt"/>
        <line num="95" count="0" type="stmt"/>
      </file>
      <file name="index.ts" path="/home/dariel/Documents/projetos/llsim/programa-de-captura/src/views/index.ts">
        <metrics statements="0" coveredstatements="0" conditionals="0" coveredconditionals="0" methods="0" coveredmethods="0"/>
      </file>
    </package>
  </project>
</coverage>
