{"/home/dariel/Documents/projetos/llsim/programa-de-captura/src/index.tsx": {"path":"/home/dariel/Documents/projetos/llsim/programa-de-captura/src/index.tsx","statementMap":{"0":{"start":{"line":10,"column":13},"end":{"line":10,"column":80}},"1":{"start":{"line":11,"column":0},"end":{"line":20,"column":2}},"2":{"start":{"line":25,"column":0},"end":{"line":25,"column":18}}},"fnMap":{},"branchMap":{},"s":{"0":11,"1":11,"2":11},"f":{},"b":{},"_coverageSchema":"1a1c01bbd47fc00a2c39e90264f33305004495a9","hash":"0bbc5ed1bc3839db8707dbb68caa38a899fbad82"}
,"/home/dariel/Documents/projetos/llsim/programa-de-captura/src/reportWebVitals.ts": {"path":"/home/dariel/Documents/projetos/llsim/programa-de-captura/src/reportWebVitals.ts","statementMap":{"0":{"start":{"line":3,"column":24},"end":{"line":13,"column":1}},"1":{"start":{"line":4,"column":2},"end":{"line":12,"column":3}},"2":{"start":{"line":5,"column":4},"end":{"line":11,"column":7}},"3":{"start":{"line":6,"column":6},"end":{"line":6,"column":26}},"4":{"start":{"line":7,"column":6},"end":{"line":7,"column":26}},"5":{"start":{"line":8,"column":6},"end":{"line":8,"column":26}},"6":{"start":{"line":9,"column":6},"end":{"line":9,"column":26}},"7":{"start":{"line":10,"column":6},"end":{"line":10,"column":27}}},"fnMap":{"0":{"name":"(anonymous_0)","decl":{"start":{"line":3,"column":24},"end":{"line":3,"column":25}},"loc":{"start":{"line":3,"column":57},"end":{"line":13,"column":1}},"line":3},"1":{"name":"(anonymous_1)","decl":{"start":{"line":5,"column":30},"end":{"line":5,"column":31}},"loc":{"start":{"line":5,"column":79},"end":{"line":11,"column":5}},"line":5}},"branchMap":{"0":{"loc":{"start":{"line":4,"column":2},"end":{"line":12,"column":3}},"type":"if","locations":[{"start":{"line":4,"column":2},"end":{"line":12,"column":3}},{"start":{"line":4,"column":2},"end":{"line":12,"column":3}}],"line":4},"1":{"loc":{"start":{"line":4,"column":6},"end":{"line":4,"column":52}},"type":"binary-expr","locations":[{"start":{"line":4,"column":6},"end":{"line":4,"column":17}},{"start":{"line":4,"column":21},"end":{"line":4,"column":52}}],"line":4}},"s":{"0":11,"1":11,"2":0,"3":0,"4":0,"5":0,"6":0,"7":0},"f":{"0":11,"1":0},"b":{"0":[0,11],"1":[11,0]},"_coverageSchema":"1a1c01bbd47fc00a2c39e90264f33305004495a9","hash":"494458bb6c437b1d9c3ecfb14c2b929636386cc4"}
,"/home/dariel/Documents/projetos/llsim/programa-de-captura/src/router.tsx": {"path":"/home/dariel/Documents/projetos/llsim/programa-de-captura/src/router.tsx","statementMap":{"0":{"start":{"line":5,"column":22},"end":{"line":12,"column":1}},"1":{"start":{"line":15,"column":19},"end":{"line":36,"column":6}},"2":{"start":{"line":38,"column":4},"end":{"line":38,"column":46}}},"fnMap":{"0":{"name":"Router","decl":{"start":{"line":14,"column":24},"end":{"line":14,"column":30}},"loc":{"start":{"line":14,"column":33},"end":{"line":39,"column":1}},"line":14}},"branchMap":{},"s":{"0":11,"1":25,"2":25},"f":{"0":25},"b":{},"_coverageSchema":"1a1c01bbd47fc00a2c39e90264f33305004495a9","hash":"5bcdb1abc4be1213a4ae3febabb9cf632c21e3af"}
,"/home/dariel/Documents/projetos/llsim/programa-de-captura/src/utils.ts": {"path":"/home/dariel/Documents/projetos/llsim/programa-de-captura/src/utils.ts","statementMap":{"0":{"start":{"line":1,"column":14},"end":{"line":7,"column":1}},"1":{"start":{"line":3,"column":8},"end":{"line":3,"column":27}},"2":{"start":{"line":4,"column":8},"end":{"line":4,"column":84}},"3":{"start":{"line":6,"column":38},"end":{"line":6,"column":66}}},"fnMap":{"0":{"name":"(anonymous_0)","decl":{"start":{"line":2,"column":21},"end":{"line":2,"column":22}},"loc":{"start":{"line":2,"column":35},"end":{"line":5,"column":5}},"line":2},"1":{"name":"(anonymous_1)","decl":{"start":{"line":6,"column":24},"end":{"line":6,"column":25}},"loc":{"start":{"line":6,"column":38},"end":{"line":6,"column":66}},"line":6}},"branchMap":{"0":{"loc":{"start":{"line":4,"column":15},"end":{"line":4,"column":83}},"type":"binary-expr","locations":[{"start":{"line":4,"column":15},"end":{"line":4,"column":43}},{"start":{"line":4,"column":47},"end":{"line":4,"column":59}},{"start":{"line":4,"column":63},"end":{"line":4,"column":83}}],"line":4}},"s":{"0":11,"1":0,"2":0,"3":19},"f":{"0":0,"1":19},"b":{"0":[0,0,0]},"_coverageSchema":"1a1c01bbd47fc00a2c39e90264f33305004495a9","hash":"33a4a241af6d9abe1e86a9272a6b9d18e84768be"}
,"/home/dariel/Documents/projetos/llsim/programa-de-captura/src/components/index.ts": {"path":"/home/dariel/Documents/projetos/llsim/programa-de-captura/src/components/index.ts","statementMap":{},"fnMap":{},"branchMap":{},"s":{},"f":{},"b":{},"_coverageSchema":"1a1c01bbd47fc00a2c39e90264f33305004495a9","hash":"e2d7419b317e0eaa65e2b1d3f11aed0383d0a88a"}
,"/home/dariel/Documents/projetos/llsim/programa-de-captura/src/components/buttons/controlVideoButtons/ControlRecordingButton.tsx": {"path":"/home/dariel/Documents/projetos/llsim/programa-de-captura/src/components/buttons/controlVideoButtons/ControlRecordingButton.tsx","statementMap":{"0":{"start":{"line":17,"column":42},"end":{"line":17,"column":57}},"1":{"start":{"line":18,"column":30},"end":{"line":18,"column":41}},"2":{"start":{"line":21,"column":101},"end":{"line":21,"column":106}},"3":{"start":{"line":23,"column":32},"end":{"line":30,"column":10}},"4":{"start":{"line":24,"column":24},"end":{"line":24,"column":51}},"5":{"start":{"line":25,"column":24},"end":{"line":25,"column":34}},"6":{"start":{"line":27,"column":29},"end":{"line":27,"column":74}},"7":{"start":{"line":27,"column":46},"end":{"line":27,"column":74}},"8":{"start":{"line":29,"column":8},"end":{"line":29,"column":67}},"9":{"start":{"line":32,"column":27},"end":{"line":41,"column":38}},"10":{"start":{"line":33,"column":8},"end":{"line":40,"column":9}},"11":{"start":{"line":35,"column":16},"end":{"line":35,"column":35}},"12":{"start":{"line":37,"column":16},"end":{"line":37,"column":35}},"13":{"start":{"line":39,"column":16},"end":{"line":39,"column":38}},"14":{"start":{"line":44,"column":4},"end":{"line":48,"column":29}},"15":{"start":{"line":45,"column":8},"end":{"line":45,"column":45}},"16":{"start":{"line":45,"column":26},"end":{"line":45,"column":45}},"17":{"start":{"line":46,"column":29},"end":{"line":46,"column":87}},"18":{"start":{"line":46,"column":46},"end":{"line":46,"column":80}},"19":{"start":{"line":46,"column":68},"end":{"line":46,"column":79}},"20":{"start":{"line":47,"column":8},"end":{"line":47,"column":55}},"21":{"start":{"line":47,"column":21},"end":{"line":47,"column":54}},"22":{"start":{"line":50,"column":26},"end":{"line":62,"column":79}},"23":{"start":{"line":51,"column":8},"end":{"line":61,"column":9}},"24":{"start":{"line":53,"column":16},"end":{"line":53,"column":54}},"25":{"start":{"line":53,"column":33},"end":{"line":53,"column":54}},"26":{"start":{"line":54,"column":16},"end":{"line":54,"column":22}},"27":{"start":{"line":56,"column":16},"end":{"line":56,"column":58}},"28":{"start":{"line":56,"column":35},"end":{"line":56,"column":58}},"29":{"start":{"line":57,"column":16},"end":{"line":57,"column":22}},"30":{"start":{"line":59,"column":16},"end":{"line":59,"column":54}},"31":{"start":{"line":59,"column":33},"end":{"line":59,"column":54}},"32":{"start":{"line":60,"column":16},"end":{"line":60,"column":22}},"33":{"start":{"line":64,"column":37},"end":{"line":73,"column":23}},"34":{"start":{"line":65,"column":8},"end":{"line":72,"column":9}},"35":{"start":{"line":66,"column":12},"end":{"line":66,"column":33}},"36":{"start":{"line":67,"column":12},"end":{"line":67,"column":53}},"37":{"start":{"line":67,"column":31},"end":{"line":67,"column":53}},"38":{"start":{"line":69,"column":12},"end":{"line":69,"column":31}},"39":{"start":{"line":71,"column":12},"end":{"line":71,"column":34}},"40":{"start":{"line":75,"column":4},"end":{"line":104,"column":6}}},"fnMap":{"0":{"name":"ControlRecordingButton","decl":{"start":{"line":15,"column":24},"end":{"line":15,"column":46}},"loc":{"start":{"line":15,"column":82},"end":{"line":105,"column":1}},"line":15},"1":{"name":"(anonymous_1)","decl":{"start":{"line":23,"column":44},"end":{"line":23,"column":45}},"loc":{"start":{"line":23,"column":63},"end":{"line":30,"column":5}},"line":23},"2":{"name":"(anonymous_2)","decl":{"start":{"line":27,"column":29},"end":{"line":27,"column":30}},"loc":{"start":{"line":27,"column":46},"end":{"line":27,"column":74}},"line":27},"3":{"name":"(anonymous_3)","decl":{"start":{"line":32,"column":39},"end":{"line":32,"column":40}},"loc":{"start":{"line":32,"column":45},"end":{"line":41,"column":5}},"line":32},"4":{"name":"(anonymous_4)","decl":{"start":{"line":44,"column":14},"end":{"line":44,"column":15}},"loc":{"start":{"line":44,"column":20},"end":{"line":48,"column":5}},"line":44},"5":{"name":"(anonymous_5)","decl":{"start":{"line":46,"column":40},"end":{"line":46,"column":41}},"loc":{"start":{"line":46,"column":46},"end":{"line":46,"column":80}},"line":46},"6":{"name":"(anonymous_6)","decl":{"start":{"line":46,"column":55},"end":{"line":46,"column":56}},"loc":{"start":{"line":46,"column":68},"end":{"line":46,"column":79}},"line":46},"7":{"name":"(anonymous_7)","decl":{"start":{"line":47,"column":15},"end":{"line":47,"column":16}},"loc":{"start":{"line":47,"column":21},"end":{"line":47,"column":54}},"line":47},"8":{"name":"(anonymous_8)","decl":{"start":{"line":50,"column":38},"end":{"line":50,"column":39}},"loc":{"start":{"line":50,"column":44},"end":{"line":62,"column":5}},"line":50},"9":{"name":"(anonymous_9)","decl":{"start":{"line":64,"column":49},"end":{"line":64,"column":50}},"loc":{"start":{"line":64,"column":61},"end":{"line":73,"column":5}},"line":64}},"branchMap":{"0":{"loc":{"start":{"line":33,"column":8},"end":{"line":40,"column":9}},"type":"switch","locations":[{"start":{"line":34,"column":12},"end":{"line":35,"column":35}},{"start":{"line":36,"column":12},"end":{"line":37,"column":35}},{"start":{"line":38,"column":12},"end":{"line":39,"column":38}}],"line":33},"1":{"loc":{"start":{"line":34,"column":17},"end":{"line":34,"column":49}},"type":"binary-expr","locations":[{"start":{"line":34,"column":17},"end":{"line":34,"column":29}},{"start":{"line":34,"column":33},"end":{"line":34,"column":49}}],"line":34},"2":{"loc":{"start":{"line":36,"column":17},"end":{"line":36,"column":48}},"type":"binary-expr","locations":[{"start":{"line":36,"column":17},"end":{"line":36,"column":28}},{"start":{"line":36,"column":32},"end":{"line":36,"column":48}}],"line":36},"3":{"loc":{"start":{"line":45,"column":8},"end":{"line":45,"column":45}},"type":"if","locations":[{"start":{"line":45,"column":8},"end":{"line":45,"column":45}},{"start":{"line":45,"column":8},"end":{"line":45,"column":45}}],"line":45},"4":{"loc":{"start":{"line":51,"column":8},"end":{"line":61,"column":9}},"type":"switch","locations":[{"start":{"line":52,"column":12},"end":{"line":54,"column":22}},{"start":{"line":55,"column":12},"end":{"line":57,"column":22}},{"start":{"line":58,"column":12},"end":{"line":60,"column":22}}],"line":51},"5":{"loc":{"start":{"line":52,"column":17},"end":{"line":52,"column":49}},"type":"binary-expr","locations":[{"start":{"line":52,"column":17},"end":{"line":52,"column":29}},{"start":{"line":52,"column":33},"end":{"line":52,"column":49}}],"line":52},"6":{"loc":{"start":{"line":53,"column":16},"end":{"line":53,"column":54}},"type":"if","locations":[{"start":{"line":53,"column":16},"end":{"line":53,"column":54}},{"start":{"line":53,"column":16},"end":{"line":53,"column":54}}],"line":53},"7":{"loc":{"start":{"line":55,"column":17},"end":{"line":55,"column":48}},"type":"binary-expr","locations":[{"start":{"line":55,"column":17},"end":{"line":55,"column":29}},{"start":{"line":55,"column":33},"end":{"line":55,"column":48}}],"line":55},"8":{"loc":{"start":{"line":56,"column":16},"end":{"line":56,"column":58}},"type":"if","locations":[{"start":{"line":56,"column":16},"end":{"line":56,"column":58}},{"start":{"line":56,"column":16},"end":{"line":56,"column":58}}],"line":56},"9":{"loc":{"start":{"line":59,"column":16},"end":{"line":59,"column":54}},"type":"if","locations":[{"start":{"line":59,"column":16},"end":{"line":59,"column":54}},{"start":{"line":59,"column":16},"end":{"line":59,"column":54}}],"line":59},"10":{"loc":{"start":{"line":67,"column":12},"end":{"line":67,"column":53}},"type":"if","locations":[{"start":{"line":67,"column":12},"end":{"line":67,"column":53}},{"start":{"line":67,"column":12},"end":{"line":67,"column":53}}],"line":67},"11":{"loc":{"start":{"line":79,"column":25},"end":{"line":79,"column":72}},"type":"cond-expr","locations":[{"start":{"line":79,"column":49},"end":{"line":79,"column":60}},{"start":{"line":79,"column":63},"end":{"line":79,"column":72}}],"line":79},"12":{"loc":{"start":{"line":83,"column":20},"end":{"line":83,"column":50}},"type":"cond-expr","locations":[{"start":{"line":83,"column":34},"end":{"line":83,"column":45}},{"start":{"line":83,"column":48},"end":{"line":83,"column":50}}],"line":83},"13":{"loc":{"start":{"line":87,"column":69},"end":{"line":87,"column":99}},"type":"cond-expr","locations":[{"start":{"line":87,"column":83},"end":{"line":87,"column":94}},{"start":{"line":87,"column":97},"end":{"line":87,"column":99}}],"line":87},"14":{"loc":{"start":{"line":93,"column":26},"end":{"line":93,"column":57}},"type":"binary-expr","locations":[{"start":{"line":93,"column":26},"end":{"line":93,"column":42}},{"start":{"line":93,"column":46},"end":{"line":93,"column":57}}],"line":93},"15":{"loc":{"start":{"line":94,"column":25},"end":{"line":94,"column":95}},"type":"cond-expr","locations":[{"start":{"line":94,"column":59},"end":{"line":94,"column":83}},{"start":{"line":94,"column":86},"end":{"line":94,"column":95}}],"line":94},"16":{"loc":{"start":{"line":94,"column":25},"end":{"line":94,"column":56}},"type":"binary-expr","locations":[{"start":{"line":94,"column":25},"end":{"line":94,"column":40}},{"start":{"line":94,"column":44},"end":{"line":94,"column":56}}],"line":94},"17":{"loc":{"start":{"line":98,"column":20},"end":{"line":98,"column":57}},"type":"cond-expr","locations":[{"start":{"line":98,"column":44},"end":{"line":98,"column":46}},{"start":{"line":98,"column":49},"end":{"line":98,"column":57}}],"line":98},"18":{"loc":{"start":{"line":101,"column":36},"end":{"line":101,"column":92}},"type":"cond-expr","locations":[{"start":{"line":101,"column":55},"end":{"line":101,"column":65}},{"start":{"line":101,"column":68},"end":{"line":101,"column":92}}],"line":101}},"s":{"0":32,"1":32,"2":32,"3":32,"4":32,"5":32,"6":32,"7":64,"8":32,"9":32,"10":32,"11":20,"12":2,"13":10,"14":32,"15":4,"16":3,"17":1,"18":0,"19":0,"20":1,"21":1,"22":32,"23":2,"24":1,"25":1,"26":0,"27":0,"28":0,"29":0,"30":1,"31":1,"32":0,"33":32,"34":2,"35":2,"36":2,"37":2,"38":0,"39":2,"40":32},"f":{"0":32,"1":32,"2":64,"3":32,"4":4,"5":0,"6":0,"7":1,"8":2,"9":2},"b":{"0":[20,2,10],"1":[32,30],"2":[12,2],"3":[3,1],"4":[1,0,1],"5":[2,1],"6":[1,0],"7":[1,0],"8":[0,0],"9":[1,0],"10":[2,0],"11":[10,22],"12":[2,30],"13":[2,30],"14":[32,22],"15":[6,26],"16":[32,10],"17":[10,22],"18":[6,26]},"_coverageSchema":"1a1c01bbd47fc00a2c39e90264f33305004495a9","hash":"29fb060c1e911eed7def843cc0e7fedb4be30527"}
,"/home/dariel/Documents/projetos/llsim/programa-de-captura/src/components/buttons/iconButton/IconButton.tsx": {"path":"/home/dariel/Documents/projetos/llsim/programa-de-captura/src/components/buttons/iconButton/IconButton.tsx","statementMap":{"0":{"start":{"line":12,"column":19},"end":{"line":47,"column":1}},"1":{"start":{"line":15,"column":38},"end":{"line":15,"column":53}},"2":{"start":{"line":18,"column":30},"end":{"line":26,"column":9}},"3":{"start":{"line":20,"column":16},"end":{"line":23,"column":47}},"4":{"start":{"line":21,"column":20},"end":{"line":21,"column":37}},"5":{"start":{"line":22,"column":20},"end":{"line":22,"column":69}},"6":{"start":{"line":22,"column":50},"end":{"line":22,"column":67}},"7":{"start":{"line":23,"column":23},"end":{"line":23,"column":47}},"8":{"start":{"line":23,"column":36},"end":{"line":23,"column":47}},"9":{"start":{"line":28,"column":8},"end":{"line":45,"column":10}}},"fnMap":{"0":{"name":"(anonymous_0)","decl":{"start":{"line":13,"column":4},"end":{"line":13,"column":5}},"loc":{"start":{"line":13,"column":91},"end":{"line":46,"column":5}},"line":13},"1":{"name":"(anonymous_1)","decl":{"start":{"line":19,"column":12},"end":{"line":19,"column":13}},"loc":{"start":{"line":19,"column":62},"end":{"line":24,"column":13}},"line":19},"2":{"name":"(anonymous_2)","decl":{"start":{"line":22,"column":44},"end":{"line":22,"column":45}},"loc":{"start":{"line":22,"column":50},"end":{"line":22,"column":67}},"line":22}},"branchMap":{"0":{"loc":{"start":{"line":20,"column":16},"end":{"line":23,"column":47}},"type":"if","locations":[{"start":{"line":20,"column":16},"end":{"line":23,"column":47}},{"start":{"line":20,"column":16},"end":{"line":23,"column":47}}],"line":20},"1":{"loc":{"start":{"line":23,"column":23},"end":{"line":23,"column":47}},"type":"if","locations":[{"start":{"line":23,"column":23},"end":{"line":23,"column":47}},{"start":{"line":23,"column":23},"end":{"line":23,"column":47}}],"line":23},"2":{"loc":{"start":{"line":36,"column":17},"end":{"line":43,"column":17}},"type":"cond-expr","locations":[{"start":{"line":37,"column":20},"end":{"line":37,"column":58}},{"start":{"line":39,"column":20},"end":{"line":42,"column":27}}],"line":36},"3":{"loc":{"start":{"line":41,"column":68},"end":{"line":41,"column":104}},"type":"cond-expr","locations":[{"start":{"line":41,"column":89},"end":{"line":41,"column":95}},{"start":{"line":41,"column":98},"end":{"line":41,"column":104}}],"line":41}},"s":{"0":11,"1":1180,"2":1180,"3":1,"4":1,"5":1,"6":1,"7":0,"8":0,"9":1180},"f":{"0":1180,"1":1,"2":1},"b":{"0":[1,0],"1":[0,0],"2":[2,1178],"3":[62,1116]},"_coverageSchema":"1a1c01bbd47fc00a2c39e90264f33305004495a9","hash":"5724bc7eb2c22570677896d33911739a53c6aca0"}
,"/home/dariel/Documents/projetos/llsim/programa-de-captura/src/components/buttons/menuButton/MenuButton.tsx": {"path":"/home/dariel/Documents/projetos/llsim/programa-de-captura/src/components/buttons/menuButton/MenuButton.tsx","statementMap":{"0":{"start":{"line":9,"column":22},"end":{"line":9,"column":53}},"1":{"start":{"line":12,"column":36},"end":{"line":12,"column":51}},"2":{"start":{"line":14,"column":4},"end":{"line":39,"column":6}},"3":{"start":{"line":16,"column":67},"end":{"line":16,"column":84}},"4":{"start":{"line":23,"column":30},"end":{"line":23,"column":48}},"5":{"start":{"line":33,"column":20},"end":{"line":35,"column":26}}},"fnMap":{"0":{"name":"MenuButton","decl":{"start":{"line":7,"column":24},"end":{"line":7,"column":34}},"loc":{"start":{"line":7,"column":76},"end":{"line":40,"column":1}},"line":7},"1":{"name":"(anonymous_1)","decl":{"start":{"line":16,"column":60},"end":{"line":16,"column":61}},"loc":{"start":{"line":16,"column":67},"end":{"line":16,"column":84}},"line":16},"2":{"name":"(anonymous_2)","decl":{"start":{"line":23,"column":24},"end":{"line":23,"column":25}},"loc":{"start":{"line":23,"column":30},"end":{"line":23,"column":48}},"line":23},"3":{"name":"(anonymous_3)","decl":{"start":{"line":25,"column":17},"end":{"line":25,"column":18}},"loc":{"start":{"line":33,"column":20},"end":{"line":35,"column":26}},"line":33}},"branchMap":{},"s":{"0":1116,"1":1116,"2":1116,"3":0,"4":0,"5":0},"f":{"0":1116,"1":0,"2":0,"3":0},"b":{},"_coverageSchema":"1a1c01bbd47fc00a2c39e90264f33305004495a9","hash":"8a07499dce50fa016df473e19d680c2f003d282d"}
,"/home/dariel/Documents/projetos/llsim/programa-de-captura/src/components/buttons/movimentsButtons/MovimentsButtons.tsx": {"path":"/home/dariel/Documents/projetos/llsim/programa-de-captura/src/components/buttons/movimentsButtons/MovimentsButtons.tsx","statementMap":{"0":{"start":{"line":20,"column":46},"end":{"line":20,"column":61}},"1":{"start":{"line":23,"column":35},"end":{"line":28,"column":5}},"2":{"start":{"line":25,"column":12},"end":{"line":25,"column":64}},"3":{"start":{"line":25,"column":38},"end":{"line":25,"column":64}},"4":{"start":{"line":30,"column":4},"end":{"line":59,"column":6}},"5":{"start":{"line":34,"column":31},"end":{"line":34,"column":70}},"6":{"start":{"line":34,"column":61},"end":{"line":34,"column":69}},"7":{"start":{"line":39,"column":16},"end":{"line":56,"column":25}},"8":{"start":{"line":41,"column":35},"end":{"line":41,"column":65}}},"fnMap":{"0":{"name":"MovimentsButtons","decl":{"start":{"line":13,"column":24},"end":{"line":13,"column":40}},"loc":{"start":{"line":18,"column":26},"end":{"line":60,"column":1}},"line":18},"1":{"name":"(anonymous_1)","decl":{"start":{"line":24,"column":8},"end":{"line":24,"column":9}},"loc":{"start":{"line":24,"column":25},"end":{"line":26,"column":9}},"line":24},"2":{"name":"(anonymous_2)","decl":{"start":{"line":34,"column":25},"end":{"line":34,"column":26}},"loc":{"start":{"line":34,"column":31},"end":{"line":34,"column":70}},"line":34},"3":{"name":"(anonymous_3)","decl":{"start":{"line":34,"column":48},"end":{"line":34,"column":49}},"loc":{"start":{"line":34,"column":61},"end":{"line":34,"column":69}},"line":34},"4":{"name":"(anonymous_4)","decl":{"start":{"line":38,"column":27},"end":{"line":38,"column":28}},"loc":{"start":{"line":39,"column":16},"end":{"line":56,"column":25}},"line":39},"5":{"name":"(anonymous_5)","decl":{"start":{"line":41,"column":29},"end":{"line":41,"column":30}},"loc":{"start":{"line":41,"column":35},"end":{"line":41,"column":65}},"line":41}},"branchMap":{"0":{"loc":{"start":{"line":25,"column":12},"end":{"line":25,"column":64}},"type":"if","locations":[{"start":{"line":25,"column":12},"end":{"line":25,"column":64}},{"start":{"line":25,"column":12},"end":{"line":25,"column":64}}],"line":25},"1":{"loc":{"start":{"line":31,"column":69},"end":{"line":31,"column":99}},"type":"cond-expr","locations":[{"start":{"line":31,"column":86},"end":{"line":31,"column":94}},{"start":{"line":31,"column":97},"end":{"line":31,"column":99}}],"line":31},"2":{"loc":{"start":{"line":44,"column":24},"end":{"line":50,"column":41}},"type":"cond-expr","locations":[{"start":{"line":45,"column":30},"end":{"line":47,"column":50}},{"start":{"line":48,"column":30},"end":{"line":50,"column":41}}],"line":44},"3":{"loc":{"start":{"line":45,"column":30},"end":{"line":47,"column":50}},"type":"cond-expr","locations":[{"start":{"line":46,"column":34},"end":{"line":46,"column":48}},{"start":{"line":47,"column":34},"end":{"line":47,"column":50}}],"line":45},"4":{"loc":{"start":{"line":48,"column":30},"end":{"line":50,"column":41}},"type":"cond-expr","locations":[{"start":{"line":49,"column":30},"end":{"line":49,"column":39}},{"start":{"line":50,"column":30},"end":{"line":50,"column":41}}],"line":48}},"s":{"0":30,"1":30,"2":1,"3":1,"4":30,"5":0,"6":0,"7":120,"8":1},"f":{"0":30,"1":1,"2":0,"3":0,"4":120,"5":1},"b":{"0":[1,0],"1":[30,0],"2":[28,92],"3":[8,20],"4":[2,90]},"_coverageSchema":"1a1c01bbd47fc00a2c39e90264f33305004495a9","hash":"65cbcfe6d555e00ec2f9afadd943cecdfdefffd7"}
,"/home/dariel/Documents/projetos/llsim/programa-de-captura/src/components/cards/cardLogin/CardLogin.tsx": {"path":"/home/dariel/Documents/projetos/llsim/programa-de-captura/src/components/cards/cardLogin/CardLogin.tsx","statementMap":{"0":{"start":{"line":12,"column":4},"end":{"line":28,"column":6}}},"fnMap":{"0":{"name":"CardLogin","decl":{"start":{"line":11,"column":24},"end":{"line":11,"column":33}},"loc":{"start":{"line":11,"column":57},"end":{"line":29,"column":1}},"line":11}},"branchMap":{"0":{"loc":{"start":{"line":22,"column":36},"end":{"line":22,"column":112}},"type":"cond-expr","locations":[{"start":{"line":22,"column":52},"end":{"line":22,"column":107}},{"start":{"line":22,"column":110},"end":{"line":22,"column":112}}],"line":22}},"s":{"0":6},"f":{"0":6},"b":{"0":[2,4]},"_coverageSchema":"1a1c01bbd47fc00a2c39e90264f33305004495a9","hash":"17b09b8d4a33a260bb2e97a841e658a3b75530b6"}
,"/home/dariel/Documents/projetos/llsim/programa-de-captura/src/components/cards/cardRecordListed/CardRecordListed.tsx": {"path":"/home/dariel/Documents/projetos/llsim/programa-de-captura/src/components/cards/cardRecordListed/CardRecordListed.tsx","statementMap":{"0":{"start":{"line":19,"column":26},"end":{"line":19,"column":51}},"1":{"start":{"line":22,"column":29},"end":{"line":22,"column":43}},"2":{"start":{"line":25,"column":30},"end":{"line":36,"column":5}},"3":{"start":{"line":27,"column":12},"end":{"line":27,"column":72}},"4":{"start":{"line":27,"column":24},"end":{"line":27,"column":72}},"5":{"start":{"line":28,"column":12},"end":{"line":28,"column":71}},"6":{"start":{"line":28,"column":37},"end":{"line":28,"column":71}},"7":{"start":{"line":30,"column":31},"end":{"line":30,"column":70}},"8":{"start":{"line":31,"column":12},"end":{"line":31,"column":77}},"9":{"start":{"line":31,"column":70},"end":{"line":31,"column":77}},"10":{"start":{"line":33,"column":12},"end":{"line":33,"column":96}},"11":{"start":{"line":38,"column":44},"end":{"line":40,"column":19}},"12":{"start":{"line":39,"column":8},"end":{"line":39,"column":92}},"13":{"start":{"line":42,"column":33},"end":{"line":42,"column":58}},"14":{"start":{"line":44,"column":4},"end":{"line":96,"column":6}}},"fnMap":{"0":{"name":"CardRecordListed","decl":{"start":{"line":17,"column":24},"end":{"line":17,"column":40}},"loc":{"start":{"line":17,"column":118},"end":{"line":97,"column":1}},"line":17},"1":{"name":"(anonymous_1)","decl":{"start":{"line":26,"column":8},"end":{"line":26,"column":9}},"loc":{"start":{"line":26,"column":49},"end":{"line":34,"column":9}},"line":26},"2":{"name":"(anonymous_2)","decl":{"start":{"line":38,"column":56},"end":{"line":38,"column":57}},"loc":{"start":{"line":38,"column":62},"end":{"line":40,"column":5}},"line":38},"3":{"name":"(anonymous_3)","decl":{"start":{"line":42,"column":45},"end":{"line":42,"column":46}},"loc":{"start":{"line":42,"column":51},"end":{"line":42,"column":53}},"line":42}},"branchMap":{"0":{"loc":{"start":{"line":27,"column":12},"end":{"line":27,"column":72}},"type":"if","locations":[{"start":{"line":27,"column":12},"end":{"line":27,"column":72}},{"start":{"line":27,"column":12},"end":{"line":27,"column":72}}],"line":27},"1":{"loc":{"start":{"line":28,"column":12},"end":{"line":28,"column":71}},"type":"if","locations":[{"start":{"line":28,"column":12},"end":{"line":28,"column":71}},{"start":{"line":28,"column":12},"end":{"line":28,"column":71}}],"line":28},"2":{"loc":{"start":{"line":31,"column":12},"end":{"line":31,"column":77}},"type":"if","locations":[{"start":{"line":31,"column":12},"end":{"line":31,"column":77}},{"start":{"line":31,"column":12},"end":{"line":31,"column":77}}],"line":31},"3":{"loc":{"start":{"line":31,"column":16},"end":{"line":31,"column":68}},"type":"binary-expr","locations":[{"start":{"line":31,"column":16},"end":{"line":31,"column":27}},{"start":{"line":31,"column":31},"end":{"line":31,"column":68}}],"line":31},"4":{"loc":{"start":{"line":49,"column":89},"end":{"line":49,"column":115}},"type":"cond-expr","locations":[{"start":{"line":49,"column":101},"end":{"line":49,"column":110}},{"start":{"line":49,"column":113},"end":{"line":49,"column":115}}],"line":49},"5":{"loc":{"start":{"line":52,"column":17},"end":{"line":56,"column":17}},"type":"binary-expr","locations":[{"start":{"line":52,"column":17},"end":{"line":52,"column":26}},{"start":{"line":53,"column":20},"end":{"line":55,"column":26}}],"line":52},"6":{"loc":{"start":{"line":59,"column":25},"end":{"line":59,"column":56}},"type":"binary-expr","locations":[{"start":{"line":59,"column":25},"end":{"line":59,"column":37}},{"start":{"line":59,"column":41},"end":{"line":59,"column":56}}],"line":59},"7":{"loc":{"start":{"line":91,"column":25},"end":{"line":91,"column":80}},"type":"binary-expr","locations":[{"start":{"line":91,"column":25},"end":{"line":91,"column":56}},{"start":{"line":91,"column":60},"end":{"line":91,"column":80}}],"line":91}},"s":{"0":616,"1":616,"2":616,"3":2,"4":0,"5":2,"6":2,"7":0,"8":0,"9":0,"10":0,"11":616,"12":0,"13":616,"14":616},"f":{"0":616,"1":2,"2":0,"3":0},"b":{"0":[0,2],"1":[2,0],"2":[0,0],"3":[0,0],"4":[8,608],"5":[616,8],"6":[616,588],"7":[616,528]},"_coverageSchema":"1a1c01bbd47fc00a2c39e90264f33305004495a9","hash":"43b63ce3c2892e6d8faf9247e19bcc28329a3496"}
,"/home/dariel/Documents/projetos/llsim/programa-de-captura/src/components/cards/cardRecording/CardRecording.tsx": {"path":"/home/dariel/Documents/projetos/llsim/programa-de-captura/src/components/cards/cardRecording/CardRecording.tsx","statementMap":{"0":{"start":{"line":15,"column":30},"end":{"line":17,"column":19}},"1":{"start":{"line":16,"column":8},"end":{"line":16,"column":92}},"2":{"start":{"line":19,"column":44},"end":{"line":21,"column":19}},"3":{"start":{"line":20,"column":8},"end":{"line":20,"column":92}},"4":{"start":{"line":23,"column":33},"end":{"line":23,"column":58}},"5":{"start":{"line":25,"column":4},"end":{"line":63,"column":6}}},"fnMap":{"0":{"name":"CardRecording","decl":{"start":{"line":13,"column":24},"end":{"line":13,"column":37}},"loc":{"start":{"line":13,"column":80},"end":{"line":64,"column":1}},"line":13},"1":{"name":"(anonymous_1)","decl":{"start":{"line":15,"column":42},"end":{"line":15,"column":43}},"loc":{"start":{"line":15,"column":48},"end":{"line":17,"column":5}},"line":15},"2":{"name":"(anonymous_2)","decl":{"start":{"line":19,"column":56},"end":{"line":19,"column":57}},"loc":{"start":{"line":19,"column":62},"end":{"line":21,"column":5}},"line":19},"3":{"name":"(anonymous_3)","decl":{"start":{"line":23,"column":45},"end":{"line":23,"column":46}},"loc":{"start":{"line":23,"column":51},"end":{"line":23,"column":53}},"line":23}},"branchMap":{"0":{"loc":{"start":{"line":30,"column":25},"end":{"line":30,"column":56}},"type":"binary-expr","locations":[{"start":{"line":30,"column":25},"end":{"line":30,"column":37}},{"start":{"line":30,"column":41},"end":{"line":30,"column":56}}],"line":30},"1":{"loc":{"start":{"line":58,"column":25},"end":{"line":58,"column":80}},"type":"binary-expr","locations":[{"start":{"line":58,"column":25},"end":{"line":58,"column":56}},{"start":{"line":58,"column":60},"end":{"line":58,"column":80}}],"line":58}},"s":{"0":500,"1":1,"2":500,"3":0,"4":500,"5":500},"f":{"0":500,"1":1,"2":0,"3":0},"b":{"0":[500,490],"1":[500,440]},"_coverageSchema":"1a1c01bbd47fc00a2c39e90264f33305004495a9","hash":"f923fb1597ad72ae0458cef0bcbc22394ca50b7d"}
,"/home/dariel/Documents/projetos/llsim/programa-de-captura/src/components/forms/formBaby/FormPatient.tsx": {"path":"/home/dariel/Documents/projetos/llsim/programa-de-captura/src/components/forms/formBaby/FormPatient.tsx","statementMap":{"0":{"start":{"line":23,"column":25},"end":{"line":23,"column":30}},"1":{"start":{"line":26,"column":27},"end":{"line":39,"column":5}},"2":{"start":{"line":28,"column":12},"end":{"line":36,"column":13}},"3":{"start":{"line":29,"column":16},"end":{"line":29,"column":44}},"4":{"start":{"line":30,"column":16},"end":{"line":30,"column":43}},"5":{"start":{"line":31,"column":16},"end":{"line":31,"column":36}},"6":{"start":{"line":33,"column":16},"end":{"line":33,"column":35}},"7":{"start":{"line":35,"column":16},"end":{"line":35,"column":45}},"8":{"start":{"line":41,"column":4},"end":{"line":124,"column":6}},"9":{"start":{"line":49,"column":16},"end":{"line":121,"column":18}},"10":{"start":{"line":70,"column":40},"end":{"line":70,"column":118}},"11":{"start":{"line":76,"column":40},"end":{"line":78,"column":49}},"12":{"start":{"line":88,"column":61},"end":{"line":88,"column":96}},"13":{"start":{"line":102,"column":53},"end":{"line":102,"column":117}},"14":{"start":{"line":115,"column":53},"end":{"line":115,"column":107}},"15":{"start":{"line":127,"column":60},"end":{"line":133,"column":2}}},"fnMap":{"0":{"name":"FormPatient","decl":{"start":{"line":21,"column":24},"end":{"line":21,"column":35}},"loc":{"start":{"line":21,"column":61},"end":{"line":125,"column":1}},"line":21},"1":{"name":"(anonymous_1)","decl":{"start":{"line":27,"column":8},"end":{"line":27,"column":9}},"loc":{"start":{"line":27,"column":80},"end":{"line":37,"column":9}},"line":27},"2":{"name":"(anonymous_2)","decl":{"start":{"line":48,"column":13},"end":{"line":48,"column":14}},"loc":{"start":{"line":48,"column":76},"end":{"line":122,"column":13}},"line":48},"3":{"name":"(anonymous_3)","decl":{"start":{"line":69,"column":46},"end":{"line":69,"column":47}},"loc":{"start":{"line":70,"column":40},"end":{"line":70,"column":118}},"line":70},"4":{"name":"(anonymous_4)","decl":{"start":{"line":75,"column":56},"end":{"line":75,"column":57}},"loc":{"start":{"line":76,"column":40},"end":{"line":78,"column":49}},"line":76},"5":{"name":"(anonymous_5)","decl":{"start":{"line":88,"column":46},"end":{"line":88,"column":47}},"loc":{"start":{"line":88,"column":61},"end":{"line":88,"column":96}},"line":88},"6":{"name":"(anonymous_6)","decl":{"start":{"line":102,"column":46},"end":{"line":102,"column":47}},"loc":{"start":{"line":102,"column":53},"end":{"line":102,"column":117}},"line":102},"7":{"name":"(anonymous_7)","decl":{"start":{"line":115,"column":46},"end":{"line":115,"column":47}},"loc":{"start":{"line":115,"column":53},"end":{"line":115,"column":107}},"line":115}},"branchMap":{"0":{"loc":{"start":{"line":70,"column":76},"end":{"line":70,"column":115}},"type":"cond-expr","locations":[{"start":{"line":70,"column":103},"end":{"line":70,"column":107}},{"start":{"line":70,"column":110},"end":{"line":70,"column":115}}],"line":70},"1":{"loc":{"start":{"line":72,"column":43},"end":{"line":72,"column":77}},"type":"cond-expr","locations":[{"start":{"line":72,"column":64},"end":{"line":72,"column":69}},{"start":{"line":72,"column":72},"end":{"line":72,"column":77}}],"line":72}},"s":{"0":17,"1":16,"2":2,"3":2,"4":2,"5":2,"6":0,"7":2,"8":16,"9":120,"10":2,"11":240,"12":1,"13":2,"14":34,"15":11},"f":{"0":17,"1":2,"2":120,"3":2,"4":240,"5":1,"6":2,"7":34},"b":{"0":[2,0],"1":[86,34]},"_coverageSchema":"1a1c01bbd47fc00a2c39e90264f33305004495a9","hash":"6faeaaff0bcbacf29d1751d875b15625c30b64ec"}
,"/home/dariel/Documents/projetos/llsim/programa-de-captura/src/components/forms/formLogin/FormLogin.tsx": {"path":"/home/dariel/Documents/projetos/llsim/programa-de-captura/src/components/forms/formLogin/FormLogin.tsx","statementMap":{"0":{"start":{"line":21,"column":26},"end":{"line":21,"column":51}},"1":{"start":{"line":24,"column":25},"end":{"line":24,"column":30}},"2":{"start":{"line":27,"column":27},"end":{"line":40,"column":5}},"3":{"start":{"line":29,"column":12},"end":{"line":37,"column":13}},"4":{"start":{"line":30,"column":16},"end":{"line":30,"column":44}},"5":{"start":{"line":31,"column":16},"end":{"line":31,"column":44}},"6":{"start":{"line":32,"column":16},"end":{"line":32,"column":36}},"7":{"start":{"line":34,"column":16},"end":{"line":34,"column":54}},"8":{"start":{"line":36,"column":16},"end":{"line":36,"column":45}},"9":{"start":{"line":42,"column":4},"end":{"line":81,"column":6}},"10":{"start":{"line":50,"column":16},"end":{"line":78,"column":18}},"11":{"start":{"line":59,"column":53},"end":{"line":59,"column":100}},"12":{"start":{"line":70,"column":60},"end":{"line":70,"column":94}},"13":{"start":{"line":84,"column":59},"end":{"line":87,"column":2}}},"fnMap":{"0":{"name":"FormLogin","decl":{"start":{"line":19,"column":24},"end":{"line":19,"column":33}},"loc":{"start":{"line":19,"column":57},"end":{"line":82,"column":1}},"line":19},"1":{"name":"(anonymous_1)","decl":{"start":{"line":28,"column":8},"end":{"line":28,"column":9}},"loc":{"start":{"line":28,"column":83},"end":{"line":38,"column":9}},"line":28},"2":{"name":"(anonymous_2)","decl":{"start":{"line":49,"column":13},"end":{"line":49,"column":14}},"loc":{"start":{"line":49,"column":62},"end":{"line":79,"column":13}},"line":49},"3":{"name":"(anonymous_3)","decl":{"start":{"line":59,"column":46},"end":{"line":59,"column":47}},"loc":{"start":{"line":59,"column":53},"end":{"line":59,"column":100}},"line":59},"4":{"name":"(anonymous_4)","decl":{"start":{"line":70,"column":46},"end":{"line":70,"column":47}},"loc":{"start":{"line":70,"column":60},"end":{"line":70,"column":94}},"line":70}},"branchMap":{},"s":{"0":6,"1":6,"2":6,"3":1,"4":1,"5":1,"6":1,"7":0,"8":1,"9":6,"10":78,"11":19,"12":16,"13":11},"f":{"0":6,"1":1,"2":78,"3":19,"4":16},"b":{},"_coverageSchema":"1a1c01bbd47fc00a2c39e90264f33305004495a9","hash":"a8fb9e8f8ab136ddd1da4a997f4024b362e8f7db"}
,"/home/dariel/Documents/projetos/llsim/programa-de-captura/src/components/infiniteScroll/InfiniteScroll.tsx": {"path":"/home/dariel/Documents/projetos/llsim/programa-de-captura/src/components/infiniteScroll/InfiniteScroll.tsx","statementMap":{"0":{"start":{"line":18,"column":44},"end":{"line":18,"column":59}},"1":{"start":{"line":21,"column":22},"end":{"line":21,"column":50}},"2":{"start":{"line":22,"column":20},"end":{"line":22,"column":48}},"3":{"start":{"line":25,"column":24},"end":{"line":31,"column":31}},"4":{"start":{"line":26,"column":30},"end":{"line":26,"column":47}},"5":{"start":{"line":27,"column":8},"end":{"line":27,"column":68}},"6":{"start":{"line":27,"column":55},"end":{"line":27,"column":68}},"7":{"start":{"line":29,"column":8},"end":{"line":29,"column":112}},"8":{"start":{"line":29,"column":100},"end":{"line":29,"column":112}},"9":{"start":{"line":30,"column":8},"end":{"line":30,"column":21}},"10":{"start":{"line":34,"column":27},"end":{"line":45,"column":49}},"11":{"start":{"line":35,"column":8},"end":{"line":35,"column":35}},"12":{"start":{"line":35,"column":28},"end":{"line":35,"column":35}},"13":{"start":{"line":37,"column":8},"end":{"line":44,"column":9}},"14":{"start":{"line":38,"column":34},"end":{"line":38,"column":57}},"15":{"start":{"line":39,"column":12},"end":{"line":41,"column":41}},"16":{"start":{"line":40,"column":16},"end":{"line":40,"column":50}},"17":{"start":{"line":40,"column":37},"end":{"line":40,"column":48}},"18":{"start":{"line":41,"column":19},"end":{"line":41,"column":41}},"19":{"start":{"line":43,"column":12},"end":{"line":43,"column":31}},"20":{"start":{"line":47,"column":4},"end":{"line":66,"column":6}}},"fnMap":{"0":{"name":"InfiniteScroll","decl":{"start":{"line":16,"column":24},"end":{"line":16,"column":38}},"loc":{"start":{"line":16,"column":111},"end":{"line":67,"column":1}},"line":16},"1":{"name":"(anonymous_1)","decl":{"start":{"line":25,"column":36},"end":{"line":25,"column":37}},"loc":{"start":{"line":25,"column":51},"end":{"line":31,"column":5}},"line":25},"2":{"name":"(anonymous_2)","decl":{"start":{"line":34,"column":39},"end":{"line":34,"column":40}},"loc":{"start":{"line":34,"column":51},"end":{"line":45,"column":5}},"line":34},"3":{"name":"(anonymous_3)","decl":{"start":{"line":40,"column":24},"end":{"line":40,"column":25}},"loc":{"start":{"line":40,"column":37},"end":{"line":40,"column":48}},"line":40}},"branchMap":{"0":{"loc":{"start":{"line":27,"column":8},"end":{"line":27,"column":68}},"type":"if","locations":[{"start":{"line":27,"column":8},"end":{"line":27,"column":68}},{"start":{"line":27,"column":8},"end":{"line":27,"column":68}}],"line":27},"1":{"loc":{"start":{"line":27,"column":12},"end":{"line":27,"column":53}},"type":"binary-expr","locations":[{"start":{"line":27,"column":12},"end":{"line":27,"column":26}},{"start":{"line":27,"column":30},"end":{"line":27,"column":37}},{"start":{"line":27,"column":41},"end":{"line":27,"column":53}}],"line":27},"2":{"loc":{"start":{"line":29,"column":8},"end":{"line":29,"column":112}},"type":"if","locations":[{"start":{"line":29,"column":8},"end":{"line":29,"column":112}},{"start":{"line":29,"column":8},"end":{"line":29,"column":112}}],"line":29},"3":{"loc":{"start":{"line":35,"column":8},"end":{"line":35,"column":35}},"type":"if","locations":[{"start":{"line":35,"column":8},"end":{"line":35,"column":35}},{"start":{"line":35,"column":8},"end":{"line":35,"column":35}}],"line":35},"4":{"loc":{"start":{"line":39,"column":12},"end":{"line":41,"column":41}},"type":"if","locations":[{"start":{"line":39,"column":12},"end":{"line":41,"column":41}},{"start":{"line":39,"column":12},"end":{"line":41,"column":41}}],"line":39},"5":{"loc":{"start":{"line":58,"column":17},"end":{"line":63,"column":17}},"type":"binary-expr","locations":[{"start":{"line":58,"column":17},"end":{"line":58,"column":24}},{"start":{"line":59,"column":20},"end":{"line":62,"column":23}}],"line":58}},"s":{"0":96,"1":96,"2":96,"3":96,"4":8,"5":8,"6":0,"7":8,"8":3,"9":5,"10":96,"11":8,"12":5,"13":3,"14":3,"15":2,"16":2,"17":4,"18":0,"19":0,"20":96},"f":{"0":96,"1":8,"2":8,"3":4},"b":{"0":[0,8],"1":[8,8,8],"2":[3,5],"3":[5,3],"4":[2,0],"5":[96,8]},"_coverageSchema":"1a1c01bbd47fc00a2c39e90264f33305004495a9","hash":"0149904235e506acddfa451ba43e9328aa583c38"}
,"/home/dariel/Documents/projetos/llsim/programa-de-captura/src/components/inputs/inputDate/InputDate.tsx": {"path":"/home/dariel/Documents/projetos/llsim/programa-de-captura/src/components/inputs/inputDate/InputDate.tsx","statementMap":{"0":{"start":{"line":13,"column":25},"end":{"line":13,"column":62}},"1":{"start":{"line":16,"column":27},"end":{"line":37,"column":5}},"2":{"start":{"line":18,"column":28},"end":{"line":18,"column":42}},"3":{"start":{"line":21,"column":12},"end":{"line":21,"column":51}},"4":{"start":{"line":21,"column":44},"end":{"line":21,"column":51}},"5":{"start":{"line":23,"column":48},"end":{"line":23,"column":66}},"6":{"start":{"line":24,"column":25},"end":{"line":24,"column":88}},"7":{"start":{"line":27,"column":12},"end":{"line":27,"column":46}},"8":{"start":{"line":29,"column":12},"end":{"line":29,"column":47}},"9":{"start":{"line":30,"column":12},"end":{"line":30,"column":49}},"10":{"start":{"line":31,"column":12},"end":{"line":31,"column":49}},"11":{"start":{"line":32,"column":12},"end":{"line":32,"column":55}},"12":{"start":{"line":34,"column":12},"end":{"line":34,"column":27}},"13":{"start":{"line":39,"column":4},"end":{"line":48,"column":6}}},"fnMap":{"0":{"name":"InputBirthBaby","decl":{"start":{"line":11,"column":24},"end":{"line":11,"column":38}},"loc":{"start":{"line":11,"column":106},"end":{"line":49,"column":1}},"line":11},"1":{"name":"(anonymous_1)","decl":{"start":{"line":17,"column":8},"end":{"line":17,"column":9}},"loc":{"start":{"line":17,"column":52},"end":{"line":35,"column":9}},"line":17}},"branchMap":{"0":{"loc":{"start":{"line":21,"column":12},"end":{"line":21,"column":51}},"type":"if","locations":[{"start":{"line":21,"column":12},"end":{"line":21,"column":51}},{"start":{"line":21,"column":12},"end":{"line":21,"column":51}}],"line":21},"1":{"loc":{"start":{"line":29,"column":26},"end":{"line":29,"column":45}},"type":"cond-expr","locations":[{"start":{"line":29,"column":39},"end":{"line":29,"column":41}},{"start":{"line":29,"column":44},"end":{"line":29,"column":45}}],"line":29},"2":{"loc":{"start":{"line":30,"column":28},"end":{"line":30,"column":47}},"type":"cond-expr","locations":[{"start":{"line":30,"column":41},"end":{"line":30,"column":43}},{"start":{"line":30,"column":46},"end":{"line":30,"column":47}}],"line":30},"3":{"loc":{"start":{"line":31,"column":28},"end":{"line":31,"column":47}},"type":"cond-expr","locations":[{"start":{"line":31,"column":41},"end":{"line":31,"column":43}},{"start":{"line":31,"column":46},"end":{"line":31,"column":47}}],"line":31},"4":{"loc":{"start":{"line":32,"column":33},"end":{"line":32,"column":53}},"type":"cond-expr","locations":[{"start":{"line":32,"column":46},"end":{"line":32,"column":49}},{"start":{"line":32,"column":52},"end":{"line":32,"column":53}}],"line":32}},"s":{"0":120,"1":120,"2":1,"3":1,"4":0,"5":1,"6":1,"7":1,"8":1,"9":1,"10":1,"11":1,"12":1,"13":120},"f":{"0":120,"1":1},"b":{"0":[0,1],"1":[0,1],"2":[0,1],"3":[0,1],"4":[0,1]},"_coverageSchema":"1a1c01bbd47fc00a2c39e90264f33305004495a9","hash":"88f7e1994bc2d8f12adaf1837c02ca6a2b8dc23b"}
,"/home/dariel/Documents/projetos/llsim/programa-de-captura/src/components/inputs/inputPassword/InputPassword.tsx": {"path":"/home/dariel/Documents/projetos/llsim/programa-de-captura/src/components/inputs/inputPassword/InputPassword.tsx","statementMap":{"0":{"start":{"line":13,"column":44},"end":{"line":13,"column":59}},"1":{"start":{"line":16,"column":27},"end":{"line":22,"column":5}},"2":{"start":{"line":18,"column":26},"end":{"line":18,"column":40}},"3":{"start":{"line":19,"column":12},"end":{"line":19,"column":28}},"4":{"start":{"line":24,"column":31},"end":{"line":26,"column":10}},"5":{"start":{"line":25,"column":8},"end":{"line":25,"column":47}},"6":{"start":{"line":25,"column":37},"end":{"line":25,"column":45}},"7":{"start":{"line":28,"column":4},"end":{"line":42,"column":6}}},"fnMap":{"0":{"name":"InputPassword","decl":{"start":{"line":11,"column":24},"end":{"line":11,"column":37}},"loc":{"start":{"line":11,"column":95},"end":{"line":43,"column":1}},"line":11},"1":{"name":"(anonymous_1)","decl":{"start":{"line":17,"column":8},"end":{"line":17,"column":9}},"loc":{"start":{"line":17,"column":52},"end":{"line":20,"column":9}},"line":17},"2":{"name":"(anonymous_2)","decl":{"start":{"line":24,"column":43},"end":{"line":24,"column":44}},"loc":{"start":{"line":24,"column":49},"end":{"line":26,"column":5}},"line":24},"3":{"name":"(anonymous_3)","decl":{"start":{"line":25,"column":24},"end":{"line":25,"column":25}},"loc":{"start":{"line":25,"column":37},"end":{"line":25,"column":45}},"line":25}},"branchMap":{"0":{"loc":{"start":{"line":32,"column":22},"end":{"line":32,"column":56}},"type":"cond-expr","locations":[{"start":{"line":32,"column":37},"end":{"line":32,"column":43}},{"start":{"line":32,"column":46},"end":{"line":32,"column":56}}],"line":32},"1":{"loc":{"start":{"line":38,"column":30},"end":{"line":38,"column":86}},"type":"cond-expr","locations":[{"start":{"line":38,"column":45},"end":{"line":38,"column":61}},{"start":{"line":38,"column":64},"end":{"line":38,"column":86}}],"line":38}},"s":{"0":78,"1":78,"2":16,"3":16,"4":78,"5":0,"6":0,"7":78},"f":{"0":78,"1":16,"2":0,"3":0},"b":{"0":[0,78],"1":[0,78]},"_coverageSchema":"1a1c01bbd47fc00a2c39e90264f33305004495a9","hash":"d8463f0f47e7c5af536914ace58b63cba385250e"}
,"/home/dariel/Documents/projetos/llsim/programa-de-captura/src/components/inputs/inputSearch/InputSearch.tsx": {"path":"/home/dariel/Documents/projetos/llsim/programa-de-captura/src/components/inputs/inputSearch/InputSearch.tsx","statementMap":{"0":{"start":{"line":13,"column":27},"end":{"line":19,"column":5}},"1":{"start":{"line":15,"column":26},"end":{"line":15,"column":40}},"2":{"start":{"line":16,"column":12},"end":{"line":16,"column":55}},"3":{"start":{"line":21,"column":4},"end":{"line":36,"column":6}}},"fnMap":{"0":{"name":"InputSearch","decl":{"start":{"line":11,"column":24},"end":{"line":11,"column":35}},"loc":{"start":{"line":11,"column":91},"end":{"line":37,"column":1}},"line":11},"1":{"name":"(anonymous_1)","decl":{"start":{"line":14,"column":8},"end":{"line":14,"column":9}},"loc":{"start":{"line":14,"column":52},"end":{"line":17,"column":9}},"line":14}},"branchMap":{"0":{"loc":{"start":{"line":16,"column":21},"end":{"line":16,"column":53}},"type":"cond-expr","locations":[{"start":{"line":16,"column":36},"end":{"line":16,"column":45}},{"start":{"line":16,"column":48},"end":{"line":16,"column":53}}],"line":16},"1":{"loc":{"start":{"line":24,"column":23},"end":{"line":24,"column":34}},"type":"binary-expr","locations":[{"start":{"line":24,"column":23},"end":{"line":24,"column":28}},{"start":{"line":24,"column":32},"end":{"line":24,"column":34}}],"line":24}},"s":{"0":70,"1":0,"2":0,"3":70},"f":{"0":70,"1":0},"b":{"0":[0,0],"1":[70,70]},"_coverageSchema":"1a1c01bbd47fc00a2c39e90264f33305004495a9","hash":"71ff7dfd649a49f8151e64e4604964e3c1d00087"}
,"/home/dariel/Documents/projetos/llsim/programa-de-captura/src/components/links/TextLink/TextLink.tsx": {"path":"/home/dariel/Documents/projetos/llsim/programa-de-captura/src/components/links/TextLink/TextLink.tsx","statementMap":{"0":{"start":{"line":6,"column":4},"end":{"line":13,"column":6}},"1":{"start":{"line":9,"column":16},"end":{"line":9,"column":80}}},"fnMap":{"0":{"name":"TextLink","decl":{"start":{"line":5,"column":24},"end":{"line":5,"column":32}},"loc":{"start":{"line":5,"column":55},"end":{"line":14,"column":1}},"line":5},"1":{"name":"(anonymous_1)","decl":{"start":{"line":8,"column":23},"end":{"line":8,"column":24}},"loc":{"start":{"line":9,"column":16},"end":{"line":9,"column":80}},"line":9}},"branchMap":{"0":{"loc":{"start":{"line":9,"column":46},"end":{"line":9,"column":78}},"type":"cond-expr","locations":[{"start":{"line":9,"column":57},"end":{"line":9,"column":73}},{"start":{"line":9,"column":76},"end":{"line":9,"column":78}}],"line":9}},"s":{"0":60,"1":64},"f":{"0":60,"1":64},"b":{"0":[24,40]},"_coverageSchema":"1a1c01bbd47fc00a2c39e90264f33305004495a9","hash":"229ac640b39853d50d7809559f8e3f07ce01dd97"}
,"/home/dariel/Documents/projetos/llsim/programa-de-captura/src/components/modals/ManagePatientModal.tsx": {"path":"/home/dariel/Documents/projetos/llsim/programa-de-captura/src/components/modals/ManagePatientModal.tsx","statementMap":{"0":{"start":{"line":8,"column":21},"end":{"line":8,"column":41}},"1":{"start":{"line":24,"column":26},"end":{"line":24,"column":51}},"2":{"start":{"line":27,"column":63},"end":{"line":27,"column":76}},"3":{"start":{"line":30,"column":25},"end":{"line":41,"column":5}},"4":{"start":{"line":32,"column":12},"end":{"line":38,"column":13}},"5":{"start":{"line":33,"column":16},"end":{"line":33,"column":48}},"6":{"start":{"line":34,"column":16},"end":{"line":34,"column":59}},"7":{"start":{"line":35,"column":16},"end":{"line":35,"column":43}},"8":{"start":{"line":35,"column":31},"end":{"line":35,"column":43}},"9":{"start":{"line":37,"column":16},"end":{"line":37,"column":26}},"10":{"start":{"line":43,"column":27},"end":{"line":54,"column":5}},"11":{"start":{"line":45,"column":12},"end":{"line":51,"column":13}},"12":{"start":{"line":46,"column":16},"end":{"line":46,"column":42}},"13":{"start":{"line":47,"column":16},"end":{"line":47,"column":62}},"14":{"start":{"line":48,"column":16},"end":{"line":48,"column":43}},"15":{"start":{"line":48,"column":31},"end":{"line":48,"column":43}},"16":{"start":{"line":50,"column":16},"end":{"line":50,"column":26}},"17":{"start":{"line":56,"column":27},"end":{"line":66,"column":5}},"18":{"start":{"line":58,"column":12},"end":{"line":63,"column":13}},"19":{"start":{"line":59,"column":16},"end":{"line":60,"column":48}},"20":{"start":{"line":59,"column":42},"end":{"line":59,"column":86}},"21":{"start":{"line":60,"column":21},"end":{"line":60,"column":48}},"22":{"start":{"line":62,"column":16},"end":{"line":62,"column":26}},"23":{"start":{"line":68,"column":4},"end":{"line":86,"column":6}}},"fnMap":{"0":{"name":"ManagePatientModal","decl":{"start":{"line":16,"column":24},"end":{"line":16,"column":42}},"loc":{"start":{"line":22,"column":28},"end":{"line":87,"column":1}},"line":22},"1":{"name":"(anonymous_1)","decl":{"start":{"line":31,"column":8},"end":{"line":31,"column":9}},"loc":{"start":{"line":31,"column":90},"end":{"line":39,"column":9}},"line":31},"2":{"name":"(anonymous_2)","decl":{"start":{"line":44,"column":8},"end":{"line":44,"column":9}},"loc":{"start":{"line":44,"column":40},"end":{"line":52,"column":9}},"line":44},"3":{"name":"(anonymous_3)","decl":{"start":{"line":57,"column":8},"end":{"line":57,"column":9}},"loc":{"start":{"line":57,"column":37},"end":{"line":64,"column":9}},"line":57}},"branchMap":{"0":{"loc":{"start":{"line":35,"column":16},"end":{"line":35,"column":43}},"type":"if","locations":[{"start":{"line":35,"column":16},"end":{"line":35,"column":43}},{"start":{"line":35,"column":16},"end":{"line":35,"column":43}}],"line":35},"1":{"loc":{"start":{"line":48,"column":16},"end":{"line":48,"column":43}},"type":"if","locations":[{"start":{"line":48,"column":16},"end":{"line":48,"column":43}},{"start":{"line":48,"column":16},"end":{"line":48,"column":43}}],"line":48},"2":{"loc":{"start":{"line":59,"column":16},"end":{"line":60,"column":48}},"type":"if","locations":[{"start":{"line":59,"column":16},"end":{"line":60,"column":48}},{"start":{"line":59,"column":16},"end":{"line":60,"column":48}}],"line":59},"3":{"loc":{"start":{"line":71,"column":37},"end":{"line":71,"column":100}},"type":"cond-expr","locations":[{"start":{"line":71,"column":60},"end":{"line":71,"column":77}},{"start":{"line":71,"column":80},"end":{"line":71,"column":100}}],"line":71},"4":{"loc":{"start":{"line":81,"column":27},"end":{"line":81,"column":72}},"type":"cond-expr","locations":[{"start":{"line":81,"column":50},"end":{"line":81,"column":58}},{"start":{"line":81,"column":61},"end":{"line":81,"column":72}}],"line":81},"5":{"loc":{"start":{"line":82,"column":21},"end":{"line":82,"column":106}},"type":"binary-expr","locations":[{"start":{"line":82,"column":22},"end":{"line":82,"column":32}},{"start":{"line":82,"column":36},"end":{"line":82,"column":46}},{"start":{"line":82,"column":51},"end":{"line":82,"column":106}}],"line":82}},"s":{"0":11,"1":58,"2":58,"3":58,"4":1,"5":1,"6":1,"7":1,"8":1,"9":0,"10":58,"11":1,"12":1,"13":1,"14":1,"15":1,"16":0,"17":58,"18":2,"19":2,"20":1,"21":1,"22":0,"23":58},"f":{"0":58,"1":1,"2":1,"3":2},"b":{"0":[1,0],"1":[1,0],"2":[1,1],"3":[8,50],"4":[8,50],"5":[58,56,4]},"_coverageSchema":"1a1c01bbd47fc00a2c39e90264f33305004495a9","hash":"d46ef86b7a40c159133cc1e08055683bec27ddca"}
,"/home/dariel/Documents/projetos/llsim/programa-de-captura/src/components/modals/PatientInfoModal.tsx": {"path":"/home/dariel/Documents/projetos/llsim/programa-de-captura/src/components/modals/PatientInfoModal.tsx","statementMap":{"0":{"start":{"line":22,"column":26},"end":{"line":22,"column":51}},"1":{"start":{"line":25,"column":39},"end":{"line":25,"column":52}},"2":{"start":{"line":28,"column":32},"end":{"line":41,"column":48}},"3":{"start":{"line":29,"column":8},"end":{"line":29,"column":29}},"4":{"start":{"line":29,"column":22},"end":{"line":29,"column":29}},"5":{"start":{"line":31,"column":26},"end":{"line":31,"column":86}},"6":{"start":{"line":32,"column":8},"end":{"line":32,"column":31}},"7":{"start":{"line":32,"column":24},"end":{"line":32,"column":31}},"8":{"start":{"line":34,"column":8},"end":{"line":40,"column":9}},"9":{"start":{"line":35,"column":12},"end":{"line":35,"column":41}},"10":{"start":{"line":36,"column":12},"end":{"line":36,"column":44}},"11":{"start":{"line":37,"column":12},"end":{"line":37,"column":33}},"12":{"start":{"line":37,"column":24},"end":{"line":37,"column":33}},"13":{"start":{"line":39,"column":12},"end":{"line":39,"column":50}},"14":{"start":{"line":43,"column":4},"end":{"line":104,"column":6}}},"fnMap":{"0":{"name":"PatientInfoModal","decl":{"start":{"line":14,"column":24},"end":{"line":14,"column":40}},"loc":{"start":{"line":20,"column":26},"end":{"line":105,"column":1}},"line":20},"1":{"name":"(anonymous_1)","decl":{"start":{"line":28,"column":44},"end":{"line":28,"column":45}},"loc":{"start":{"line":28,"column":56},"end":{"line":41,"column":5}},"line":28}},"branchMap":{"0":{"loc":{"start":{"line":29,"column":8},"end":{"line":29,"column":29}},"type":"if","locations":[{"start":{"line":29,"column":8},"end":{"line":29,"column":29}},{"start":{"line":29,"column":8},"end":{"line":29,"column":29}}],"line":29},"1":{"loc":{"start":{"line":32,"column":8},"end":{"line":32,"column":31}},"type":"if","locations":[{"start":{"line":32,"column":8},"end":{"line":32,"column":31}},{"start":{"line":32,"column":8},"end":{"line":32,"column":31}}],"line":32},"2":{"loc":{"start":{"line":37,"column":12},"end":{"line":37,"column":33}},"type":"if","locations":[{"start":{"line":37,"column":12},"end":{"line":37,"column":33}},{"start":{"line":37,"column":12},"end":{"line":37,"column":33}}],"line":37},"3":{"loc":{"start":{"line":60,"column":39},"end":{"line":60,"column":75}},"type":"cond-expr","locations":[{"start":{"line":60,"column":62},"end":{"line":60,"column":67}},{"start":{"line":60,"column":70},"end":{"line":60,"column":75}}],"line":60},"4":{"loc":{"start":{"line":91,"column":37},"end":{"line":91,"column":106}},"type":"binary-expr","locations":[{"start":{"line":91,"column":37},"end":{"line":91,"column":47}},{"start":{"line":91,"column":51},"end":{"line":91,"column":106}}],"line":91}},"s":{"0":56,"1":56,"2":56,"3":1,"4":0,"5":1,"6":1,"7":0,"8":1,"9":1,"10":1,"11":1,"12":1,"13":0,"14":56},"f":{"0":56,"1":1},"b":{"0":[0,1],"1":[0,1],"2":[1,0],"3":[0,56],"4":[56,2]},"_coverageSchema":"1a1c01bbd47fc00a2c39e90264f33305004495a9","hash":"129d099415e45cfbce0f413d31fb325932d6b482"}
,"/home/dariel/Documents/projetos/llsim/programa-de-captura/src/components/modals/SelectCamsModal.tsx": {"path":"/home/dariel/Documents/projetos/llsim/programa-de-captura/src/components/modals/SelectCamsModal.tsx","statementMap":{"0":{"start":{"line":23,"column":26},"end":{"line":23,"column":51}},"1":{"start":{"line":26,"column":50},"end":{"line":28,"column":9}},"2":{"start":{"line":31,"column":37},"end":{"line":31,"column":87}},"3":{"start":{"line":34,"column":32},"end":{"line":44,"column":5}},"4":{"start":{"line":36,"column":12},"end":{"line":36,"column":69}},"5":{"start":{"line":36,"column":62},"end":{"line":36,"column":69}},"6":{"start":{"line":37,"column":12},"end":{"line":41,"column":15}},"7":{"start":{"line":38,"column":16},"end":{"line":39,"column":91}},"8":{"start":{"line":38,"column":49},"end":{"line":38,"column":80}},"9":{"start":{"line":39,"column":20},"end":{"line":39,"column":91}},"10":{"start":{"line":39,"column":58},"end":{"line":39,"column":89}},"11":{"start":{"line":40,"column":16},"end":{"line":40,"column":108}},"12":{"start":{"line":46,"column":25},"end":{"line":49,"column":16}},"13":{"start":{"line":47,"column":8},"end":{"line":47,"column":31}},"14":{"start":{"line":48,"column":8},"end":{"line":48,"column":29}},"15":{"start":{"line":48,"column":20},"end":{"line":48,"column":29}},"16":{"start":{"line":51,"column":28},"end":{"line":58,"column":56}},"17":{"start":{"line":52,"column":32},"end":{"line":52,"column":65}},"18":{"start":{"line":53,"column":8},"end":{"line":54,"column":79}},"19":{"start":{"line":54,"column":12},"end":{"line":54,"column":79}},"20":{"start":{"line":56,"column":8},"end":{"line":56,"column":75}},"21":{"start":{"line":56,"column":58},"end":{"line":56,"column":72}},"22":{"start":{"line":57,"column":8},"end":{"line":57,"column":31}},"23":{"start":{"line":60,"column":4},"end":{"line":133,"column":6}},"24":{"start":{"line":86,"column":45},"end":{"line":87,"column":59}},"25":{"start":{"line":86,"column":82},"end":{"line":86,"column":110}},"26":{"start":{"line":89,"column":28},"end":{"line":119,"column":30}},"27":{"start":{"line":93,"column":55},"end":{"line":93,"column":87}},"28":{"start":{"line":102,"column":52},"end":{"line":104,"column":53}},"29":{"start":{"line":103,"column":56},"end":{"line":103,"column":94}}},"fnMap":{"0":{"name":"SelectCamsModal","decl":{"start":{"line":14,"column":24},"end":{"line":14,"column":39}},"loc":{"start":{"line":21,"column":25},"end":{"line":134,"column":1}},"line":21},"1":{"name":"(anonymous_1)","decl":{"start":{"line":35,"column":8},"end":{"line":35,"column":9}},"loc":{"start":{"line":35,"column":42},"end":{"line":42,"column":9}},"line":35},"2":{"name":"(anonymous_2)","decl":{"start":{"line":37,"column":31},"end":{"line":37,"column":32}},"loc":{"start":{"line":37,"column":44},"end":{"line":41,"column":13}},"line":37},"3":{"name":"(anonymous_3)","decl":{"start":{"line":38,"column":33},"end":{"line":38,"column":34}},"loc":{"start":{"line":38,"column":49},"end":{"line":38,"column":80}},"line":38},"4":{"name":"(anonymous_4)","decl":{"start":{"line":39,"column":42},"end":{"line":39,"column":43}},"loc":{"start":{"line":39,"column":58},"end":{"line":39,"column":89}},"line":39},"5":{"name":"(anonymous_5)","decl":{"start":{"line":46,"column":37},"end":{"line":46,"column":38}},"loc":{"start":{"line":46,"column":43},"end":{"line":49,"column":5}},"line":46},"6":{"name":"(anonymous_6)","decl":{"start":{"line":51,"column":40},"end":{"line":51,"column":41}},"loc":{"start":{"line":51,"column":46},"end":{"line":58,"column":5}},"line":51},"7":{"name":"(anonymous_7)","decl":{"start":{"line":56,"column":38},"end":{"line":56,"column":39}},"loc":{"start":{"line":56,"column":58},"end":{"line":56,"column":72}},"line":56},"8":{"name":"(anonymous_8)","decl":{"start":{"line":85,"column":42},"end":{"line":85,"column":43}},"loc":{"start":{"line":85,"column":66},"end":{"line":120,"column":25}},"line":85},"9":{"name":"(anonymous_9)","decl":{"start":{"line":86,"column":66},"end":{"line":86,"column":67}},"loc":{"start":{"line":86,"column":82},"end":{"line":86,"column":110}},"line":86},"10":{"name":"(anonymous_10)","decl":{"start":{"line":93,"column":49},"end":{"line":93,"column":50}},"loc":{"start":{"line":93,"column":55},"end":{"line":93,"column":87}},"line":93},"11":{"name":"(anonymous_11)","decl":{"start":{"line":101,"column":53},"end":{"line":101,"column":54}},"loc":{"start":{"line":101,"column":64},"end":{"line":105,"column":49}},"line":101}},"branchMap":{"0":{"loc":{"start":{"line":36,"column":12},"end":{"line":36,"column":69}},"type":"if","locations":[{"start":{"line":36,"column":12},"end":{"line":36,"column":69}},{"start":{"line":36,"column":12},"end":{"line":36,"column":69}}],"line":36},"1":{"loc":{"start":{"line":36,"column":16},"end":{"line":36,"column":60}},"type":"binary-expr","locations":[{"start":{"line":36,"column":16},"end":{"line":36,"column":31}},{"start":{"line":36,"column":35},"end":{"line":36,"column":60}}],"line":36},"2":{"loc":{"start":{"line":38,"column":16},"end":{"line":39,"column":91}},"type":"if","locations":[{"start":{"line":38,"column":16},"end":{"line":39,"column":91}},{"start":{"line":38,"column":16},"end":{"line":39,"column":91}}],"line":38},"3":{"loc":{"start":{"line":48,"column":8},"end":{"line":48,"column":29}},"type":"if","locations":[{"start":{"line":48,"column":8},"end":{"line":48,"column":29}},{"start":{"line":48,"column":8},"end":{"line":48,"column":29}}],"line":48},"4":{"loc":{"start":{"line":53,"column":8},"end":{"line":54,"column":79}},"type":"if","locations":[{"start":{"line":53,"column":8},"end":{"line":54,"column":79}},{"start":{"line":53,"column":8},"end":{"line":54,"column":79}}],"line":53},"5":{"loc":{"start":{"line":69,"column":29},"end":{"line":83,"column":29}},"type":"cond-expr","locations":[{"start":{"line":70,"column":32},"end":{"line":80,"column":35}},{"start":{"line":82,"column":32},"end":{"line":82,"column":91}}],"line":69},"6":{"loc":{"start":{"line":102,"column":52},"end":{"line":104,"column":53}},"type":"if","locations":[{"start":{"line":102,"column":52},"end":{"line":104,"column":53}},{"start":{"line":102,"column":52},"end":{"line":104,"column":53}}],"line":102},"7":{"loc":{"start":{"line":108,"column":49},"end":{"line":112,"column":49}},"type":"binary-expr","locations":[{"start":{"line":108,"column":49},"end":{"line":108,"column":57}},{"start":{"line":109,"column":52},"end":{"line":111,"column":59}}],"line":108}},"s":{"0":20,"1":20,"2":20,"3":20,"4":1,"5":0,"6":1,"7":1,"8":0,"9":0,"10":0,"11":1,"12":20,"13":0,"14":0,"15":0,"16":20,"17":1,"18":1,"19":0,"20":1,"21":1,"22":1,"23":20,"24":14,"25":2,"26":14,"27":1,"28":10,"29":5},"f":{"0":20,"1":1,"2":1,"3":0,"4":0,"5":0,"6":1,"7":1,"8":14,"9":2,"10":1,"11":10},"b":{"0":[0,1],"1":[1,1],"2":[0,1],"3":[0,0],"4":[0,1],"5":[18,2],"6":[5,5],"7":[14,2]},"_coverageSchema":"1a1c01bbd47fc00a2c39e90264f33305004495a9","hash":"460351485e24ee31526b766a16d9935e5a08d4be"}
,"/home/dariel/Documents/projetos/llsim/programa-de-captura/src/components/offcanvas/OffcanvasFilter.tsx": {"path":"/home/dariel/Documents/projetos/llsim/programa-de-captura/src/components/offcanvas/OffcanvasFilter.tsx","statementMap":{"0":{"start":{"line":16,"column":26},"end":{"line":16,"column":51}},"1":{"start":{"line":24,"column":8},"end":{"line":24,"column":21}},"2":{"start":{"line":31,"column":8},"end":{"line":31,"column":20}},"3":{"start":{"line":34,"column":30},"end":{"line":34,"column":54}},"4":{"start":{"line":35,"column":48},"end":{"line":35,"column":77}},"5":{"start":{"line":37,"column":36},"end":{"line":37,"column":60}},"6":{"start":{"line":38,"column":54},"end":{"line":38,"column":83}},"7":{"start":{"line":41,"column":4},"end":{"line":56,"column":86}},"8":{"start":{"line":43,"column":8},"end":{"line":45,"column":67}},"9":{"start":{"line":44,"column":29},"end":{"line":44,"column":44}},"10":{"start":{"line":45,"column":28},"end":{"line":45,"column":65}},"11":{"start":{"line":48,"column":8},"end":{"line":50,"column":67}},"12":{"start":{"line":49,"column":32},"end":{"line":49,"column":53}},"13":{"start":{"line":50,"column":28},"end":{"line":50,"column":65}},"14":{"start":{"line":52,"column":8},"end":{"line":55,"column":10}},"15":{"start":{"line":53,"column":12},"end":{"line":53,"column":32}},"16":{"start":{"line":54,"column":12},"end":{"line":54,"column":35}},"17":{"start":{"line":58,"column":41},"end":{"line":62,"column":10}},"18":{"start":{"line":59,"column":31},"end":{"line":59,"column":57}},"19":{"start":{"line":60,"column":8},"end":{"line":60,"column":95}},"20":{"start":{"line":60,"column":64},"end":{"line":60,"column":95}},"21":{"start":{"line":61,"column":8},"end":{"line":61,"column":42}},"22":{"start":{"line":64,"column":44},"end":{"line":68,"column":10}},"23":{"start":{"line":65,"column":34},"end":{"line":65,"column":60}},"24":{"start":{"line":66,"column":8},"end":{"line":66,"column":101}},"25":{"start":{"line":66,"column":67},"end":{"line":66,"column":101}},"26":{"start":{"line":67,"column":8},"end":{"line":67,"column":48}},"27":{"start":{"line":70,"column":26},"end":{"line":72,"column":52}},"28":{"start":{"line":71,"column":8},"end":{"line":71,"column":85}},"29":{"start":{"line":71,"column":21},"end":{"line":71,"column":85}},"30":{"start":{"line":74,"column":4},"end":{"line":123,"column":6}},"31":{"start":{"line":89,"column":36},"end":{"line":91,"column":45}},"32":{"start":{"line":104,"column":36},"end":{"line":106,"column":45}}},"fnMap":{"0":{"name":"OffcanvasRecordingFilter","decl":{"start":{"line":14,"column":24},"end":{"line":14,"column":48}},"loc":{"start":{"line":14,"column":102},"end":{"line":124,"column":1}},"line":14},"1":{"name":"(anonymous_1)","decl":{"start":{"line":41,"column":14},"end":{"line":41,"column":15}},"loc":{"start":{"line":41,"column":20},"end":{"line":56,"column":5}},"line":41},"2":{"name":"(anonymous_2)","decl":{"start":{"line":44,"column":18},"end":{"line":44,"column":19}},"loc":{"start":{"line":44,"column":29},"end":{"line":44,"column":44}},"line":44},"3":{"name":"(anonymous_3)","decl":{"start":{"line":45,"column":19},"end":{"line":45,"column":20}},"loc":{"start":{"line":45,"column":28},"end":{"line":45,"column":65}},"line":45},"4":{"name":"(anonymous_4)","decl":{"start":{"line":49,"column":18},"end":{"line":49,"column":19}},"loc":{"start":{"line":49,"column":32},"end":{"line":49,"column":53}},"line":49},"5":{"name":"(anonymous_5)","decl":{"start":{"line":50,"column":19},"end":{"line":50,"column":20}},"loc":{"start":{"line":50,"column":28},"end":{"line":50,"column":65}},"line":50},"6":{"name":"(anonymous_6)","decl":{"start":{"line":52,"column":15},"end":{"line":52,"column":16}},"loc":{"start":{"line":52,"column":21},"end":{"line":55,"column":9}},"line":52},"7":{"name":"(anonymous_7)","decl":{"start":{"line":58,"column":53},"end":{"line":58,"column":54}},"loc":{"start":{"line":58,"column":102},"end":{"line":62,"column":5}},"line":58},"8":{"name":"(anonymous_8)","decl":{"start":{"line":64,"column":56},"end":{"line":64,"column":57}},"loc":{"start":{"line":64,"column":105},"end":{"line":68,"column":5}},"line":64},"9":{"name":"(anonymous_9)","decl":{"start":{"line":70,"column":38},"end":{"line":70,"column":39}},"loc":{"start":{"line":70,"column":44},"end":{"line":72,"column":5}},"line":70},"10":{"name":"(anonymous_10)","decl":{"start":{"line":88,"column":43},"end":{"line":88,"column":44}},"loc":{"start":{"line":89,"column":36},"end":{"line":91,"column":45}},"line":89},"11":{"name":"(anonymous_11)","decl":{"start":{"line":103,"column":46},"end":{"line":103,"column":47}},"loc":{"start":{"line":104,"column":36},"end":{"line":106,"column":45}},"line":104}},"branchMap":{"0":{"loc":{"start":{"line":60,"column":8},"end":{"line":60,"column":95}},"type":"if","locations":[{"start":{"line":60,"column":8},"end":{"line":60,"column":95}},{"start":{"line":60,"column":8},"end":{"line":60,"column":95}}],"line":60},"1":{"loc":{"start":{"line":60,"column":12},"end":{"line":60,"column":62}},"type":"binary-expr","locations":[{"start":{"line":60,"column":12},"end":{"line":60,"column":37}},{"start":{"line":60,"column":41},"end":{"line":60,"column":62}}],"line":60},"2":{"loc":{"start":{"line":66,"column":8},"end":{"line":66,"column":101}},"type":"if","locations":[{"start":{"line":66,"column":8},"end":{"line":66,"column":101}},{"start":{"line":66,"column":8},"end":{"line":66,"column":101}}],"line":66},"3":{"loc":{"start":{"line":66,"column":12},"end":{"line":66,"column":65}},"type":"binary-expr","locations":[{"start":{"line":66,"column":12},"end":{"line":66,"column":37}},{"start":{"line":66,"column":41},"end":{"line":66,"column":65}}],"line":66},"4":{"loc":{"start":{"line":71,"column":8},"end":{"line":71,"column":85}},"type":"if","locations":[{"start":{"line":71,"column":8},"end":{"line":71,"column":85}},{"start":{"line":71,"column":8},"end":{"line":71,"column":85}}],"line":71},"5":{"loc":{"start":{"line":84,"column":42},"end":{"line":84,"column":115}},"type":"binary-expr","locations":[{"start":{"line":84,"column":42},"end":{"line":84,"column":56}},{"start":{"line":84,"column":60},"end":{"line":84,"column":115}}],"line":84},"6":{"loc":{"start":{"line":99,"column":33},"end":{"line":99,"column":109}},"type":"binary-expr","locations":[{"start":{"line":99,"column":33},"end":{"line":99,"column":50}},{"start":{"line":99,"column":54},"end":{"line":99,"column":109}}],"line":99}},"s":{"0":26,"1":26,"2":26,"3":26,"4":26,"5":26,"6":26,"7":26,"8":6,"9":3,"10":0,"11":6,"12":3,"13":0,"14":6,"15":4,"16":4,"17":26,"18":0,"19":0,"20":0,"21":0,"22":26,"23":0,"24":0,"25":0,"26":0,"27":26,"28":0,"29":0,"30":26,"31":296,"32":16},"f":{"0":26,"1":6,"2":3,"3":0,"4":3,"5":0,"6":4,"7":0,"8":0,"9":0,"10":296,"11":16},"b":{"0":[0,0],"1":[0,0],"2":[0,0],"3":[0,0],"4":[0,0],"5":[26,12],"6":[26,12]},"_coverageSchema":"1a1c01bbd47fc00a2c39e90264f33305004495a9","hash":"8806b16bba395c863e4f948e80a8ef3186056121"}
,"/home/dariel/Documents/projetos/llsim/programa-de-captura/src/components/tables/BabysTable.tsx": {"path":"/home/dariel/Documents/projetos/llsim/programa-de-captura/src/components/tables/BabysTable.tsx","statementMap":{"0":{"start":{"line":11,"column":30},"end":{"line":16,"column":5}},"1":{"start":{"line":13,"column":12},"end":{"line":13,"column":47}},"2":{"start":{"line":13,"column":29},"end":{"line":13,"column":47}},"3":{"start":{"line":18,"column":4},"end":{"line":50,"column":6}},"4":{"start":{"line":29,"column":20},"end":{"line":46,"column":25}},"5":{"start":{"line":32,"column":47},"end":{"line":32,"column":70}}},"fnMap":{"0":{"name":"BabysTable","decl":{"start":{"line":9,"column":24},"end":{"line":9,"column":34}},"loc":{"start":{"line":9,"column":76},"end":{"line":51,"column":1}},"line":9},"1":{"name":"(anonymous_1)","decl":{"start":{"line":12,"column":8},"end":{"line":12,"column":9}},"loc":{"start":{"line":12,"column":28},"end":{"line":14,"column":9}},"line":12},"2":{"name":"(anonymous_2)","decl":{"start":{"line":28,"column":27},"end":{"line":28,"column":28}},"loc":{"start":{"line":29,"column":20},"end":{"line":46,"column":25}},"line":29},"3":{"name":"(anonymous_3)","decl":{"start":{"line":32,"column":41},"end":{"line":32,"column":42}},"loc":{"start":{"line":32,"column":47},"end":{"line":32,"column":70}},"line":32}},"branchMap":{"0":{"loc":{"start":{"line":13,"column":12},"end":{"line":13,"column":47}},"type":"if","locations":[{"start":{"line":13,"column":12},"end":{"line":13,"column":47}},{"start":{"line":13,"column":12},"end":{"line":13,"column":47}}],"line":13}},"s":{"0":30,"1":2,"2":2,"3":30,"4":1110,"5":2},"f":{"0":30,"1":2,"2":1110,"3":2},"b":{"0":[2,0]},"_coverageSchema":"1a1c01bbd47fc00a2c39e90264f33305004495a9","hash":"d22a306855fa80a03c4a94c1346deed3e2a88808"}
,"/home/dariel/Documents/projetos/llsim/programa-de-captura/src/components/toasts/Alert.tsx": {"path":"/home/dariel/Documents/projetos/llsim/programa-de-captura/src/components/toasts/Alert.tsx","statementMap":{"0":{"start":{"line":5,"column":19},"end":{"line":5,"column":23}},"1":{"start":{"line":9,"column":23},"end":{"line":9,"column":48}},"2":{"start":{"line":11,"column":4},"end":{"line":33,"column":6}},"3":{"start":{"line":14,"column":16},"end":{"line":30,"column":33}}},"fnMap":{"0":{"name":"Alert","decl":{"start":{"line":7,"column":24},"end":{"line":7,"column":29}},"loc":{"start":{"line":7,"column":32},"end":{"line":34,"column":1}},"line":7},"1":{"name":"(anonymous_1)","decl":{"start":{"line":13,"column":24},"end":{"line":13,"column":25}},"loc":{"start":{"line":14,"column":16},"end":{"line":30,"column":33}},"line":14}},"branchMap":{},"s":{"0":11,"1":32,"2":32,"3":12},"f":{"0":32,"1":12},"b":{},"_coverageSchema":"1a1c01bbd47fc00a2c39e90264f33305004495a9","hash":"15293038b3e25eda9473eda524e2f268bd2dcf20"}
,"/home/dariel/Documents/projetos/llsim/programa-de-captura/src/contexts/SystemContext.tsx": {"path":"/home/dariel/Documents/projetos/llsim/programa-de-captura/src/contexts/SystemContext.tsx","statementMap":{"0":{"start":{"line":7,"column":24},"end":{"line":7,"column":39}},"1":{"start":{"line":26,"column":29},"end":{"line":31,"column":2}},"2":{"start":{"line":35,"column":38},"end":{"line":35,"column":100}},"3":{"start":{"line":36,"column":32},"end":{"line":36,"column":54}},"4":{"start":{"line":39,"column":30},"end":{"line":43,"column":10}},"5":{"start":{"line":40,"column":28},"end":{"line":40,"column":68}},"6":{"start":{"line":41,"column":8},"end":{"line":41,"column":76}},"7":{"start":{"line":42,"column":8},"end":{"line":42,"column":34}},"8":{"start":{"line":45,"column":4},"end":{"line":48,"column":28}},"9":{"start":{"line":46,"column":8},"end":{"line":46,"column":28}},"10":{"start":{"line":47,"column":8},"end":{"line":47,"column":24}},"11":{"start":{"line":50,"column":26},"end":{"line":52,"column":10}},"12":{"start":{"line":51,"column":8},"end":{"line":51,"column":98}},"13":{"start":{"line":51,"column":25},"end":{"line":51,"column":91}},"14":{"start":{"line":51,"column":48},"end":{"line":51,"column":90}},"15":{"start":{"line":51,"column":74},"end":{"line":51,"column":89}},"16":{"start":{"line":54,"column":24},"end":{"line":60,"column":5}},"17":{"start":{"line":56,"column":12},"end":{"line":56,"column":114}},"18":{"start":{"line":56,"column":35},"end":{"line":56,"column":112}},"19":{"start":{"line":56,"column":59},"end":{"line":56,"column":110}},"20":{"start":{"line":57,"column":12},"end":{"line":57,"column":53}},"21":{"start":{"line":57,"column":29},"end":{"line":57,"column":46}},"22":{"start":{"line":62,"column":22},"end":{"line":77,"column":5}},"23":{"start":{"line":64,"column":23},"end":{"line":64,"column":27}},"24":{"start":{"line":65,"column":29},"end":{"line":65,"column":39}},"25":{"start":{"line":66,"column":12},"end":{"line":74,"column":15}},"26":{"start":{"line":67,"column":41},"end":{"line":67,"column":107}},"27":{"start":{"line":67,"column":90},"end":{"line":67,"column":105}},"28":{"start":{"line":70,"column":16},"end":{"line":71,"column":95}},"29":{"start":{"line":70,"column":44},"end":{"line":70,"column":69}},"30":{"start":{"line":71,"column":20},"end":{"line":71,"column":95}},"31":{"start":{"line":71,"column":57},"end":{"line":71,"column":82}},"32":{"start":{"line":73,"column":16},"end":{"line":73,"column":46}},"33":{"start":{"line":79,"column":28},"end":{"line":87,"column":10}},"34":{"start":{"line":80,"column":28},"end":{"line":80,"column":68}},"35":{"start":{"line":81,"column":36},"end":{"line":81,"column":77}},"36":{"start":{"line":84,"column":8},"end":{"line":84,"column":72}},"37":{"start":{"line":85,"column":8},"end":{"line":85,"column":56}},"38":{"start":{"line":86,"column":8},"end":{"line":86,"column":30}},"39":{"start":{"line":89,"column":4},"end":{"line":96,"column":6}}},"fnMap":{"0":{"name":"(anonymous_0)","decl":{"start":{"line":28,"column":21},"end":{"line":28,"column":22}},"loc":{"start":{"line":28,"column":27},"end":{"line":28,"column":29}},"line":28},"1":{"name":"(anonymous_1)","decl":{"start":{"line":30,"column":15},"end":{"line":30,"column":16}},"loc":{"start":{"line":30,"column":21},"end":{"line":30,"column":23}},"line":30},"2":{"name":"SystemProvider","decl":{"start":{"line":33,"column":24},"end":{"line":33,"column":38}},"loc":{"start":{"line":33,"column":67},"end":{"line":97,"column":1}},"line":33},"3":{"name":"(anonymous_3)","decl":{"start":{"line":39,"column":42},"end":{"line":39,"column":43}},"loc":{"start":{"line":39,"column":48},"end":{"line":43,"column":5}},"line":39},"4":{"name":"(anonymous_4)","decl":{"start":{"line":45,"column":14},"end":{"line":45,"column":15}},"loc":{"start":{"line":45,"column":20},"end":{"line":48,"column":5}},"line":45},"5":{"name":"(anonymous_5)","decl":{"start":{"line":47,"column":15},"end":{"line":47,"column":16}},"loc":{"start":{"line":47,"column":21},"end":{"line":47,"column":23}},"line":47},"6":{"name":"(anonymous_6)","decl":{"start":{"line":50,"column":38},"end":{"line":50,"column":39}},"loc":{"start":{"line":50,"column":54},"end":{"line":52,"column":5}},"line":50},"7":{"name":"(anonymous_7)","decl":{"start":{"line":51,"column":19},"end":{"line":51,"column":20}},"loc":{"start":{"line":51,"column":25},"end":{"line":51,"column":91}},"line":51},"8":{"name":"(anonymous_8)","decl":{"start":{"line":51,"column":35},"end":{"line":51,"column":36}},"loc":{"start":{"line":51,"column":48},"end":{"line":51,"column":90}},"line":51},"9":{"name":"(anonymous_9)","decl":{"start":{"line":51,"column":63},"end":{"line":51,"column":64}},"loc":{"start":{"line":51,"column":74},"end":{"line":51,"column":89}},"line":51},"10":{"name":"(anonymous_10)","decl":{"start":{"line":55,"column":8},"end":{"line":55,"column":9}},"loc":{"start":{"line":55,"column":24},"end":{"line":58,"column":9}},"line":55},"11":{"name":"(anonymous_11)","decl":{"start":{"line":56,"column":22},"end":{"line":56,"column":23}},"loc":{"start":{"line":56,"column":35},"end":{"line":56,"column":112}},"line":56},"12":{"name":"(anonymous_12)","decl":{"start":{"line":56,"column":47},"end":{"line":56,"column":48}},"loc":{"start":{"line":56,"column":59},"end":{"line":56,"column":110}},"line":56},"13":{"name":"(anonymous_13)","decl":{"start":{"line":57,"column":23},"end":{"line":57,"column":24}},"loc":{"start":{"line":57,"column":29},"end":{"line":57,"column":46}},"line":57},"14":{"name":"(anonymous_14)","decl":{"start":{"line":63,"column":8},"end":{"line":63,"column":9}},"loc":{"start":{"line":63,"column":29},"end":{"line":75,"column":9}},"line":63},"15":{"name":"(anonymous_15)","decl":{"start":{"line":66,"column":22},"end":{"line":66,"column":23}},"loc":{"start":{"line":66,"column":35},"end":{"line":74,"column":13}},"line":66},"16":{"name":"(anonymous_16)","decl":{"start":{"line":67,"column":84},"end":{"line":67,"column":85}},"loc":{"start":{"line":67,"column":90},"end":{"line":67,"column":105}},"line":67},"17":{"name":"(anonymous_17)","decl":{"start":{"line":70,"column":33},"end":{"line":70,"column":34}},"loc":{"start":{"line":70,"column":44},"end":{"line":70,"column":69}},"line":70},"18":{"name":"(anonymous_18)","decl":{"start":{"line":71,"column":46},"end":{"line":71,"column":47}},"loc":{"start":{"line":71,"column":57},"end":{"line":71,"column":82}},"line":71},"19":{"name":"(anonymous_19)","decl":{"start":{"line":79,"column":40},"end":{"line":79,"column":41}},"loc":{"start":{"line":79,"column":46},"end":{"line":87,"column":5}},"line":79}},"branchMap":{"0":{"loc":{"start":{"line":56,"column":59},"end":{"line":56,"column":110}},"type":"cond-expr","locations":[{"start":{"line":56,"column":77},"end":{"line":56,"column":102}},{"start":{"line":56,"column":105},"end":{"line":56,"column":110}}],"line":56},"1":{"loc":{"start":{"line":70,"column":16},"end":{"line":71,"column":95}},"type":"if","locati
[...]
:{"start":{"line":42,"column":4},"end":{"line":46,"column":38}},"18":{"start":{"line":43,"column":8},"end":{"line":43,"column":76}},"19":{"start":{"line":43,"column":34},"end":{"line":43,"column":74}},"20":{"start":{"line":43,"column":62},"end":{"line":43,"column":73}},"21":{"start":{"line":45,"column":8},"end":{"line":45,"column":37}},"22":{"start":{"line":45,"column":21},"end":{"line":45,"column":36}},"23":{"start":{"line":48,"column":40},"end":{"line":48,"column":91}},"24":{"start":{"line":48,"column":58},"end":{"line":48,"column":86}},"25":{"start":{"line":49,"column":30},"end":{"line":49,"column":82}},"26":{"start":{"line":49,"column":48},"end":{"line":49,"column":77}},"27":{"start":{"line":51,"column":34},"end":{"line":55,"column":22}},"28":{"start":{"line":52,"column":8},"end":{"line":52,"column":23}},"29":{"start":{"line":53,"column":8},"end":{"line":53,"column":30}},"30":{"start":{"line":54,"column":8},"end":{"line":54,"column":38}},"31":{"start":{"line":57,"column":4},"end":{"line":110,"column":6}},"32":{"start":{"line":61,"column":39},"end":{"line":61,"column":65}},"33":{"start":{"line":70,"column":32},"end":{"line":70,"column":49}},"34":{"start":{"line":71,"column":32},"end":{"line":71,"column":50}},"35":{"start":{"line":106,"column":30},"end":{"line":106,"column":51}}},"fnMap":{"0":{"name":"Patients","decl":{"start":{"line":8,"column":24},"end":{"line":8,"column":32}},"loc":{"start":{"line":8,"column":35},"end":{"line":111,"column":1}},"line":8},"1":{"name":"(anonymous_1)","decl":{"start":{"line":26,"column":8},"end":{"line":26,"column":9}},"loc":{"start":{"line":26,"column":65},"end":{"line":38,"column":9}},"line":26},"2":{"name":"(anonymous_2)","decl":{"start":{"line":31,"column":30},"end":{"line":31,"column":31}},"loc":{"start":{"line":31,"column":43},"end":{"line":31,"column":73}},"line":31},"3":{"name":"(anonymous_3)","decl":{"start":{"line":42,"column":14},"end":{"line":42,"column":15}},"loc":{"start":{"line":42,"column":20},"end":{"line":46,"column":5}},"line":42},"4":{"name":"(anonymous_4)","decl":{"start":{"line":43,"column":28},"end":{"line":43,"column":29}},"loc":{"start":{"line":43,"column":34},"end":{"line":43,"column":74}},"line":43},"5":{"name":"(anonymous_5)","decl":{"start":{"line":43,"column":49},"end":{"line":43,"column":50}},"loc":{"start":{"line":43,"column":62},"end":{"line":43,"column":73}},"line":43},"6":{"name":"(anonymous_6)","decl":{"start":{"line":45,"column":15},"end":{"line":45,"column":16}},"loc":{"start":{"line":45,"column":21},"end":{"line":45,"column":36}},"line":45},"7":{"name":"(anonymous_7)","decl":{"start":{"line":48,"column":52},"end":{"line":48,"column":53}},"loc":{"start":{"line":48,"column":58},"end":{"line":48,"column":86}},"line":48},"8":{"name":"(anonymous_8)","decl":{"start":{"line":49,"column":42},"end":{"line":49,"column":43}},"loc":{"start":{"line":49,"column":48},"end":{"line":49,"column":77}},"line":49},"9":{"name":"(anonymous_9)","decl":{"start":{"line":51,"column":46},"end":{"line":51,"column":47}},"loc":{"start":{"line":51,"column":52},"end":{"line":55,"column":5}},"line":51},"10":{"name":"(anonymous_10)","decl":{"start":{"line":61,"column":29},"end":{"line":61,"column":30}},"loc":{"start":{"line":61,"column":39},"end":{"line":61,"column":65}},"line":61},"11":{"name":"(anonymous_11)","decl":{"start":{"line":69,"column":38},"end":{"line":69,"column":39}},"loc":{"start":{"line":69,"column":49},"end":{"line":72,"column":29}},"line":69},"12":{"name":"(anonymous_12)","decl":{"start":{"line":106,"column":24},"end":{"line":106,"column":25}},"loc":{"start":{"line":106,"column":30},"end":{"line":106,"column":51}},"line":106}},"branchMap":{"0":{"loc":{"start":{"line":30,"column":16},"end":{"line":31,"column":75}},"type":"if","locations":[{"start":{"line":30,"column":16},"end":{"line":31,"column":75}},{"start":{"line":30,"column":16},"end":{"line":31,"column":75}}],"line":30},"1":{"loc":{"start":{"line":60,"column":25},"end":{"line":60,"column":55}},"type":"binary-expr","locations":[{"start":{"line":60,"column":25},"end":{"line":60,"column":34}},{"start":{"line":60,"column":38},"end":{"line":60,"column":55}}],"line":60},"2":{"loc":{"start":{"line":78,"column":49},"end":{"line":78,"column":96}},"type":"binary-expr","locations":[{"start":{"line":78,"column":50},"end":{"line":78,"column":59}},{"start":{"line":78,"column":63},"end":{"line":78,"column":80}},{"start":{"line":78,"column":85},"end":{"line":78,"column":96}}],"line":78},"3":{"loc":{"start":{"line":79,"column":25},"end":{"line":81,"column":25}},"type":"binary-expr","locations":[{"start":{"line":79,"column":25},"end":{"line":79,"column":41}},{"start":{"line":79,"column":45},"end":{"line":79,"column":55}},{"start":{"line":79,"column":59},"end":{"line":79,"column":71}},{"start":{"line":80,"column":28},"end":{"line":80,"column":112}}],"line":79},"4":{"loc":{"start":{"line":82,"column":25},"end":{"line":82,"column":103}},"type":"binary-expr","locations":[{"start":{"line":82,"column":25},"end":{"line":82,"column":41}},{"start":{"line":82,"column":45},"end":{"line":82,"column":103}}],"line":82},"5":{"loc":{"start":{"line":89,"column":20},"end":{"line":95,"column":21}},"type":"binary-expr","locations":[{"start":{"line":89,"column":20},"end":{"line":89,"column":32}},{"start":{"line":89,"column":36},"end":{"line":95,"column":21}}],"line":89},"6":{"loc":{"start":{"line":104,"column":22},"end":{"line":104,"column":67}},"type":"binary-expr","locations":[{"start":{"line":104,"column":22},"end":{"line":104,"column":43}},{"start":{"line":104,"column":47},"end":{"line":104,"column":67}}],"line":104}},"s":{"0":55,"1":54,"2":54,"3":54,"4":54,"5":54,"6":54,"7":54,"8":14,"9":14,"10":8,"11":8,"12":0,"13":0,"14":8,"15":0,"16":0,"17":54,"18":12,"19":6,"20":12,"21":12,"22":6,"23":54,"24":2,"25":54,"26":0,"27":54,"28":2,"29":2,"30":2,"31":54,"32":0,"33":0,"34":0,"35":1},"f":{"0":55,"1":14,"2":0,"3":12,"4":6,"5":12,"6":6,"7":2,"8":0,"9":2,"10":0,"11":0,"12":1},"b":{"0":[8,0],"1":[54,16],"2":[54,16,42],"3":[54,24,12,12],"4":[54,30],"5":[54,48],"6":[54,6]},"_coverageSchema":"1a1c01bbd47fc00a2c39e90264f33305004495a9","hash":"9bbfbc8ce0d66dd520e4b921a1c6d49c53ae54aa"}
,"/home/dariel/Documents/projetos/llsim/programa-de-captura/src/views/PlayingRecord.tsx": {"path":"/home/dariel/Documents/projetos/llsim/programa-de-captura/src/views/PlayingRecord.tsx","statementMap":{"0":{"start":{"line":13,"column":26},"end":{"line":13,"column":51}},"1":{"start":{"line":17,"column":8},"end":{"line":17,"column":22}},"2":{"start":{"line":18,"column":39},"end":{"line":18,"column":50}},"3":{"start":{"line":21,"column":50},"end":{"line":21,"column":76}},"4":{"start":{"line":22,"column":52},"end":{"line":22,"column":85}},"5":{"start":{"line":23,"column":50},"end":{"line":23,"column":72}},"6":{"start":{"line":24,"column":44},"end":{"line":24,"column":69}},"7":{"start":{"line":26,"column":52},"end":{"line":26,"column":67}},"8":{"start":{"line":28,"column":32},"end":{"line":28,"column":71}},"9":{"start":{"line":30,"column":42},"end":{"line":30,"column":53}},"10":{"start":{"line":33,"column":36},"end":{"line":46,"column":5}},"11":{"start":{"line":35,"column":12},"end":{"line":43,"column":13}},"12":{"start":{"line":36,"column":40},"end":{"line":36,"column":117}},"13":{"start":{"line":38,"column":16},"end":{"line":38,"column":82}},"14":{"start":{"line":38,"column":48},"end":{"line":38,"column":80}},"15":{"start":{"line":39,"column":16},"end":{"line":39,"column":46}},"16":{"start":{"line":41,"column":16},"end":{"line":41,"column":66}},"17":{"start":{"line":42,"column":16},"end":{"line":42,"column":25}},"18":{"start":{"line":48,"column":4},"end":{"line":63,"column":110}},"19":{"start":{"line":49,"column":8},"end":{"line":49,"column":90}},"20":{"start":{"line":49,"column":83},"end":{"line":49,"column":90}},"21":{"start":{"line":52,"column":8},"end":{"line":59,"column":67}},"22":{"start":{"line":54,"column":16},"end":{"line":54,"column":39}},"23":{"start":{"line":55,"column":16},"end":{"line":55,"column":47}},"24":{"start":{"line":56,"column":16},"end":{"line":56,"column":63}},"25":{"start":{"line":57,"column":16},"end":{"line":57,"column":63}},"26":{"start":{"line":59,"column":28},"end":{"line":59,"column":65}},"27":{"start":{"line":61,"column":8},"end":{"line":61,"column":88}},"28":{"start":{"line":61,"column":46},"end":{"line":61,"column":86}},"29":{"start":{"line":61,"column":74},"end":{"line":61,"column":85}},"30":{"start":{"line":62,"column":8},"end":{"line":62,"column":37}},"31":{"start":{"line":62,"column":21},"end":{"line":62,"column":36}},"32":{"start":{"line":65,"column":4},"end":{"line":121,"column":6}},"33":{"start":{"line":77,"column":39},"end":{"line":77,"column":64}},"34":{"start":{"line":94,"column":32},"end":{"line":100,"column":34}},"35":{"start":{"line":111,"column":28},"end":{"line":115,"column":30}}},"fnMap":{"0":{"name":"PlayingRecord","decl":{"start":{"line":11,"column":24},"end":{"line":11,"column":37}},"loc":{"start":{"line":11,"column":40},"end":{"line":122,"column":1}},"line":11},"1":{"name":"(anonymous_1)","decl":{"start":{"line":34,"column":8},"end":{"line":34,"column":9}},"loc":{"start":{"line":34,"column":50},"end":{"line":44,"column":9}},"line":34},"2":{"name":"(anonymous_2)","decl":{"start":{"line":38,"column":35},"end":{"line":38,"column":36}},"loc":{"start":{"line":38,"column":48},"end":{"line":38,"column":80}},"line":38},"3":{"name":"(anonymous_3)","decl":{"start":{"line":48,"column":14},"end":{"line":48,"column":15}},"loc":{"start":{"line":48,"column":20},"end":{"line":63,"column":5}},"line":48},"4":{"name":"(anonymous_4)","decl":{"start":{"line":53,"column":18},"end":{"line":53,"column":19}},"loc":{"start":{"line":53,"column":33},"end":{"line":58,"column":13}},"line":53},"5":{"name":"(anonymous_5)","decl":{"start":{"line":59,"column":19},"end":{"line":59,"column":20}},"loc":{"start":{"line":59,"column":28},"end":{"line":59,"column":65}},"line":59},"6":{"name":"(anonymous_6)","decl":{"start":{"line":61,"column":40},"end":{"line":61,"column":41}},"loc":{"start":{"line":61,"column":46},"end":{"line":61,"column":86}},"line":61},"7":{"name":"(anonymous_7)","decl":{"start":{"line":61,"column":61},"end":{"line":61,"column":62}},"loc":{"start":{"line":61,"column":74},"end":{"line":61,"column":85}},"line":61},"8":{"name":"(anonymous_8)","decl":{"start":{"line":62,"column":15},"end":{"line":62,"column":16}},"loc":{"start":{"line":62,"column":21},"end":{"line":62,"column":36}},"line":62},"9":{"name":"(anonymous_9)","decl":{"start":{"line":77,"column":33},"end":{"line":77,"column":34}},"loc":{"start":{"line":77,"column":39},"end":{"line":77,"column":64}},"line":77},"10":{"name":"(anonymous_10)","decl":{"start":{"line":93,"column":49},"end":{"line":93,"column":50}},"loc":{"start":{"line":94,"column":32},"end":{"line":100,"column":34}},"line":94},"11":{"name":"(anonymous_11)","decl":{"start":{"line":110,"column":45},"end":{"line":110,"column":46}},"loc":{"start":{"line":111,"column":28},"end":{"line":115,"column":30}},"line":111}},"branchMap":{"0":{"loc":{"start":{"line":49,"column":8},"end":{"line":49,"column":90}},"type":"if","locations":[{"start":{"line":49,"column":8},"end":{"line":49,"column":90}},{"start":{"line":49,"column":8},"end":{"line":49,"column":90}}],"line":49},"1":{"loc":{"start":{"line":49,"column":12},"end":{"line":49,"column":81}},"type":"binary-expr","locations":[{"start":{"line":49,"column":12},"end":{"line":49,"column":44}},{"start":{"line":49,"column":48},"end":{"line":49,"column":81}}],"line":49},"2":{"loc":{"start":{"line":69,"column":21},"end":{"line":69,"column":51}},"type":"binary-expr","locations":[{"start":{"line":69,"column":21},"end":{"line":69,"column":30}},{"start":{"line":69,"column":34},"end":{"line":69,"column":51}}],"line":69},"3":{"loc":{"start":{"line":76,"column":37},"end":{"line":76,"column":60}},"type":"binary-expr","locations":[{"start":{"line":76,"column":37},"end":{"line":76,"column":46}},{"start":{"line":76,"column":50},"end":{"line":76,"column":60}}],"line":76},"4":{"loc":{"start":{"line":78,"column":31},"end":{"line":78,"column":56}},"type":"binary-expr","locations":[{"start":{"line":78,"column":31},"end":{"line":78,"column":43}},{"start":{"line":78,"column":47},"end":{"line":78,"column":56}}],"line":78},"5":{"loc":{"start":{"line":82,"column":29},"end":{"line":82,"column":92}},"type":"binary-expr","locations":[{"start":{"line":82,"column":29},"end":{"line":82,"column":68}},{"start":{"line":82,"column":72},"end":{"line":82,"column":92}}],"line":82},"6":{"loc":{"start":{"line":87,"column":21},"end":{"line":103,"column":21}},"type":"binary-expr","locations":[{"start":{"line":87,"column":21},"end":{"line":87,"column":37}},{"start":{"line":87,"column":41},"end":{"line":87,"column":85}},{"start":{"line":88,"column":24},"end":{"line":102,"column":49}}],"line":87},"7":{"loc":{"start":{"line":91,"column":39},"end":{"line":91,"column":63}},"type":"binary-expr","locations":[{"start":{"line":91,"column":39},"end":{"line":91,"column":48}},{"start":{"line":91,"column":52},"end":{"line":91,"column":63}}],"line":91},"8":{"loc":{"start":{"line":109,"column":55},"end":{"line":109,"column":102}},"type":"binary-expr","locations":[{"start":{"line":109,"column":56},"end":{"line":109,"column":65}},{"start":{"line":109,"column":69},"end":{"line":109,"column":86}},{"start":{"line":109,"column":91},"end":{"line":109,"column":102}}],"line":109}},"s":{"0":17,"1":16,"2":16,"3":16,"4":16,"5":16,"6":16,"7":16,"8":16,"9":16,"10":16,"11":3,"12":3,"13":2,"14":6,"15":2,"16":0,"17":0,"18":16,"19":2,"20":0,"21":2,"22":2,"23":2,"24":2,"25":2,"26":0,"27":2,"28":1,"29":4,"30":2,"31":1,"32":16,"33":0,"34":20,"35":600},"f":{"0":17,"1":3,"2":6,"3":2,"4":2,"5":0,"6":1,"7":4,"8":1,"9":0,"10":20,"11":600},"b":{"0":[0,2],"1":[2,2],"2":[16,6],"3":[16,12],"4":[16,6],"5":[16,6],"6":[16,10,10],"7":[10,8],"8":[16,6,12]},"_coverageSchema":"1a1c01bbd47fc00a2c39e90264f33305004495a9","hash":"60dc4749b09b7967f5968a2a0dbb6549ffc119eb"}
,"/home/dariel/Documents/projetos/llsim/programa-de-captura/src/views/Recordings.tsx": {"path":"/home/dariel/Documents/projetos/llsim/programa-de-captura/src/views/Recordings.tsx","statementMap":{"0":{"start":{"line":14,"column":26},"end":{"line":14,"column":51}},"1":{"start":{"line":17,"column":70},"end":{"line":17,"column":84}},"2":{"start":{"line":18,"column":21},"end":{"line":18,"column":34}},"3":{"start":{"line":21,"column":40},"end":{"line":21,"column":66}},"4":{"start":{"line":22,"column":59},"end":{"line":22,"column":74}},"5":{"start":{"line":24,"column":42},"end":{"line":24,"column":53}},"6":{"start":{"line":27,"column":31},"end":{"line":40,"column":5}},"7":{"start":{"line":29,"column":12},"end":{"line":37,"column":13}},"8":{"start":{"line":30,"column":35},"end":{"line":30,"column":112}},"9":{"start":{"line":32,"column":16},"end":{"line":32,"column":72}},"10":{"start":{"line":32,"column":43},"end":{"line":32,"column":70}},"11":{"start":{"line":33,"column":16},"end":{"line":33,"column":41}},"12":{"start":{"line":35,"column":16},"end":{"line":35,"column":66}},"13":{"start":{"line":36,"column":16},"end":{"line":36,"column":25}},"14":{"start":{"line":42,"column":4},"end":{"line":46,"column":44}},"15":{"start":{"line":43,"column":8},"end":{"line":43,"column":82}},"16":{"start":{"line":43,"column":40},"end":{"line":43,"column":80}},"17":{"start":{"line":43,"column":68},"end":{"line":43,"column":79}},"18":{"start":{"line":45,"column":8},"end":{"line":45,"column":37}},"19":{"start":{"line":45,"column":21},"end":{"line":45,"column":36}},"20":{"start":{"line":48,"column":26},"end":{"line":51,"column":10}},"21":{"start":{"line":50,"column":8},"end":{"line":50,"column":38}},"22":{"start":{"line":53,"column":32},"end":{"line":53,"column":92}},"23":{"start":{"line":53,"column":50},"end":{"line":53,"column":79}},"24":{"start":{"line":55,"column":4},"end":{"line":98,"column":6}},"25":{"start":{"line":69,"column":47},"end":{"line":69,"column":75}},"26":{"start":{"line":86,"column":28},"end":{"line":86,"column":115}},"27":{"start":{"line":95,"column":30},"end":{"line":95,"column":59}}},"fnMap":{"0":{"name":"Recordings","decl":{"start":{"line":12,"column":24},"end":{"line":12,"column":34}},"loc":{"start":{"line":12,"column":37},"end":{"line":99,"column":1}},"line":12},"1":{"name":"(anonymous_1)","decl":{"start":{"line":28,"column":8},"end":{"line":28,"column":9}},"loc":{"start":{"line":28,"column":50},"end":{"line":38,"column":9}},"line":28},"2":{"name":"(anonymous_2)","decl":{"start":{"line":32,"column":30},"end":{"line":32,"column":31}},"loc":{"start":{"line":32,"column":43},"end":{"line":32,"column":70}},"line":32},"3":{"name":"(anonymous_3)","decl":{"start":{"line":42,"column":14},"end":{"line":42,"column":15}},"loc":{"start":{"line":42,"column":20},"end":{"line":46,"column":5}},"line":42},"4":{"name":"(anonymous_4)","decl":{"start":{"line":43,"column":34},"end":{"line":43,"column":35}},"loc":{"start":{"line":43,"column":40},"end":{"line":43,"column":80}},"line":43},"5":{"name":"(anonymous_5)","decl":{"start":{"line":43,"column":55},"end":{"line":43,"column":56}},"loc":{"start":{"line":43,"column":68},"end":{"line":43,"column":79}},"line":43},"6":{"name":"(anonymous_6)","decl":{"start":{"line":45,"column":15},"end":{"line":45,"column":16}},"loc":{"start":{"line":45,"column":21},"end":{"line":45,"column":36}},"line":45},"7":{"name":"(anonymous_7)","decl":{"start":{"line":48,"column":38},"end":{"line":48,"column":39}},"loc":{"start":{"line":48,"column":44},"end":{"line":51,"column":5}},"line":48},"8":{"name":"(anonymous_8)","decl":{"start":{"line":53,"column":44},"end":{"line":53,"column":45}},"loc":{"start":{"line":53,"column":50},"end":{"line":53,"column":79}},"line":53},"9":{"name":"(anonymous_9)","decl":{"start":{"line":69,"column":41},"end":{"line":69,"column":42}},"loc":{"start":{"line":69,"column":47},"end":{"line":69,"column":75}},"line":69},"10":{"name":"(anonymous_10)","decl":{"start":{"line":85,"column":40},"end":{"line":85,"column":41}},"loc":{"start":{"line":86,"column":28},"end":{"line":86,"column":115}},"line":86},"11":{"name":"(anonymous_11)","decl":{"start":{"line":95,"column":24},"end":{"line":95,"column":25}},"loc":{"start":{"line":95,"column":30},"end":{"line":95,"column":59}},"line":95}},"branchMap":{"0":{"loc":{"start":{"line":61,"column":25},"end":{"line":61,"column":55}},"type":"binary-expr","locations":[{"start":{"line":61,"column":25},"end":{"line":61,"column":34}},{"start":{"line":61,"column":38},"end":{"line":61,"column":55}}],"line":61},"1":{"loc":{"start":{"line":79,"column":52},"end":{"line":79,"column":99}},"type":"binary-expr","locations":[{"start":{"line":79,"column":53},"end":{"line":79,"column":62}},{"start":{"line":79,"column":66},"end":{"line":79,"column":83}},{"start":{"line":79,"column":88},"end":{"line":79,"column":99}}],"line":79},"2":{"loc":{"start":{"line":80,"column":25},"end":{"line":84,"column":25}},"type":"binary-expr","locations":[{"start":{"line":80,"column":25},"end":{"line":80,"column":46}},{"start":{"line":80,"column":50},"end":{"line":80,"column":62}},{"start":{"line":80,"column":66},"end":{"line":80,"column":76}},{"start":{"line":81,"column":28},"end":{"line":83,"column":33}}],"line":80}},"s":{"0":27,"1":26,"2":26,"3":26,"4":26,"5":26,"6":26,"7":8,"8":8,"9":4,"10":6,"11":4,"12":0,"13":0,"14":26,"15":6,"16":3,"17":4,"18":6,"19":4,"20":26,"21":0,"22":26,"23":1,"24":26,"25":0,"26":500,"27":0},"f":{"0":27,"1":8,"2":6,"3":6,"4":3,"5":4,"6":4,"7":0,"8":1,"9":0,"10":500,"11":0},"b":{"0":[26,14],"1":[26,14,14],"2":[26,18,18,6]},"_coverageSchema":"1a1c01bbd47fc00a2c39e90264f33305004495a9","hash":"6ed72bdd6ca219335701b57e2e10399d30ef77a5"}
,"/home/dariel/Documents/projetos/llsim/programa-de-captura/src/views/index.ts": {"path":"/home/dariel/Documents/projetos/llsim/programa-de-captura/src/views/index.ts","statementMap":{},"fnMap":{},"branchMap":{},"s":{},"f":{},"b":{},"_coverageSchema":"1a1c01bbd47fc00a2c39e90264f33305004495a9","hash":"29f5b611c2b2533a1c6498742427c219f23143c4"}
}
