{"total": {"lines":{"total":829,"covered":641,"skipped":0,"pct":77.32},"statements":{"total":964,"covered":710,"skipped":0,"pct":73.65},"functions":{"total":323,"covered":237,"skipped":0,"pct":73.37},"branches":{"total":367,"covered":254,"skipped":0,"pct":69.2},"branchesTrue":{"total":0,"covered":0,"skipped":0,"pct":100}}
,"/home/dariel/Documents/projetos/llsim/programa-de-captura/src/index.tsx": {"lines":{"total":3,"covered":3,"skipped":0,"pct":100},"functions":{"total":0,"covered":0,"skipped":0,"pct":100},"statements":{"total":3,"covered":3,"skipped":0,"pct":100},"branches":{"total":0,"covered":0,"skipped":0,"pct":100}}
,"/home/dariel/Documents/projetos/llsim/programa-de-captura/src/reportWebVitals.ts": {"lines":{"total":8,"covered":2,"skipped":0,"pct":25},"functions":{"total":2,"covered":1,"skipped":0,"pct":50},"statements":{"total":8,"covered":2,"skipped":0,"pct":25},"branches":{"total":4,"covered":2,"skipped":0,"pct":50}}
,"/home/dariel/Documents/projetos/llsim/programa-de-captura/src/router.tsx": {"lines":{"total":3,"covered":3,"skipped":0,"pct":100},"functions":{"total":1,"covered":1,"skipped":0,"pct":100},"statements":{"total":3,"covered":3,"skipped":0,"pct":100},"branches":{"total":0,"covered":0,"skipped":0,"pct":100}}
,"/home/dariel/Documents/projetos/llsim/programa-de-captura/src/utils.ts": {"lines":{"total":4,"covered":2,"skipped":0,"pct":50},"functions":{"total":2,"covered":1,"skipped":0,"pct":50},"statements":{"total":4,"covered":2,"skipped":0,"pct":50},"branches":{"total":3,"covered":0,"skipped":0,"pct":0}}
,"/home/dariel/Documents/projetos/llsim/programa-de-captura/src/components/index.ts": {"lines":{"total":0,"covered":0,"skipped":0,"pct":0},"functions":{"total":0,"covered":0,"skipped":0,"pct":0},"statements":{"total":0,"covered":0,"skipped":0,"pct":0},"branches":{"total":0,"covered":0,"skipped":0,"pct":0}}
,"/home/dariel/Documents/projetos/llsim/programa-de-captura/src/components/buttons/controlVideoButtons/ControlRecordingButton.tsx": {"lines":{"total":32,"covered":27,"skipped":0,"pct":84.37},"functions":{"total":10,"covered":8,"skipped":0,"pct":80},"statements":{"total":41,"covered":33,"skipped":0,"pct":80.48},"branches":{"total":40,"covered":33,"skipped":0,"pct":82.5}}
,"/home/dariel/Documents/projetos/llsim/programa-de-captura/src/components/buttons/iconButton/IconButton.tsx": {"lines":{"total":8,"covered":7,"skipped":0,"pct":87.5},"functions":{"total":3,"covered":3,"skipped":0,"pct":100},"statements":{"total":10,"covered":8,"skipped":0,"pct":80},"branches":{"total":8,"covered":5,"skipped":0,"pct":62.5}}
,"/home/dariel/Documents/projetos/llsim/programa-de-captura/src/components/buttons/menuButton/MenuButton.tsx": {"lines":{"total":6,"covered":3,"skipped":0,"pct":50},"functions":{"total":4,"covered":1,"skipped":0,"pct":25},"statements":{"total":6,"covered":3,"skipped":0,"pct":50},"branches":{"total":0,"covered":0,"skipped":0,"pct":100}}
,"/home/dariel/Documents/projetos/llsim/programa-de-captura/src/components/buttons/movimentsButtons/MovimentsButtons.tsx": {"lines":{"total":7,"covered":6,"skipped":0,"pct":85.71},"functions":{"total":6,"covered":4,"skipped":0,"pct":66.66},"statements":{"total":9,"covered":7,"skipped":0,"pct":77.77},"branches":{"total":10,"covered":8,"skipped":0,"pct":80}}
,"/home/dariel/Documents/projetos/llsim/programa-de-captura/src/components/cards/cardLogin/CardLogin.tsx": {"lines":{"total":1,"covered":1,"skipped":0,"pct":100},"functions":{"total":1,"covered":1,"skipped":0,"pct":100},"statements":{"total":1,"covered":1,"skipped":0,"pct":100},"branches":{"total":2,"covered":2,"skipped":0,"pct":100}}
,"/home/dariel/Documents/projetos/llsim/programa-de-captura/src/components/cards/cardRecordListed/CardRecordListed.tsx": {"lines":{"total":12,"covered":8,"skipped":0,"pct":66.66},"functions":{"total":4,"covered":2,"skipped":0,"pct":50},"statements":{"total":15,"covered":9,"skipped":0,"pct":60},"branches":{"total":16,"covered":10,"skipped":0,"pct":62.5}}
,"/home/dariel/Documents/projetos/llsim/programa-de-captura/src/components/cards/cardRecording/CardRecording.tsx": {"lines":{"total":6,"covered":5,"skipped":0,"pct":83.33},"functions":{"total":4,"covered":2,"skipped":0,"pct":50},"statements":{"total":6,"covered":5,"skipped":0,"pct":83.33},"branches":{"total":4,"covered":4,"skipped":0,"pct":100}}
,"/home/dariel/Documents/projetos/llsim/programa-de-captura/src/components/forms/formBaby/FormPatient.tsx": {"lines":{"total":16,"covered":15,"skipped":0,"pct":93.75},"functions":{"total":8,"covered":8,"skipped":0,"pct":100},"statements":{"total":16,"covered":15,"skipped":0,"pct":93.75},"branches":{"total":4,"covered":3,"skipped":0,"pct":75}}
,"/home/dariel/Documents/projetos/llsim/programa-de-captura/src/components/forms/formLogin/FormLogin.tsx": {"lines":{"total":14,"covered":13,"skipped":0,"pct":92.85},"functions":{"total":5,"covered":5,"skipped":0,"pct":100},"statements":{"total":14,"covered":13,"skipped":0,"pct":92.85},"branches":{"total":0,"covered":0,"skipped":0,"pct":100}}
,"/home/dariel/Documents/projetos/llsim/programa-de-captura/src/components/infiniteScroll/InfiniteScroll.tsx": {"lines":{"total":17,"covered":15,"skipped":0,"pct":88.23},"functions":{"total":4,"covered":4,"skipped":0,"pct":100},"statements":{"total":21,"covered":18,"skipped":0,"pct":85.71},"branches":{"total":13,"covered":11,"skipped":0,"pct":84.61}}
,"/home/dariel/Documents/projetos/llsim/programa-de-captura/src/components/inputs/inputDate/InputDate.tsx": {"lines":{"total":13,"covered":13,"skipped":0,"pct":100},"functions":{"total":2,"covered":2,"skipped":0,"pct":100},"statements":{"total":14,"covered":13,"skipped":0,"pct":92.85},"branches":{"total":10,"covered":5,"skipped":0,"pct":50}}
,"/home/dariel/Documents/projetos/llsim/programa-de-captura/src/components/inputs/inputPassword/InputPassword.tsx": {"lines":{"total":7,"covered":6,"skipped":0,"pct":85.71},"functions":{"total":4,"covered":2,"skipped":0,"pct":50},"statements":{"total":8,"covered":6,"skipped":0,"pct":75},"branches":{"total":4,"covered":2,"skipped":0,"pct":50}}
,"/home/dariel/Documents/projetos/llsim/programa-de-captura/src/components/inputs/inputSearch/InputSearch.tsx": {"lines":{"total":4,"covered":2,"skipped":0,"pct":50},"functions":{"total":2,"covered":1,"skipped":0,"pct":50},"statements":{"total":4,"covered":2,"skipped":0,"pct":50},"branches":{"total":4,"covered":2,"skipped":0,"pct":50}}
,"/home/dariel/Documents/projetos/llsim/programa-de-captura/src/components/links/TextLink/TextLink.tsx": {"lines":{"total":2,"covered":2,"skipped":0,"pct":100},"functions":{"total":2,"covered":2,"skipped":0,"pct":100},"statements":{"total":2,"covered":2,"skipped":0,"pct":100},"branches":{"total":2,"covered":2,"skipped":0,"pct":100}}
,"/home/dariel/Documents/projetos/llsim/programa-de-captura/src/components/modals/ManagePatientModal.tsx": {"lines":{"total":21,"covered":18,"skipped":0,"pct":85.71},"functions":{"total":4,"covered":4,"skipped":0,"pct":100},"statements":{"total":24,"covered":21,"skipped":0,"pct":87.5},"branches":{"total":13,"covered":11,"skipped":0,"pct":84.61}}
,"/home/dariel/Documents/projetos/llsim/programa-de-captura/src/components/modals/PatientInfoModal.tsx": {"lines":{"total":12,"covered":11,"skipped":0,"pct":91.66},"functions":{"total":2,"covered":2,"skipped":0,"pct":100},"statements":{"total":15,"covered":12,"skipped":0,"pct":80},"branches":{"total":10,"covered":6,"skipped":0,"pct":60}}
,"/home/dariel/Documents/projetos/llsim/programa-de-captura/src/components/modals/SelectCamsModal.tsx": {"lines":{"total":24,"covered":20,"skipped":0,"pct":83.33},"functions":{"total":12,"covered":9,"skipped":0,"pct":75},"statements":{"total":30,"covered":22,"skipped":0,"pct":73.33},"branches":{"total":16,"covered":11,"skipped":0,"pct":68.75}}
,"/home/dariel/Documents/projetos/llsim/programa-de-captura/src/components/offcanvas/OffcanvasFilter.tsx": {"lines":{"total":30,"covered":21,"skipped":0,"pct":70},"functions":{"total":12,"covered":7,"skipped":0,"pct":58.33},"statements":{"total":33,"covered":21,"skipped":0,"pct":63.63},"branches":{"total":14,"covered":4,"skipped":0,"pct":28.57}}
,"/home/dariel/Documents/projetos/llsim/programa-de-captura/src/components/tables/BabysTable.tsx": {"lines":{"total":5,"covered":5,"skipped":0,"pct":100},"functions":{"total":4,"covered":4,"skipped":0,"pct":100},"statements":{"total":6,"covered":6,"skipped":0,"pct":100},"branches":{"total":2,"covered":1,"skipped":0,"pct":50}}
,"/home/dariel/Documents/projetos/llsim/programa-de-captura/src/components/toasts/Alert.tsx": {"lines":{"total":4,"covered":4,"skipped":0,"pct":100},"functions":{"total":2,"covered":2,"skipped":0,"pct":100},"statements":{"total":4,"covered":4,"skipped":0,"pct":100},"branches":{"total":0,"covered":0,"skipped":0,"pct":100}}
,"/home/dariel/Documents/projetos/llsim/programa-de-captura/src/contexts/SystemContext.tsx": {"lines":{"total":31,"covered":22,"skipped":0,"pct":70.96},"functions":{"total":20,"covered":7,"skipped":0,"pct":35},"statements":{"total":40,"covered":23,"skipped":0,"pct":57.5},"branches":{"total":6,"covered":1,"skipped":0,"pct":16.66}}
,"/home/dariel/Documents/projetos/llsim/programa-de-captura/src/contexts/index.ts": {"lines":{"total":0,"covered":0,"skipped":0,"pct":0},"functions":{"total":0,"covered":0,"skipped":0,"pct":0},"statements":{"total":0,"covered":0,"skipped":0,"pct":0},"branches":{"total":0,"covered":0,"skipped":0,"pct":0}}
,"/home/dariel/Documents/projetos/llsim/programa-de-captura/src/hooks/index.ts": {"lines":{"total":0,"covered":0,"skipped":0,"pct":0},"functions":{"total":0,"covered":0,"skipped":0,"pct":0},"statements":{"total":0,"covered":0,"skipped":0,"pct":0},"branches":{"total":0,"covered":0,"skipped":0,"pct":0}}
,"/home/dariel/Documents/projetos/llsim/programa-de-captura/src/hooks/usePatients.tsx": {"lines":{"total":63,"covered":47,"skipped":0,"pct":74.6},"functions":{"total":12,"covered":12,"skipped":0,"pct":100},"statements":{"total":70,"covered":51,"skipped":0,"pct":72.85},"branches":{"total":8,"covered":1,"skipped":0,"pct":12.5}}
,"/home/dariel/Documents/projetos/llsim/programa-de-captura/src/hooks/useProjects.tsx": {"lines":{"total":54,"covered":21,"skipped":0,"pct":38.88},"functions":{"total":18,"covered":6,"skipped":0,"pct":33.33},"statements":{"total":67,"covered":25,"skipped":0,"pct":37.31},"branches":{"total":8,"covered":1,"skipped":0,"pct":12.5}}
,"/home/dariel/Documents/projetos/llsim/programa-de-captura/src/hooks/useRecording.tsx": {"lines":{"total":79,"covered":49,"skipped":0,"pct":62.02},"functions":{"total":24,"covered":16,"skipped":0,"pct":66.66},"statements":{"total":95,"covered":56,"skipped":0,"pct":58.94},"branches":{"total":12,"covered":2,"skipped":0,"pct":16.66}}
,"/home/dariel/Documents/projetos/llsim/programa-de-captura/src/hooks/useVideoDevice.tsx": {"lines":{"total":25,"covered":16,"skipped":0,"pct":64},"functions":{"total":6,"covered":3,"skipped":0,"pct":50},"statements":{"total":26,"covered":16,"skipped":0,"pct":61.53},"branches":{"total":4,"covered":2,"skipped":0,"pct":50}}
,"/home/dariel/Documents/projetos/llsim/programa-de-captura/src/layouts/index.ts": {"lines":{"total":0,"covered":0,"skipped":0,"pct":0},"functions":{"total":0,"covered":0,"skipped":0,"pct":0},"statements":{"total":0,"covered":0,"skipped":0,"pct":0},"branches":{"total":0,"covered":0,"skipped":0,"pct":0}}
,"/home/dariel/Documents/projetos/llsim/programa-de-captura/src/layouts/default/DefaultLayout.tsx": {"lines":{"total":1,"covered":1,"skipped":0,"pct":100},"functions":{"total":1,"covered":1,"skipped":0,"pct":100},"statements":{"total":1,"covered":1,"skipped":0,"pct":100},"branches":{"total":0,"covered":0,"skipped":0,"pct":100}}
,"/home/dariel/Documents/projetos/llsim/programa-de-captura/src/layouts/gridList/LayoutGridListBody.tsx": {"lines":{"total":2,"covered":2,"skipped":0,"pct":100},"functions":{"total":2,"covered":2,"skipped":0,"pct":100},"statements":{"total":2,"covered":2,"skipped":0,"pct":100},"branches":{"total":2,"covered":2,"skipped":0,"pct":100}}
,"/home/dariel/Documents/projetos/llsim/programa-de-captura/src/layouts/gridList/LayoutGridListButton.tsx": {"lines":{"total":1,"covered":1,"skipped":0,"pct":100},"functions":{"total":1,"covered":1,"skipped":0,"pct":100},"statements":{"total":1,"covered":1,"skipped":0,"pct":100},"branches":{"total":0,"covered":0,"skipped":0,"pct":100}}
,"/home/dariel/Documents/projetos/llsim/programa-de-captura/src/layouts/gridList/LayoutGridListFilters.tsx": {"lines":{"total":1,"covered":1,"skipped":0,"pct":100},"functions":{"total":1,"covered":1,"skipped":0,"pct":100},"statements":{"total":1,"covered":1,"skipped":0,"pct":100},"branches":{"total":0,"covered":0,"skipped":0,"pct":100}}
,"/home/dariel/Documents/projetos/llsim/programa-de-captura/src/layouts/gridList/LayoutGridListHeader.tsx": {"lines":{"total":1,"covered":1,"skipped":0,"pct":100},"functions":{"total":1,"covered":1,"skipped":0,"pct":100},"statements":{"total":1,"covered":1,"skipped":0,"pct":100},"branches":{"total":0,"covered":0,"skipped":0,"pct":100}}
,"/home/dariel/Documents/projetos/llsim/programa-de-captura/src/layouts/gridList/LayoutGridListRoot.tsx": {"lines":{"total":1,"covered":1,"skipped":0,"pct":100},"functions":{"total":1,"covered":1,"skipped":0,"pct":100},"statements":{"total":1,"covered":1,"skipped":0,"pct":100},"branches":{"total":0,"covered":0,"skipped":0,"pct":100}}
,"/home/dariel/Documents/projetos/llsim/programa-de-captura/src/layouts/gridList/index.ts": {"lines":{"total":1,"covered":1,"skipped":0,"pct":100},"functions":{"total":0,"covered":0,"skipped":0,"pct":100},"statements":{"total":1,"covered":1,"skipped":0,"pct":100},"branches":{"total":0,"covered":0,"skipped":0,"pct":100}}
,"/home/dariel/Documents/projetos/llsim/programa-de-captura/src/layouts/logged/LoggedLayout.tsx": {"lines":{"total":6,"covered":5,"skipped":0,"pct":83.33},"functions":{"total":2,"covered":2,"skipped":0,"pct":100},"statements":{"total":6,"covered":5,"skipped":0,"pct":83.33},"branches":{"total":2,"covered":1,"skipped":0,"pct":50}}
,"/home/dariel/Documents/projetos/llsim/programa-de-captura/src/layouts/playing/LayoutPlayingList.tsx": {"lines":{"total":1,"covered":1,"skipped":0,"pct":100},"functions":{"total":1,"covered":1,"skipped":0,"pct":100},"statements":{"total":1,"covered":1,"skipped":0,"pct":100},"branches":{"total":0,"covered":0,"skipped":0,"pct":100}}
,"/home/dariel/Documents/projetos/llsim/programa-de-captura/src/layouts/playing/LayoutPlayingListBody.tsx": {"lines":{"total":2,"covered":2,"skipped":0,"pct":100},"functions":{"total":2,"covered":2,"skipped":0,"pct":100},"statements":{"total":2,"covered":2,"skipped":0,"pct":100},"branches":{"total":2,"covered":2,"skipped":0,"pct":100}}
,"/home/dariel/Documents/projetos/llsim/programa-de-captura/src/layouts/playing/LayoutPlayingPlayer.tsx": {"lines":{"total":1,"covered":1,"skipped":0,"pct":100},"functions":{"total":1,"covered":1,"skipped":0,"pct":100},"statements":{"total":1,"covered":1,"skipped":0,"pct":100},"branches":{"total":5,"covered":4,"skipped":0,"pct":80}}
,"/home/dariel/Documents/projetos/llsim/programa-de-captura/src/layouts/playing/LayoutPlayingPlayerContainer.tsx": {"lines":{"total":1,"covered":1,"skipped":0,"pct":100},"functions":{"total":1,"covered":1,"skipped":0,"pct":100},"statements":{"total":1,"covered":1,"skipped":0,"pct":100},"branches":{"total":0,"covered":0,"skipped":0,"pct":100}}
,"/home/dariel/Documents/projetos/llsim/programa-de-captura/src/layouts/playing/LayoutPlayingPlaylist.tsx": {"lines":{"total":1,"covered":1,"skipped":0,"pct":100},"functions":{"total":1,"covered":1,"skipped":0,"pct":100},"statements":{"total":1,"covered":1,"skipped":0,"pct":100},"branches":{"total":2,"covered":2,"skipped":0,"pct":100}}
,"/home/dariel/Documents/projetos/llsim/programa-de-captura/src/layouts/playing/LayoutPlayingRoot.tsx": {"lines":{"total":1,"covered":1,"skipped":0,"pct":100},"functions":{"total":1,"covered":1,"skipped":0,"pct":100},"statements":{"total":1,"covered":1,"skipped":0,"pct":100},"branches":{"total":0,"covered":0,"skipped":0,"pct":100}}
,"/home/dariel/Documents/projetos/llsim/programa-de-captura/src/layouts/playing/LayoutPlayingSearch.tsx": {"lines":{"total":1,"covered":1,"skipped":0,"pct":100},"functions":{"total":1,"covered":1,"skipped":0,"pct":100},"statements":{"total":1,"covered":1,"skipped":0,"pct":100},"branches":{"total":0,"covered":0,"skipped":0,"pct":100}}
,"/home/dariel/Documents/projetos/llsim/programa-de-captura/src/layouts/playing/index.ts": {"lines":{"total":1,"covered":1,"skipped":0,"pct":100},"functions":{"total":0,"covered":0,"skipped":0,"pct":100},"statements":{"total":1,"covered":1,"skipped":0,"pct":100},"branches":{"total":0,"covered":0,"skipped":0,"pct":100}}
,"/home/dariel/Documents/projetos/llsim/programa-de-captura/src/layouts/recording/LayoutReacording.tsx": {"lines":{"total":1,"covered":1,"skipped":0,"pct":100},"functions":{"total":0,"covered":0,"skipped":0,"pct":100},"statements":{"total":1,"covered":1,"skipped":0,"pct":100},"branches":{"total":0,"covered":0,"skipped":0,"pct":100}}
,"/home/dariel/Documents/projetos/llsim/programa-de-captura/src/layouts/recording/LayoutRecordingBody.tsx": {"lines":{"total":89,"covered":76,"skipped":0,"pct":85.39},"functions":{"total":34,"covered":25,"skipped":0,"pct":73.52},"statements":{"total":113,"covered":88,"skipped":0,"pct":77.87},"branches":{"total":46,"covered":33,"skipped":0,"pct":71.73}}
,"/home/dariel/Documents/projetos/llsim/programa-de-captura/src/layouts/recording/LayoutRecordingButtonCams.tsx": {"lines":{"total":11,"covered":10,"skipped":0,"pct":90.9},"functions":{"total":2,"covered":2,"skipped":0,"pct":100},"statements":{"total":13,"covered":11,"skipped":0,"pct":84.61},"branches":{"total":8,"covered":6,"skipped":0,"pct":75}}
,"/home/dariel/Documents/projetos/llsim/programa-de-captura/src/layouts/recording/LayoutRecordingHeader.tsx": {"lines":{"total":1,"covered":1,"skipped":0,"pct":100},"functions":{"total":1,"covered":1,"skipped":0,"pct":100},"statements":{"total":1,"covered":1,"skipped":0,"pct":100},"branches":{"total":0,"covered":0,"skipped":0,"pct":100}}
,"/home/dariel/Documents/projetos/llsim/programa-de-captura/src/layouts/recording/LayoutRecordingRoot.tsx": {"lines":{"total":1,"covered":1,"skipped":0,"pct":100},"functions":{"total":1,"covered":1,"skipped":0,"pct":100},"statements":{"total":1,"covered":1,"skipped":0,"pct":100},"branches":{"total":0,"covered":0,"skipped":0,"pct":100}}
,"/home/dariel/Documents/projetos/llsim/programa-de-captura/src/layouts/table/LayoutTableBody.tsx": {"lines":{"total":2,"covered":2,"skipped":0,"pct":100},"functions":{"total":2,"covered":2,"skipped":0,"pct":100},"statements":{"total":2,"covered":2,"skipped":0,"pct":100},"branches":{"total":2,"covered":2,"skipped":0,"pct":100}}
,"/home/dariel/Documents/projetos/llsim/programa-de-captura/src/layouts/table/LayoutTableButton.tsx": {"lines":{"total":1,"covered":1,"skipped":0,"pct":100},"functions":{"total":1,"covered":1,"skipped":0,"pct":100},"statements":{"total":1,"covered":1,"skipped":0,"pct":100},"branches":{"total":0,"covered":0,"skipped":0,"pct":100}}
,"/home/dariel/Documents/projetos/llsim/programa-de-captura/src/layouts/table/LayoutTableHeader.tsx": {"lines":{"total":1,"covered":1,"skipped":0,"pct":100},"functions":{"total":1,"covered":1,"skipped":0,"pct":100},"statements":{"total":1,"covered":1,"skipped":0,"pct":100},"branches":{"total":0,"covered":0,"skipped":0,"pct":100}}
,"/home/dariel/Documents/projetos/llsim/programa-de-captura/src/layouts/table/LayoutTableRoot.tsx": {"lines":{"total":1,"covered":1,"skipped":0,"pct":100},"functions":{"total":1,"covered":1,"skipped":0,"pct":100},"statements":{"total":1,"covered":1,"skipped":0,"pct":100},"branches":{"total":0,"covered":0,"skipped":0,"pct":100}}
,"/home/dariel/Documents/projetos/llsim/programa-de-captura/src/layouts/table/LayoutTableSearch.tsx": {"lines":{"total":1,"covered":1,"skipped":0,"pct":100},"functions":{"total":1,"covered":1,"skipped":0,"pct":100},"statements":{"total":1,"covered":1,"skipped":0,"pct":100},"branches":{"total":0,"covered":0,"skipped":0,"pct":100}}
,"/home/dariel/Documents/projetos/llsim/programa-de-captura/src/layouts/table/index.ts": {"lines":{"total":1,"covered":1,"skipped":0,"pct":100},"functions":{"total":0,"covered":0,"skipped":0,"pct":100},"statements":{"total":1,"covered":1,"skipped":0,"pct":100},"branches":{"total":0,"covered":0,"skipped":0,"pct":100}}
,"/home/dariel/Documents/projetos/llsim/programa-de-captura/src/services/api.ts": {"lines":{"total":30,"covered":28,"skipped":0,"pct":93.33},"functions":{"total":19,"covered":17,"skipped":0,"pct":89.47},"statements":{"total":33,"covered":31,"skipped":0,"pct":93.93},"branches":{"total":12,"covered":12,"skipped":0,"pct":100}}
,"/home/dariel/Documents/projetos/llsim/programa-de-captura/src/services/localstorage.ts": {"lines":{"total":7,"covered":6,"skipped":0,"pct":85.71},"functions":{"total":2,"covered":1,"skipped":0,"pct":50},"statements":{"total":8,"covered":6,"skipped":0,"pct":75},"branches":{"total":2,"covered":1,"skipped":0,"pct":50}}
,"/home/dariel/Documents/projetos/llsim/programa-de-captura/src/views/CreateRecord.tsx": {"lines":{"total":54,"covered":44,"skipped":0,"pct":81.48},"functions":{"total":22,"covered":17,"skipped":0,"pct":77.27},"statements":{"total":58,"covered":48,"skipped":0,"pct":82.75},"branches":{"total":21,"covered":16,"skipped":0,"pct":76.19}}
,"/home/dariel/Documents/projetos/llsim/programa-de-captura/src/views/Login.tsx": {"lines":{"total":11,"covered":10,"skipped":0,"pct":90.9},"functions":{"total":2,"covered":2,"skipped":0,"pct":100},"statements":{"total":11,"covered":10,"skipped":0,"pct":90.9},"branches":{"total":0,"covered":0,"skipped":0,"pct":100}}
,"/home/dariel/Documents/projetos/llsim/programa-de-captura/src/views/Patients.tsx": {"lines":{"total":29,"covered":23,"skipped":0,"pct":79.31},"functions":{"total":13,"covered":9,"skipped":0,"pct":69.23},"statements":{"total":36,"covered":28,"skipped":0,"pct":77.77},"branches":{"total":17,"covered":16,"skipped":0,"pct":94.11}}
,"/home/dariel/Documents/projetos/llsim/programa-de-captura/src/views/PlayingRecord.tsx": {"lines":{"total":31,"covered":27,"skipped":0,"pct":87.09},"functions":{"total":12,"covered":10,"skipped":0,"pct":83.33},"statements":{"total":36,"covered":31,"skipped":0,"pct":86.11},"branches":{"total":20,"covered":19,"skipped":0,"pct":95}}
,"/home/dariel/Documents/projetos/llsim/programa-de-captura/src/views/Recordings.tsx": {"lines":{"total":23,"covered":18,"skipped":0,"pct":78.26},"functions":{"total":12,"covered":9,"skipped":0,"pct":75},"statements":{"total":28,"covered":23,"skipped":0,"pct":82.14},"branches":{"total":9,"covered":9,"skipped":0,"pct":100}}
,"/home/dariel/Documents/projetos/llsim/programa-de-captura/src/views/index.ts": {"lines":{"total":0,"covered":0,"skipped":0,"pct":0},"functions":{"total":0,"covered":0,"skipped":0,"pct":0},"statements":{"total":0,"covered":0,"skipped":0,"pct":0},"branches":{"total":0,"covered":0,"skipped":0,"pct":0}}
}
