TN:
SF:src/index.tsx
FNF:0
FNH:0
DA:10,4
DA:11,4
DA:25,4
LF:3
LH:3
BRF:0
BRH:0
end_of_record
TN:
SF:src/reportWebVitals.ts
FN:3,(anonymous_0)
FN:5,(anonymous_1)
FNF:2
FNH:1
FNDA:4,(anonymous_0)
FNDA:0,(anonymous_1)
DA:3,4
DA:4,4
DA:5,0
DA:6,0
DA:7,0
DA:8,0
DA:9,0
DA:10,0
LF:8
LH:2
BRDA:4,0,0,0
BRDA:4,0,1,4
BRDA:4,1,0,4
BRDA:4,1,1,0
BRF:4
BRH:2
end_of_record
TN:
SF:src/router.tsx
FN:14,Router
FNF:1
FNH:1
FNDA:9,Router
DA:5,4
DA:15,9
DA:38,9
LF:3
LH:3
BRF:0
BRH:0
end_of_record
TN:
SF:src/utils.ts
FN:2,(anonymous_0)
FN:6,(anonymous_1)
FNF:2
FNH:1
FNDA:0,(anonymous_0)
FNDA:4,(anonymous_1)
DA:1,4
DA:3,0
DA:4,0
DA:6,4
LF:4
LH:2
BRDA:4,0,0,0
BRDA:4,0,1,0
BRDA:4,0,2,0
BRF:3
BRH:0
end_of_record
TN:
SF:src/components/index.ts
FNF:0
FNH:0
LF:0
LH:0
BRF:0
BRH:0
end_of_record
TN:
SF:src/components/buttons/controlVideoButtons/ControlRecordingButton.tsx
FN:15,ControlRecordingButton
FN:23,(anonymous_1)
FN:27,(anonymous_2)
FN:32,(anonymous_3)
FN:44,(anonymous_4)
FN:46,(anonymous_5)
FN:46,(anonymous_6)
FN:47,(anonymous_7)
FN:50,(anonymous_8)
FN:64,(anonymous_9)
FNF:10
FNH:0
FNDA:0,ControlRecordingButton
FNDA:0,(anonymous_1)
FNDA:0,(anonymous_2)
FNDA:0,(anonymous_3)
FNDA:0,(anonymous_4)
FNDA:0,(anonymous_5)
FNDA:0,(anonymous_6)
FNDA:0,(anonymous_7)
FNDA:0,(anonymous_8)
FNDA:0,(anonymous_9)
DA:17,0
DA:18,0
DA:21,0
DA:23,0
DA:24,0
DA:25,0
DA:27,0
DA:29,0
DA:32,0
DA:33,0
DA:35,0
DA:37,0
DA:39,0
DA:44,0
DA:45,0
DA:46,0
DA:47,0
DA:50,0
DA:51,0
DA:53,0
DA:54,0
DA:56,0
DA:57,0
DA:59,0
DA:60,0
DA:64,0
DA:65,0
DA:66,0
DA:67,0
DA:69,0
DA:71,0
DA:75,0
LF:32
LH:0
BRDA:33,0,0,0
BRDA:33,0,1,0
BRDA:33,0,2,0
BRDA:34,1,0,0
BRDA:34,1,1,0
BRDA:36,2,0,0
BRDA:36,2,1,0
BRDA:45,3,0,0
BRDA:45,3,1,0
BRDA:51,4,0,0
BRDA:51,4,1,0
BRDA:51,4,2,0
BRDA:52,5,0,0
BRDA:52,5,1,0
BRDA:53,6,0,0
BRDA:53,6,1,0
BRDA:55,7,0,0
BRDA:55,7,1,0
BRDA:56,8,0,0
BRDA:56,8,1,0
BRDA:59,9,0,0
BRDA:59,9,1,0
BRDA:67,10,0,0
BRDA:67,10,1,0
BRDA:79,11,0,0
BRDA:79,11,1,0
BRDA:83,12,0,0
BRDA:83,12,1,0
BRDA:87,13,0,0
BRDA:87,13,1,0
BRDA:93,14,0,0
BRDA:93,14,1,0
BRDA:94,15,0,0
BRDA:94,15,1,0
BRDA:94,16,0,0
BRDA:94,16,1,0
BRDA:98,17,0,0
BRDA:98,17,1,0
BRDA:101,18,0,0
BRDA:101,18,1,0
BRF:40
BRH:0
end_of_record
TN:
SF:src/components/buttons/iconButton/IconButton.tsx
FN:13,(anonymous_0)
FN:19,(anonymous_1)
FN:22,(anonymous_2)
FNF:3
FNH:1
FNDA:28,(anonymous_0)
FNDA:0,(anonymous_1)
FNDA:0,(anonymous_2)
DA:12,4
DA:15,28
DA:18,28
DA:20,0
DA:21,0
DA:22,0
DA:23,0
DA:28,28
LF:8
LH:4
BRDA:20,0,0,0
BRDA:20,0,1,0
BRDA:23,1,0,0
BRDA:23,1,1,0
BRDA:36,2,0,0
BRDA:36,2,1,28
BRDA:41,3,0,28
BRDA:41,3,1,0
BRF:8
BRH:2
end_of_record
TN:
SF:src/components/buttons/menuButton/MenuButton.tsx
FN:7,MenuButton
FN:16,(anonymous_1)
FN:23,(anonymous_2)
FN:25,(anonymous_3)
FNF:4
FNH:0
FNDA:0,MenuButton
FNDA:0,(anonymous_1)
FNDA:0,(anonymous_2)
FNDA:0,(anonymous_3)
DA:9,0
DA:12,0
DA:14,0
DA:16,0
DA:23,0
DA:33,0
LF:6
LH:0
BRF:0
BRH:0
end_of_record
TN:
SF:src/components/buttons/movimentsButtons/MovimentsButtons.tsx
FN:13,MovimentsButtons
FN:24,(anonymous_1)
FN:34,(anonymous_2)
FN:34,(anonymous_3)
FN:38,(anonymous_4)
FN:40,(anonymous_5)
FNF:6
FNH:0
FNDA:0,MovimentsButtons
FNDA:0,(anonymous_1)
FNDA:0,(anonymous_2)
FNDA:0,(anonymous_3)
FNDA:0,(anonymous_4)
FNDA:0,(anonymous_5)
DA:20,0
DA:23,0
DA:25,0
DA:30,0
DA:34,0
DA:39,0
DA:40,0
LF:7
LH:0
BRDA:25,0,0,0
BRDA:25,0,1,0
BRDA:31,1,0,0
BRDA:31,1,1,0
BRDA:43,2,0,0
BRDA:43,2,1,0
BRDA:44,3,0,0
BRDA:44,3,1,0
BRDA:47,4,0,0
BRDA:47,4,1,0
BRF:10
BRH:0
end_of_record
TN:
SF:src/components/cards/cardLogin/CardLogin.tsx
FN:11,CardLogin
FNF:1
FNH:0
FNDA:0,CardLogin
DA:12,0
LF:1
LH:0
BRDA:22,0,0,0
BRDA:22,0,1,0
BRF:2
BRH:0
end_of_record
TN:
SF:src/components/cards/cardRecordListed/CardRecordListed.tsx
FN:17,CardRecordListed
FN:26,(anonymous_1)
FN:38,(anonymous_2)
FN:42,(anonymous_3)
FNF:4
FNH:0
FNDA:0,CardRecordListed
FNDA:0,(anonymous_1)
FNDA:0,(anonymous_2)
FNDA:0,(anonymous_3)
DA:19,0
DA:22,0
DA:25,0
DA:27,0
DA:28,0
DA:30,0
DA:31,0
DA:33,0
DA:38,0
DA:39,0
DA:42,0
DA:44,0
LF:12
LH:0
BRDA:27,0,0,0
BRDA:27,0,1,0
BRDA:28,1,0,0
BRDA:28,1,1,0
BRDA:31,2,0,0
BRDA:31,2,1,0
BRDA:31,3,0,0
BRDA:31,3,1,0
BRDA:49,4,0,0
BRDA:49,4,1,0
BRDA:51,5,0,0
BRDA:51,5,1,0
BRDA:58,6,0,0
BRDA:58,6,1,0
BRDA:89,7,0,0
BRDA:89,7,1,0
BRF:16
BRH:0
end_of_record
TN:
SF:src/components/cards/cardRecording/CardRecording.tsx
FN:13,CardRecording
FN:15,(anonymous_1)
FN:19,(anonymous_2)
FN:23,(anonymous_3)
FNF:4
FNH:0
FNDA:0,CardRecording
FNDA:0,(anonymous_1)
FNDA:0,(anonymous_2)
FNDA:0,(anonymous_3)
DA:15,0
DA:16,0
DA:19,0
DA:20,0
DA:23,0
DA:25,0
LF:6
LH:0
BRDA:30,0,0,0
BRDA:30,0,1,0
BRDA:58,1,0,0
BRDA:58,1,1,0
BRF:4
BRH:0
end_of_record
TN:
SF:src/components/forms/formBaby/FormPatient.tsx
FN:21,FormPatient
FN:27,(anonymous_1)
FN:48,(anonymous_2)
FN:69,(anonymous_3)
FN:75,(anonymous_4)
FN:88,(anonymous_5)
FN:102,(anonymous_6)
FN:115,(anonymous_7)
FNF:8
FNH:8
FNDA:17,FormPatient
FNDA:2,(anonymous_1)
FNDA:120,(anonymous_2)
FNDA:2,(anonymous_3)
FNDA:240,(anonymous_4)
FNDA:1,(anonymous_5)
FNDA:2,(anonymous_6)
FNDA:34,(anonymous_7)
DA:23,17
DA:26,16
DA:28,2
DA:29,2
DA:30,2
DA:31,2
DA:33,0
DA:35,2
DA:41,16
DA:49,120
DA:70,2
DA:76,240
DA:88,1
DA:102,2
DA:115,34
DA:127,4
LF:16
LH:15
BRDA:70,0,0,2
BRDA:70,0,1,0
BRDA:72,1,0,86
BRDA:72,1,1,34
BRF:4
BRH:3
end_of_record
TN:
SF:src/components/forms/formLogin/FormLogin.tsx
FN:19,FormLogin
FN:28,(anonymous_1)
FN:49,(anonymous_2)
FN:59,(anonymous_3)
FN:70,(anonymous_4)
FNF:5
FNH:0
FNDA:0,FormLogin
FNDA:0,(anonymous_1)
FNDA:0,(anonymous_2)
FNDA:0,(anonymous_3)
FNDA:0,(anonymous_4)
DA:21,0
DA:24,0
DA:27,0
DA:29,0
DA:30,0
DA:31,0
DA:32,0
DA:34,0
DA:36,0
DA:42,0
DA:50,0
DA:59,0
DA:70,0
DA:84,4
LF:14
LH:1
BRF:0
BRH:0
end_of_record
TN:
SF:src/components/infiniteScroll/InfiniteScroll.tsx
FN:16,InfiniteScroll
FN:25,(anonymous_1)
FN:34,(anonymous_2)
FN:40,(anonymous_3)
FNF:4
FNH:3
FNDA:42,InfiniteScroll
FNDA:3,(anonymous_1)
FNDA:3,(anonymous_2)
FNDA:0,(anonymous_3)
DA:18,42
DA:21,42
DA:22,42
DA:25,42
DA:26,3
DA:27,3
DA:29,3
DA:30,3
DA:34,42
DA:35,3
DA:37,0
DA:38,0
DA:39,0
DA:40,0
DA:41,0
DA:43,0
DA:47,42
LF:17
LH:11
BRDA:27,0,0,0
BRDA:27,0,1,3
BRDA:27,1,0,3
BRDA:27,1,1,3
BRDA:27,1,2,3
BRDA:29,2,0,0
BRDA:29,2,1,3
BRDA:35,3,0,3
BRDA:35,3,1,0
BRDA:39,4,0,0
BRDA:39,4,1,0
BRDA:58,5,0,42
BRDA:58,5,1,4
BRF:13
BRH:8
end_of_record
TN:
SF:src/components/inputs/inputDate/InputDate.tsx
FN:11,InputBirthBaby
FN:17,(anonymous_1)
FNF:2
FNH:2
FNDA:120,InputBirthBaby
FNDA:1,(anonymous_1)
DA:13,120
DA:16,120
DA:18,1
DA:21,1
DA:23,1
DA:24,1
DA:27,1
DA:29,1
DA:30,1
DA:31,1
DA:32,1
DA:34,1
DA:39,120
LF:13
LH:13
BRDA:21,0,0,0
BRDA:21,0,1,1
BRDA:29,1,0,0
BRDA:29,1,1,1
BRDA:30,2,0,0
BRDA:30,2,1,1
BRDA:31,3,0,0
BRDA:31,3,1,1
BRDA:32,4,0,0
BRDA:32,4,1,1
BRF:10
BRH:5
end_of_record
TN:
SF:src/components/inputs/inputPassword/InputPassword.tsx
FN:11,InputPassword
FN:17,(anonymous_1)
FN:24,(anonymous_2)
FN:25,(anonymous_3)
FNF:4
FNH:0
FNDA:0,InputPassword
FNDA:0,(anonymous_1)
FNDA:0,(anonymous_2)
FNDA:0,(anonymous_3)
DA:13,0
DA:16,0
DA:18,0
DA:19,0
DA:24,0
DA:25,0
DA:28,0
LF:7
LH:0
BRDA:32,0,0,0
BRDA:32,0,1,0
BRDA:38,1,0,0
BRDA:38,1,1,0
BRF:4
BRH:0
end_of_record
TN:
SF:src/components/inputs/inputSearch/InputSearch.tsx
FN:11,InputSearch
FN:14,(anonymous_1)
FNF:2
FNH:1
FNDA:42,InputSearch
FNDA:0,(anonymous_1)
DA:13,42
DA:15,0
DA:16,0
DA:21,42
LF:4
LH:2
BRDA:16,0,0,0
BRDA:16,0,1,0
BRDA:24,1,0,42
BRDA:24,1,1,42
BRF:4
BRH:2
end_of_record
TN:
SF:src/components/links/TextLink/TextLink.tsx
FN:5,TextLink
FN:8,(anonymous_1)
FNF:2
FNH:2
FNDA:28,TextLink
FNDA:28,(anonymous_1)
DA:6,28
DA:9,28
LF:2
LH:2
BRDA:9,0,0,14
BRDA:9,0,1,14
BRF:2
BRH:2
end_of_record
TN:
SF:src/components/modals/ManagePatientModal.tsx
FN:16,ManagePatientModal
FN:31,(anonymous_1)
FN:44,(anonymous_2)
FN:57,(anonymous_3)
FNF:4
FNH:4
FNDA:46,ManagePatientModal
FNDA:1,(anonymous_1)
FNDA:1,(anonymous_2)
FNDA:2,(anonymous_3)
DA:8,4
DA:24,46
DA:27,46
DA:30,46
DA:32,1
DA:33,1
DA:34,1
DA:35,1
DA:37,0
DA:43,46
DA:45,1
DA:46,1
DA:47,1
DA:48,1
DA:50,0
DA:56,46
DA:58,2
DA:59,2
DA:60,1
DA:62,0
DA:68,46
LF:21
LH:18
BRDA:35,0,0,1
BRDA:35,0,1,0
BRDA:48,1,0,1
BRDA:48,1,1,0
BRDA:59,2,0,1
BRDA:59,2,1,1
BRDA:71,3,0,8
BRDA:71,3,1,38
BRDA:81,4,0,8
BRDA:81,4,1,38
BRDA:82,5,0,46
BRDA:82,5,1,44
BRDA:82,5,2,4
BRF:13
BRH:11
end_of_record
TN:
SF:src/components/modals/PatientInfoModal.tsx
FN:14,PatientInfoModal
FN:28,(anonymous_1)
FNF:2
FNH:2
FNDA:44,PatientInfoModal
FNDA:1,(anonymous_1)
DA:22,44
DA:25,44
DA:28,44
DA:29,1
DA:31,1
DA:32,1
DA:34,1
DA:35,1
DA:36,1
DA:37,1
DA:39,0
DA:43,44
LF:12
LH:11
BRDA:29,0,0,0
BRDA:29,0,1,1
BRDA:32,1,0,0
BRDA:32,1,1,1
BRDA:37,2,0,1
BRDA:37,2,1,0
BRDA:60,3,0,0
BRDA:60,3,1,44
BRDA:91,4,0,44
BRDA:91,4,1,2
BRF:10
BRH:6
end_of_record
TN:
SF:src/components/modals/SelectCamsModal.tsx
FN:14,SelectCamsModal
FN:35,(anonymous_1)
FN:37,(anonymous_2)
FN:38,(anonymous_3)
FN:39,(anonymous_4)
FN:46,(anonymous_5)
FN:51,(anonymous_6)
FN:56,(anonymous_7)
FN:85,(anonymous_8)
FN:86,(anonymous_9)
FN:93,(anonymous_10)
FN:101,(anonymous_11)
FNF:12
FNH:0
FNDA:0,SelectCamsModal
FNDA:0,(anonymous_1)
FNDA:0,(anonymous_2)
FNDA:0,(anonymous_3)
FNDA:0,(anonymous_4)
FNDA:0,(anonymous_5)
FNDA:0,(anonymous_6)
FNDA:0,(anonymous_7)
FNDA:0,(anonymous_8)
FNDA:0,(anonymous_9)
FNDA:0,(anonymous_10)
FNDA:0,(anonymous_11)
DA:23,0
DA:26,0
DA:31,0
DA:34,0
DA:36,0
DA:37,0
DA:38,0
DA:39,0
DA:40,0
DA:46,0
DA:47,0
DA:48,0
DA:51,0
DA:52,0
DA:53,0
DA:54,0
DA:56,0
DA:57,0
DA:60,0
DA:86,0
DA:89,0
DA:93,0
DA:102,0
DA:103,0
LF:24
LH:0
BRDA:36,0,0,0
BRDA:36,0,1,0
BRDA:36,1,0,0
BRDA:36,1,1,0
BRDA:38,2,0,0
BRDA:38,2,1,0
BRDA:48,3,0,0
BRDA:48,3,1,0
BRDA:53,4,0,0
BRDA:53,4,1,0
BRDA:69,5,0,0
BRDA:69,5,1,0
BRDA:102,6,0,0
BRDA:102,6,1,0
BRDA:108,7,0,0
BRDA:108,7,1,0
BRF:16
BRH:0
end_of_record
TN:
SF:src/components/offcanvas/OffcanvasFilter.tsx
FN:14,OffcanvasRecordingFilter
FN:41,(anonymous_1)
FN:44,(anonymous_2)
FN:45,(anonymous_3)
FN:49,(anonymous_4)
FN:50,(anonymous_5)
FN:52,(anonymous_6)
FN:58,(anonymous_7)
FN:64,(anonymous_8)
FN:70,(anonymous_9)
FN:88,(anonymous_10)
FN:103,(anonymous_11)
FNF:12
FNH:0
FNDA:0,OffcanvasRecordingFilter
FNDA:0,(anonymous_1)
FNDA:0,(anonymous_2)
FNDA:0,(anonymous_3)
FNDA:0,(anonymous_4)
FNDA:0,(anonymous_5)
FNDA:0,(anonymous_6)
FNDA:0,(anonymous_7)
FNDA:0,(anonymous_8)
FNDA:0,(anonymous_9)
FNDA:0,(anonymous_10)
FNDA:0,(anonymous_11)
DA:16,0
DA:24,0
DA:31,0
DA:34,0
DA:35,0
DA:37,0
DA:38,0
DA:41,0
DA:43,0
DA:44,0
DA:45,0
DA:48,0
DA:49,0
DA:50,0
DA:52,0
DA:53,0
DA:54,0
DA:58,0
DA:59,0
DA:60,0
DA:61,0
DA:64,0
DA:65,0
DA:66,0
DA:67,0
DA:70,0
DA:71,0
DA:74,0
DA:89,0
DA:104,0
LF:30
LH:0
BRDA:60,0,0,0
BRDA:60,0,1,0
BRDA:60,1,0,0
BRDA:60,1,1,0
BRDA:66,2,0,0
BRDA:66,2,1,0
BRDA:66,3,0,0
BRDA:66,3,1,0
BRDA:71,4,0,0
BRDA:71,4,1,0
BRDA:84,5,0,0
BRDA:84,5,1,0
BRDA:99,6,0,0
BRDA:99,6,1,0
BRF:14
BRH:0
end_of_record
TN:
SF:src/components/tables/BabysTable.tsx
FN:9,BabysTable
FN:12,(anonymous_1)
FN:28,(anonymous_2)
FN:32,(anonymous_3)
FNF:4
FNH:4
FNDA:26,BabysTable
FNDA:2,(anonymous_1)
FNDA:962,(anonymous_2)
FNDA:2,(anonymous_3)
DA:11,26
DA:13,2
DA:18,26
DA:29,962
DA:32,2
LF:5
LH:5
BRDA:13,0,0,2
BRDA:13,0,1,0
BRF:2
BRH:1
end_of_record
TN:
SF:src/components/toasts/Alert.tsx
FN:7,Alert
FN:13,(anonymous_1)
FNF:2
FNH:2
FNDA:14,Alert
FNDA:6,(anonymous_1)
DA:5,4
DA:9,14
DA:11,14
DA:14,6
LF:4
LH:4
BRF:0
BRH:0
end_of_record
TN:
SF:src/contexts/SystemContext.tsx
FN:28,(anonymous_0)
FN:30,(anonymous_1)
FN:33,SystemProvider
FN:39,(anonymous_3)
FN:45,(anonymous_4)
FN:47,(anonymous_5)
FN:50,(anonymous_6)
FN:51,(anonymous_7)
FN:51,(anonymous_8)
FN:51,(anonymous_9)
FN:55,(anonymous_10)
FN:56,(anonymous_11)
FN:56,(anonymous_12)
FN:57,(anonymous_13)
FN:63,(anonymous_14)
FN:66,(anonymous_15)
FN:67,(anonymous_16)
FN:70,(anonymous_17)
FN:71,(anonymous_18)
FN:79,(anonymous_19)
FNF:20
FNH:6
FNDA:0,(anonymous_0)
FNDA:0,(anonymous_1)
FNDA:15,SystemProvider
FNDA:8,(anonymous_3)
FNDA:8,(anonymous_4)
FNDA:4,(anonymous_5)
FNDA:0,(anonymous_6)
FNDA:0,(anonymous_7)
FNDA:0,(anonymous_8)
FNDA:0,(anonymous_9)
FNDA:0,(anonymous_10)
FNDA:0,(anonymous_11)
FNDA:0,(anonymous_12)
FNDA:0,(anonymous_13)
FNDA:3,(anonymous_14)
FNDA:3,(anonymous_15)
FNDA:0,(anonymous_16)
FNDA:0,(anonymous_17)
FNDA:0,(anonymous_18)
FNDA:0,(anonymous_19)
DA:7,4
DA:26,4
DA:35,15
DA:36,14
DA:39,14
DA:40,8
DA:41,8
DA:42,8
DA:45,14
DA:46,8
DA:47,8
DA:50,14
DA:51,0
DA:54,14
DA:56,0
DA:57,0
DA:62,14
DA:64,3
DA:65,3
DA:66,3
DA:67,3
DA:70,3
DA:71,0
DA:73,3
DA:79,14
DA:80,0
DA:81,0
DA:84,0
DA:85,0
DA:86,0
DA:89,14
LF:31
LH:22
BRDA:56,0,0,0
BRDA:56,0,1,0
BRDA:70,1,0,0
BRDA:70,1,1,3
BRDA:81,2,0,0
BRDA:81,2,1,0
BRF:6
BRH:1
end_of_record
TN:
SF:src/contexts/index.ts
FNF:0
FNH:0
LF:0
LH:0
BRF:0
BRH:0
end_of_record
TN:
SF:src/hooks/index.ts
FNF:0
FNH:0
LF:0
LH:0
BRF:0
BRH:0
end_of_record
TN:
SF:src/hooks/usePatients.tsx
FN:11,usePatients
FN:24,(anonymous_1)
FN:28,(anonymous_2)
FN:30,(anonymous_3)
FN:41,(anonymous_4)
FN:49,(anonymous_5)
FN:53,(anonymous_6)
FN:72,(anonymous_7)
FN:76,(anonymous_8)
FN:95,(anonymous_9)
FN:99,(anonymous_10)
FN:117,(anonymous_11)
FNF:12
FNH:12
FNDA:132,usePatients
FNDA:10,(anonymous_1)
FNDA:10,(anonymous_2)
FNDA:14,(anonymous_3)
FNDA:18,(anonymous_4)
FNDA:1,(anonymous_5)
FNDA:1,(anonymous_6)
FNDA:1,(anonymous_7)
FNDA:1,(anonymous_8)
FNDA:1,(anonymous_9)
FNDA:1,(anonymous_10)
FNDA:4,(anonymous_11)
DA:8,4
DA:13,132
DA:16,132
DA:17,132
DA:18,132
DA:19,132
DA:20,132
DA:23,132
DA:25,10
DA:26,10
DA:28,10
DA:29,10
DA:30,14
DA:31,10
DA:32,6
DA:33,6
DA:35,4
DA:36,0
DA:37,0
DA:38,0
DA:39,0
DA:41,18
DA:48,132
DA:50,1
DA:51,1
DA:53,1
DA:54,1
DA:55,1
DA:56,1
DA:57,1
DA:59,0
DA:60,0
DA:61,0
DA:62,0
DA:64,1
DA:71,132
DA:73,1
DA:74,1
DA:76,1
DA:77,1
DA:78,1
DA:79,1
DA:80,1
DA:82,0
DA:83,0
DA:84,0
DA:85,0
DA:87,1
DA:94,132
DA:96,1
DA:97,1
DA:99,1
DA:100,1
DA:101,1
DA:102,1
DA:103,1
DA:105,0
DA:106,0
DA:107,0
DA:108,0
DA:110,1
DA:117,132
DA:119,132
LF:63
LH:47
BRDA:35,0,0,4
BRDA:35,0,1,0
BRDA:59,1,0,0
BRDA:59,1,1,0
BRDA:82,2,0,0
BRDA:82,2,1,0
BRDA:105,3,0,0
BRDA:105,3,1,0
BRF:8
BRH:1
end_of_record
TN:
SF:src/hooks/useProjects.tsx
FN:7,useProject
FN:16,(anonymous_1)
FN:20,(anonymous_2)
FN:22,(anonymous_3)
FN:32,(anonymous_4)
FN:37,(anonymous_5)
FN:41,(anonymous_6)
FN:45,(anonymous_7)
FN:45,(anonymous_8)
FN:57,(anonymous_9)
FN:61,(anonymous_10)
FN:65,(anonymous_11)
FN:65,(anonymous_12)
FN:77,(anonymous_13)
FN:81,(anonymous_14)
FN:85,(anonymous_15)
FN:85,(anonymous_16)
FN:97,(anonymous_17)
FNF:18
FNH:0
FNDA:0,useProject
FNDA:0,(anonymous_1)
FNDA:0,(anonymous_2)
FNDA:0,(anonymous_3)
FNDA:0,(anonymous_4)
FNDA:0,(anonymous_5)
FNDA:0,(anonymous_6)
FNDA:0,(anonymous_7)
FNDA:0,(anonymous_8)
FNDA:0,(anonymous_9)
FNDA:0,(anonymous_10)
FNDA:0,(anonymous_11)
FNDA:0,(anonymous_12)
FNDA:0,(anonymous_13)
FNDA:0,(anonymous_14)
FNDA:0,(anonymous_15)
FNDA:0,(anonymous_16)
FNDA:0,(anonymous_17)
DA:9,0
DA:10,0
DA:11,0
DA:12,0
DA:13,0
DA:16,0
DA:17,0
DA:18,0
DA:20,0
DA:21,0
DA:22,0
DA:23,0
DA:24,0
DA:25,0
DA:27,0
DA:28,0
DA:29,0
DA:30,0
DA:32,0
DA:37,0
DA:38,0
DA:41,0
DA:42,0
DA:43,0
DA:45,0
DA:46,0
DA:48,0
DA:49,0
DA:50,0
DA:52,0
DA:57,0
DA:58,0
DA:61,0
DA:62,0
DA:63,0
DA:65,0
DA:66,0
DA:68,0
DA:69,0
DA:70,0
DA:72,0
DA:77,0
DA:78,0
DA:81,0
DA:82,0
DA:83,0
DA:85,0
DA:86,0
DA:88,0
DA:89,0
DA:90,0
DA:92,0
DA:97,0
DA:99,0
LF:54
LH:0
BRDA:27,0,0,0
BRDA:27,0,1,0
BRDA:48,1,0,0
BRDA:48,1,1,0
BRDA:68,2,0,0
BRDA:68,2,1,0
BRDA:88,3,0,0
BRDA:88,3,1,0
BRF:8
BRH:0
end_of_record
TN:
SF:src/hooks/useRecording.tsx
FN:10,useRecording
FN:21,(anonymous_1)
FN:26,(anonymous_2)
FN:28,(anonymous_3)
FN:38,(anonymous_4)
FN:43,(anonymous_5)
FN:48,(anonymous_6)
FN:50,(anonymous_7)
FN:53,(anonymous_8)
FN:64,(anonymous_9)
FN:69,(anonymous_10)
FN:73,(anonymous_11)
FN:77,(anonymous_12)
FN:77,(anonymous_13)
FN:89,(anonymous_14)
FN:93,(anonymous_15)
FN:95,(anonymous_16)
FN:98,(anonymous_17)
FN:103,(anonymous_18)
FN:104,(anonymous_19)
FN:121,(anonymous_20)
FN:125,(anonymous_21)
FN:129,(anonymous_22)
FN:129,(anonymous_23)
FN:141,(anonymous_24)
FNF:25
FNH:0
FNDA:0,useRecording
FNDA:0,(anonymous_1)
FNDA:0,(anonymous_2)
FNDA:0,(anonymous_3)
FNDA:0,(anonymous_4)
FNDA:0,(anonymous_5)
FNDA:0,(anonymous_6)
FNDA:0,(anonymous_7)
FNDA:0,(anonymous_8)
FNDA:0,(anonymous_9)
FNDA:0,(anonymous_10)
FNDA:0,(anonymous_11)
FNDA:0,(anonymous_12)
FNDA:0,(anonymous_13)
FNDA:0,(anonymous_14)
FNDA:0,(anonymous_15)
FNDA:0,(anonymous_16)
FNDA:0,(anonymous_17)
FNDA:0,(anonymous_18)
FNDA:0,(anonymous_19)
FNDA:0,(anonymous_20)
FNDA:0,(anonymous_21)
FNDA:0,(anonymous_22)
FNDA:0,(anonymous_23)
FNDA:0,(anonymous_24)
DA:7,4
DA:12,0
DA:13,0
DA:14,0
DA:15,0
DA:16,0
DA:17,0
DA:18,0
DA:21,0
DA:23,0
DA:24,0
DA:26,0
DA:27,0
DA:28,0
DA:29,0
DA:30,0
DA:31,0
DA:33,0
DA:34,0
DA:35,0
DA:36,0
DA:38,0
DA:43,0
DA:45,0
DA:48,0
DA:49,0
DA:50,0
DA:52,0
DA:53,0
DA:54,0
DA:56,0
DA:57,0
DA:59,0
DA:60,0
DA:61,0
DA:62,0
DA:64,0
DA:69,0
DA:70,0
DA:73,0
DA:74,0
DA:75,0
DA:77,0
DA:78,0
DA:80,0
DA:81,0
DA:82,0
DA:84,0
DA:89,0
DA:90,0
DA:91,0
DA:93,0
DA:95,0
DA:98,0
DA:99,0
DA:100,0
DA:101,0
DA:102,0
DA:103,0
DA:104,0
DA:105,0
DA:109,0
DA:110,0
DA:112,0
DA:113,0
DA:114,0
DA:116,0
DA:121,0
DA:122,0
DA:125,0
DA:126,0
DA:127,0
DA:129,0
DA:130,0
DA:132,0
DA:133,0
DA:134,0
DA:136,0
DA:141,0
DA:143,0
LF:80
LH:1
BRDA:33,0,0,0
BRDA:33,0,1,0
BRDA:54,1,0,0
BRDA:54,1,1,0
BRDA:59,2,0,0
BRDA:59,2,1,0
BRDA:80,3,0,0
BRDA:80,3,1,0
BRDA:112,4,0,0
BRDA:112,4,1,0
BRDA:132,5,0,0
BRDA:132,5,1,0
BRF:12
BRH:0
end_of_record
TN:
SF:src/hooks/useVideoDevice.tsx
FN:4,useVideoDevice
FN:12,(anonymous_1)
FN:30,(anonymous_2)
FN:33,(anonymous_3)
FN:36,(anonymous_4)
FN:39,(anonymous_5)
FNF:6
FNH:0
FNDA:0,useVideoDevice
FNDA:0,(anonymous_1)
FNDA:0,(anonymous_2)
FNDA:0,(anonymous_3)
FNDA:0,(anonymous_4)
FNDA:0,(anonymous_5)
DA:6,0
DA:9,0
DA:12,0
DA:13,0
DA:14,0
DA:24,0
DA:25,0
DA:28,0
DA:29,0
DA:30,0
DA:33,0
DA:34,0
DA:36,0
DA:38,0
DA:39,0
DA:40,0
DA:42,0
DA:43,0
DA:45,0
DA:46,0
DA:48,0
DA:49,0
DA:51,0
DA:53,0
DA:57,0
LF:25
LH:0
BRDA:30,0,0,0
BRDA:30,0,1,0
BRDA:43,1,0,0
BRDA:43,1,1,0
BRF:4
BRH:0
end_of_record
TN:
SF:src/layouts/index.ts
FNF:0
FNH:0
LF:0
LH:0
BRF:0
BRH:0
end_of_record
TN:
SF:src/layouts/default/DefaultLayout.tsx
FN:9,DefaultLayout
FNF:1
FNH:0
FNDA:0,DefaultLayout
DA:10,0
LF:1
LH:0
BRF:0
BRH:0
end_of_record
TN:
SF:src/layouts/gridList/LayoutGridListBody.tsx
FN:10,LayoutGridListBody
FN:17,(anonymous_1)
FNF:2
FNH:0
FNDA:0,LayoutGridListBody
FNDA:0,(anonymous_1)
DA:11,0
DA:18,0
LF:2
LH:0
BRDA:13,0,0,0
BRDA:13,0,1,0
BRF:2
BRH:0
end_of_record
TN:
SF:src/layouts/gridList/LayoutGridListButton.tsx
FN:6,LayoutGridListButton
FNF:1
FNH:0
FNDA:0,LayoutGridListButton
DA:7,0
LF:1
LH:0
BRF:0
BRH:0
end_of_record
TN:
SF:src/layouts/gridList/LayoutGridListFilters.tsx
FN:8,LayoutGridListFilters
FNF:1
FNH:0
FNDA:0,LayoutGridListFilters
DA:9,0
LF:1
LH:0
BRF:0
BRH:0
end_of_record
TN:
SF:src/layouts/gridList/LayoutGridListHeader.tsx
FN:8,LayoutGridListHeader
FNF:1
FNH:0
FNDA:0,LayoutGridListHeader
DA:9,0
LF:1
LH:0
BRF:0
BRH:0
end_of_record
TN:
SF:src/layouts/gridList/LayoutGridListRoot.tsx
FN:9,LayoutGridListRoot
FNF:1
FNH:0
FNDA:0,LayoutGridListRoot
DA:10,0
LF:1
LH:0
BRF:0
BRH:0
end_of_record
TN:
SF:src/layouts/gridList/index.ts
FNF:0
FNH:0
DA:7,4
LF:1
LH:1
BRF:0
BRH:0
end_of_record
TN:
SF:src/layouts/logged/LoggedLayout.tsx
FN:14,LoggedLayout
FN:19,(anonymous_1)
FNF:2
FNH:1
FNDA:15,LoggedLayout
FNDA:0,(anonymous_1)
DA:16,15
DA:19,14
DA:20,0
DA:21,0
DA:23,0
DA:27,14
LF:6
LH:3
BRDA:37,0,0,14
BRDA:37,0,1,0
BRF:2
BRH:1
end_of_record
TN:
SF:src/layouts/playing/LayoutPlayingList.tsx
FN:9,LayoutPlayingList
FNF:1
FNH:0
FNDA:0,LayoutPlayingList
DA:10,0
LF:1
LH:0
BRF:0
BRH:0
end_of_record
TN:
SF:src/layouts/playing/LayoutPlayingListBody.tsx
FN:10,LayoutPlayingListBody
FN:15,(anonymous_1)
FNF:2
FNH:0
FNDA:0,LayoutPlayingListBody
FNDA:0,(anonymous_1)
DA:11,0
DA:16,0
LF:2
LH:0
BRDA:13,0,0,0
BRDA:13,0,1,0
BRF:2
BRH:0
end_of_record
TN:
SF:src/layouts/playing/LayoutPlayingPlayer.tsx
FN:14,LayoutPlayingPlayer
FNF:1
FNH:0
FNDA:0,LayoutPlayingPlayer
DA:21,0
LF:1
LH:0
BRDA:24,0,0,0
BRDA:24,0,1,0
BRDA:24,0,2,0
BRDA:43,1,0,0
BRDA:43,1,1,0
BRF:5
BRH:0
end_of_record
TN:
SF:src/layouts/playing/LayoutPlayingPlayerContainer.tsx
FN:9,LayoutPlayingPlayerContainer
FNF:1
FNH:0
FNDA:0,LayoutPlayingPlayerContainer
DA:10,0
LF:1
LH:0
BRF:0
BRH:0
end_of_record
TN:
SF:src/layouts/playing/LayoutPlayingPlaylist.tsx
FN:12,LayoutPlayingPlaylist
FNF:1
FNH:0
FNDA:0,LayoutPlayingPlaylist
DA:13,0
LF:1
LH:0
BRDA:15,0,0,0
BRDA:15,0,1,0
BRF:2
BRH:0
end_of_record
TN:
SF:src/layouts/playing/LayoutPlayingRoot.tsx
FN:8,LayoutPlayingRoot
FNF:1
FNH:0
FNDA:0,LayoutPlayingRoot
DA:9,0
LF:1
LH:0
BRF:0
BRH:0
end_of_record
TN:
SF:src/layouts/playing/LayoutPlayingSearch.tsx
FN:7,LayoutPlayingSearch
FNF:1
FNH:0
FNDA:0,LayoutPlayingSearch
DA:8,0
LF:1
LH:0
BRF:0
BRH:0
end_of_record
TN:
SF:src/layouts/playing/index.ts
FNF:0
FNH:0
DA:9,4
LF:1
LH:1
BRF:0
BRH:0
end_of_record
TN:
SF:src/layouts/recording/LayoutReacording.tsx
FNF:0
FNH:0
DA:6,4
LF:1
LH:1
BRF:0
BRH:0
end_of_record
TN:
SF:src/layouts/recording/LayoutRecordingBody.tsx
FN:28,LayoutRecordingBody
FN:46,(anonymous_1)
FN:49,(anonymous_2)
FN:56,(anonymous_3)
FN:62,(anonymous_4)
FN:70,(anonymous_5)
FN:71,(anonymous_6)
FN:77,(anonymous_7)
FN:84,(anonymous_8)
FN:85,(anonymous_9)
FN:86,(anonymous_10)
FN:95,(anonymous_11)
FN:101,(anonymous_12)
FN:106,(anonymous_13)
FN:108,(anonymous_14)
FN:116,(anonymous_15)
FN:130,(anonymous_16)
FN:133,(anonymous_17)
FN:136,(anonymous_18)
FN:146,(anonymous_19)
FN:147,(anonymous_20)
FN:147,(anonymous_21)
FN:151,(anonymous_22)
FN:159,(anonymous_23)
FN:165,(anonymous_24)
FN:176,(anonymous_25)
FN:184,(anonymous_26)
FN:199,(anonymous_27)
FN:220,(anonymous_28)
FN:222,(anonymous_29)
FN:224,(anonymous_30)
FN:232,(anonymous_31)
FN:232,(anonymous_32)
FN:247,(anonymous_33)
FNF:34
FNH:0
FNDA:0,LayoutRecordingBody
FNDA:0,(anonymous_1)
FNDA:0,(anonymous_2)
FNDA:0,(anonymous_3)
FNDA:0,(anonymous_4)
FNDA:0,(anonymous_5)
FNDA:0,(anonymous_6)
FNDA:0,(anonymous_7)
FNDA:0,(anonymous_8)
FNDA:0,(anonymous_9)
FNDA:0,(anonymous_10)
FNDA:0,(anonymous_11)
FNDA:0,(anonymous_12)
FNDA:0,(anonymous_13)
FNDA:0,(anonymous_14)
FNDA:0,(anonymous_15)
FNDA:0,(anonymous_16)
FNDA:0,(anonymous_17)
FNDA:0,(anonymous_18)
FNDA:0,(anonymous_19)
FNDA:0,(anonymous_20)
FNDA:0,(anonymous_21)
FNDA:0,(anonymous_22)
FNDA:0,(anonymous_23)
FNDA:0,(anonymous_24)
FNDA:0,(anonymous_25)
FNDA:0,(anonymous_26)
FNDA:0,(anonymous_27)
FNDA:0,(anonymous_28)
FNDA:0,(anonymous_29)
FNDA:0,(anonymous_30)
FNDA:0,(anonymous_31)
FNDA:0,(anonymous_32)
FNDA:0,(anonymous_33)
DA:11,4
DA:30,0
DA:33,0
DA:36,0
DA:37,0
DA:39,0
DA:40,0
DA:42,0
DA:43,0
DA:46,0
DA:49,0
DA:50,0
DA:51,0
DA:52,0
DA:53,0
DA:56,0
DA:57,0
DA:58,0
DA:61,0
DA:63,0
DA:64,0
DA:69,0
DA:71,0
DA:72,0
DA:75,0
DA:78,0
DA:79,0
DA:84,0
DA:85,0
DA:86,0
DA:87,0
DA:89,0
DA:95,0
DA:96,0
DA:98,0
DA:100,0
DA:101,0
DA:102,0
DA:103,0
DA:106,0
DA:108,0
DA:109,0
DA:110,0
DA:113,0
DA:116,0
DA:118,0
DA:122,0
DA:123,0
DA:125,0
DA:126,0
DA:130,0
DA:131,0
DA:133,0
DA:134,0
DA:136,0
DA:139,0
DA:141,0
DA:142,0
DA:146,0
DA:147,0
DA:150,0
DA:152,0
DA:153,0
DA:154,0
DA:159,0
DA:160,0
DA:161,0
DA:163,0
DA:165,0
DA:166,0
DA:168,0
DA:176,0
DA:184,0
DA:185,0
DA:187,0
DA:188,0
DA:192,0
DA:199,0
DA:221,0
DA:222,0
DA:223,0
DA:224,0
DA:226,0
DA:232,0
DA:248,0
DA:250,0
DA:251,0
DA:252,0
DA:254,0
LF:89
LH:1
BRDA:46,0,0,0
BRDA:46,0,1,0
BRDA:50,1,0,0
BRDA:50,1,1,0
BRDA:51,2,0,0
BRDA:51,2,1,0
BRDA:72,3,0,0
BRDA:72,3,1,0
BRDA:85,4,0,0
BRDA:85,4,1,0
BRDA:87,5,0,0
BRDA:87,5,1,0
BRDA:96,6,0,0
BRDA:96,6,1,0
BRDA:109,7,0,0
BRDA:109,7,1,0
BRDA:113,8,0,0
BRDA:113,8,1,0
BRDA:133,9,0,0
BRDA:133,9,1,0
BRDA:152,10,0,0
BRDA:152,10,1,0
BRDA:153,11,0,0
BRDA:153,11,1,0
BRDA:161,12,0,0
BRDA:161,12,1,0
BRDA:163,13,0,0
BRDA:163,13,1,0
BRDA:166,14,0,0
BRDA:166,14,1,0
BRDA:197,15,0,0
BRDA:197,15,1,0
BRDA:205,16,0,0
BRDA:205,16,1,0
BRDA:209,17,0,0
BRDA:209,17,1,0
BRDA:219,18,0,0
BRDA:219,18,1,0
BRDA:230,19,0,0
BRDA:230,19,1,0
BRDA:235,20,0,0
BRDA:235,20,1,0
BRDA:248,21,0,0
BRDA:248,21,1,0
BRDA:250,22,0,0
BRDA:250,22,1,0
BRF:46
BRH:0
end_of_record
TN:
SF:src/layouts/recording/LayoutRecordingButtonCams.tsx
FN:10,LayoutRecordingButtonCams
FN:22,(anonymous_1)
FNF:2
FNH:0
FNDA:0,LayoutRecordingButtonCams
FNDA:0,(anonymous_1)
DA:16,0
DA:19,0
DA:22,0
DA:23,0
DA:24,0
DA:25,0
DA:26,0
DA:27,0
DA:29,0
DA:31,0
DA:35,0
LF:11
LH:0
BRDA:23,0,0,0
BRDA:23,0,1,0
BRDA:23,1,0,0
BRDA:23,1,1,0
BRDA:27,2,0,0
BRDA:27,2,1,0
BRDA:38,3,0,0
BRDA:38,3,1,0
BRF:8
BRH:0
end_of_record
TN:
SF:src/layouts/recording/LayoutRecordingHeader.tsx
FN:8,LayoutRecordingHeader
FNF:1
FNH:0
FNDA:0,LayoutRecordingHeader
DA:9,0
LF:1
LH:0
BRF:0
BRH:0
end_of_record
TN:
SF:src/layouts/recording/LayoutRecordingRoot.tsx
FN:8,LayoutRecordingRoot
FNF:1
FNH:0
FNDA:0,LayoutRecordingRoot
DA:9,0
LF:1
LH:0
BRF:0
BRH:0
end_of_record
TN:
SF:src/layouts/table/LayoutTableBody.tsx
FN:10,LayoutTableBody
FN:37,(anonymous_1)
FNF:2
FNH:2
FNDA:42,LayoutTableBody
FNDA:48,(anonymous_1)
DA:11,42
DA:38,48
LF:2
LH:2
BRDA:13,0,0,34
BRDA:13,0,1,8
BRF:2
BRH:2
end_of_record
TN:
SF:src/layouts/table/LayoutTableButton.tsx
FN:5,LayoutTableButton
FNF:1
FNH:1
FNDA:42,LayoutTableButton
DA:6,42
LF:1
LH:1
BRF:0
BRH:0
end_of_record
TN:
SF:src/layouts/table/LayoutTableHeader.tsx
FN:8,LayoutTableHeader
FNF:1
FNH:1
FNDA:42,LayoutTableHeader
DA:9,42
LF:1
LH:1
BRF:0
BRH:0
end_of_record
TN:
SF:src/layouts/table/LayoutTableRoot.tsx
FN:9,LayoutTableRoot
FNF:1
FNH:1
FNDA:42,LayoutTableRoot
DA:10,42
LF:1
LH:1
BRF:0
BRH:0
end_of_record
TN:
SF:src/layouts/table/LayoutTableSearch.tsx
FN:6,LayoutTableSearch
FNF:1
FNH:1
FNDA:42,LayoutTableSearch
DA:7,42
LF:1
LH:1
BRF:0
BRH:0
end_of_record
TN:
SF:src/layouts/table/index.ts
FNF:0
FNH:0
DA:7,4
LF:1
LH:1
BRF:0
BRH:0
end_of_record
TN:
SF:src/services/api.ts
FN:20,ehUmaData
FN:25,handleDatas
FN:42,(anonymous_2)
FN:46,(anonymous_3)
FN:54,(anonymous_4)
FN:60,(anonymous_5)
FN:69,(anonymous_6)
FN:71,(anonymous_7)
FN:74,(anonymous_8)
FN:75,(anonymous_9)
FN:83,(anonymous_10)
FN:85,(anonymous_11)
FN:87,(anonymous_12)
FN:89,(anonymous_13)
FN:91,(anonymous_14)
FN:95,(anonymous_15)
FN:99,(anonymous_16)
FN:101,(anonymous_17)
FNF:18
FNH:9
FNDA:1776,ehUmaData
FNDA:675,handleDatas
FNDA:13,(anonymous_2)
FNDA:0,(anonymous_3)
FNDA:9,(anonymous_4)
FNDA:4,(anonymous_5)
FNDA:0,(anonymous_6)
FNDA:0,(anonymous_7)
FNDA:0,(anonymous_8)
FNDA:0,(anonymous_9)
FNDA:1,(anonymous_10)
FNDA:1,(anonymous_11)
FNDA:1,(anonymous_12)
FNDA:10,(anonymous_13)
FNDA:0,(anonymous_14)
FNDA:0,(anonymous_15)
FNDA:0,(anonymous_16)
FNDA:0,(anonymous_17)
DA:19,4
DA:21,1776
DA:26,675
DA:28,450
DA:29,1776
DA:30,1776
DA:31,1110
DA:35,4
DA:41,4
DA:44,13
DA:48,0
DA:53,4
DA:55,9
DA:58,9
DA:63,4
DA:67,4
DA:70,0
DA:74,0
DA:75,0
DA:76,0
DA:77,0
DA:84,1
DA:86,1
DA:88,1
DA:90,10
DA:92,0
DA:96,0
DA:100,0
DA:102,0
LF:29
LH:19
BRDA:21,0,0,1776
BRDA:21,0,1,1554
BRDA:21,0,2,888
BRDA:26,1,0,225
BRDA:26,1,1,450
BRDA:26,2,0,675
BRDA:26,2,1,453
BRDA:26,2,2,453
BRDA:30,3,0,666
BRDA:30,3,1,1110
BRDA:31,4,0,666
BRDA:31,4,1,444
BRF:12
BRH:12
end_of_record
TN:
SF:src/services/localstorage.ts
FN:8,(anonymous_0)
FN:11,(anonymous_1)
FNF:2
FNH:1
FNDA:0,(anonymous_0)
FNDA:23,(anonymous_1)
DA:4,4
DA:6,4
DA:9,0
DA:12,23
DA:13,23
DA:15,23
DA:16,23
LF:7
LH:6
BRDA:15,0,0,0
BRDA:15,0,1,23
BRF:2
BRH:1
end_of_record
TN:
SF:src/views/CreateRecord.tsx
FN:11,CreateRecord
FN:32,(anonymous_1)
FN:34,(anonymous_2)
FN:35,(anonymous_3)
FN:42,(anonymous_4)
FN:44,(anonymous_5)
FN:45,(anonymous_6)
FN:48,(anonymous_7)
FN:49,(anonymous_8)
FN:51,(anonymous_9)
FN:58,(anonymous_10)
FN:64,(anonymous_11)
FN:69,(anonymous_12)
FN:75,(anonymous_13)
FN:77,(anonymous_14)
FN:83,(anonymous_15)
FN:85,(anonymous_16)
FN:111,(anonymous_17)
FN:114,(anonymous_18)
FN:136,(anonymous_19)
FN:139,(anonymous_20)
FN:167,(anonymous_21)
FNF:22
FNH:0
FNDA:0,CreateRecord
FNDA:0,(anonymous_1)
FNDA:0,(anonymous_2)
FNDA:0,(anonymous_3)
FNDA:0,(anonymous_4)
FNDA:0,(anonymous_5)
FNDA:0,(anonymous_6)
FNDA:0,(anonymous_7)
FNDA:0,(anonymous_8)
FNDA:0,(anonymous_9)
FNDA:0,(anonymous_10)
FNDA:0,(anonymous_11)
FNDA:0,(anonymous_12)
FNDA:0,(anonymous_13)
FNDA:0,(anonymous_14)
FNDA:0,(anonymous_15)
FNDA:0,(anonymous_16)
FNDA:0,(anonymous_17)
FNDA:0,(anonymous_18)
FNDA:0,(anonymous_19)
FNDA:0,(anonymous_20)
FNDA:0,(anonymous_21)
DA:13,0
DA:16,0
DA:17,0
DA:20,0
DA:21,0
DA:23,0
DA:24,0
DA:26,0
DA:27,0
DA:29,0
DA:32,0
DA:33,0
DA:34,0
DA:35,0
DA:36,0
DA:37,0
DA:42,0
DA:43,0
DA:44,0
DA:45,0
DA:47,0
DA:48,0
DA:49,0
DA:51,0
DA:52,0
DA:53,0
DA:54,0
DA:58,0
DA:59,0
DA:60,0
DA:61,0
DA:64,0
DA:65,0
DA:66,0
DA:69,0
DA:70,0
DA:71,0
DA:74,0
DA:76,0
DA:77,0
DA:78,0
DA:82,0
DA:84,0
DA:85,0
DA:86,0
DA:87,0
DA:88,0
DA:93,0
DA:111,0
DA:115,0
DA:136,0
DA:140,0
DA:168,0
DA:169,0
LF:54
LH:0
BRDA:33,0,0,0
BRDA:33,0,1,0
BRDA:59,1,0,0
BRDA:59,1,1,0
BRDA:59,2,0,0
BRDA:59,2,1,0
BRDA:78,3,0,0
BRDA:78,3,1,0
BRDA:86,4,0,0
BRDA:86,4,1,0
BRDA:110,5,0,0
BRDA:110,5,1,0
BRDA:135,6,0,0
BRDA:135,6,1,0
BRDA:151,7,0,0
BRDA:151,7,1,0
BRDA:151,7,2,0
BRDA:156,8,0,0
BRDA:156,8,1,0
BRDA:161,9,0,0
BRDA:161,9,1,0
BRF:21
BRH:0
end_of_record
TN:
SF:src/views/Login.tsx
FN:11,Login
FN:20,(anonymous_1)
FNF:2
FNH:0
FNDA:0,Login
FNDA:0,(anonymous_1)
DA:9,4
DA:13,0
DA:16,0
DA:19,0
DA:21,0
DA:22,0
DA:23,0
DA:24,0
DA:26,0
DA:28,0
DA:34,0
LF:11
LH:1
BRF:0
BRH:0
end_of_record
TN:
SF:src/views/Patients.tsx
FN:8,Patients
FN:26,(anonymous_1)
FN:31,(anonymous_2)
FN:42,(anonymous_3)
FN:43,(anonymous_4)
FN:43,(anonymous_5)
FN:45,(anonymous_6)
FN:48,(anonymous_7)
FN:49,(anonymous_8)
FN:51,(anonymous_9)
FN:61,(anonymous_10)
FN:69,(anonymous_11)
FN:106,(anonymous_12)
FNF:13
FNH:9
FNDA:43,Patients
FNDA:10,(anonymous_1)
FNDA:0,(anonymous_2)
FNDA:8,(anonymous_3)
FNDA:4,(anonymous_4)
FNDA:8,(anonymous_5)
FNDA:4,(anonymous_6)
FNDA:2,(anonymous_7)
FNDA:0,(anonymous_8)
FNDA:2,(anonymous_9)
FNDA:0,(anonymous_10)
FNDA:0,(anonymous_11)
FNDA:1,(anonymous_12)
DA:10,43
DA:13,42
DA:16,42
DA:17,42
DA:18,42
DA:20,42
DA:22,42
DA:25,42
DA:27,10
DA:28,10
DA:30,6
DA:31,0
DA:33,6
DA:35,0
DA:36,0
DA:42,42
DA:43,8
DA:45,8
DA:48,42
DA:49,42
DA:51,42
DA:52,2
DA:53,2
DA:54,2
DA:57,42
DA:61,0
DA:70,0
DA:71,0
DA:106,1
LF:29
LH:23
BRDA:30,0,0,6
BRDA:30,0,1,0
BRDA:60,1,0,42
BRDA:60,1,1,12
BRDA:78,2,0,42
BRDA:78,2,1,12
BRDA:78,2,2,34
BRDA:79,3,0,42
BRDA:79,3,1,16
BRDA:79,3,2,8
BRDA:79,3,3,8
BRDA:82,4,0,42
BRDA:82,4,1,26
BRDA:89,5,0,42
BRDA:89,5,1,36
BRDA:104,6,0,42
BRDA:104,6,1,6
BRF:17
BRH:16
end_of_record
TN:
SF:src/views/PlayingRecord.tsx
FN:11,PlayingRecord
FN:34,(anonymous_1)
FN:38,(anonymous_2)
FN:48,(anonymous_3)
FN:53,(anonymous_4)
FN:58,(anonymous_5)
FN:60,(anonymous_6)
FN:60,(anonymous_7)
FN:61,(anonymous_8)
FN:76,(anonymous_9)
FN:92,(anonymous_10)
FN:109,(anonymous_11)
FNF:12
FNH:0
FNDA:0,PlayingRecord
FNDA:0,(anonymous_1)
FNDA:0,(anonymous_2)
FNDA:0,(anonymous_3)
FNDA:0,(anonymous_4)
FNDA:0,(anonymous_5)
FNDA:0,(anonymous_6)
FNDA:0,(anonymous_7)
FNDA:0,(anonymous_8)
FNDA:0,(anonymous_9)
FNDA:0,(anonymous_10)
FNDA:0,(anonymous_11)
DA:13,0
DA:17,0
DA:18,0
DA:21,0
DA:22,0
DA:23,0
DA:24,0
DA:26,0
DA:28,0
DA:30,0
DA:33,0
DA:35,0
DA:36,0
DA:38,0
DA:39,0
DA:41,0
DA:42,0
DA:48,0
DA:49,0
DA:52,0
DA:54,0
DA:55,0
DA:56,0
DA:58,0
DA:60,0
DA:61,0
DA:64,0
DA:76,0
DA:93,0
DA:110,0
LF:30
LH:0
BRDA:49,0,0,0
BRDA:49,0,1,0
BRDA:49,1,0,0
BRDA:49,1,1,0
BRDA:68,2,0,0
BRDA:68,2,1,0
BRDA:75,3,0,0
BRDA:75,3,1,0
BRDA:77,4,0,0
BRDA:77,4,1,0
BRDA:81,5,0,0
BRDA:81,5,1,0
BRDA:86,6,0,0
BRDA:86,6,1,0
BRDA:86,6,2,0
BRDA:90,7,0,0
BRDA:90,7,1,0
BRDA:108,8,0,0
BRDA:108,8,1,0
BRDA:108,8,2,0
BRF:20
BRH:0
end_of_record
TN:
SF:src/views/Recordings.tsx
FN:12,Recordings
FN:28,(anonymous_1)
FN:32,(anonymous_2)
FN:42,(anonymous_3)
FN:43,(anonymous_4)
FN:43,(anonymous_5)
FN:45,(anonymous_6)
FN:48,(anonymous_7)
FN:53,(anonymous_8)
FN:69,(anonymous_9)
FN:85,(anonymous_10)
FN:95,(anonymous_11)
FNF:12
FNH:0
FNDA:0,Recordings
FNDA:0,(anonymous_1)
FNDA:0,(anonymous_2)
FNDA:0,(anonymous_3)
FNDA:0,(anonymous_4)
FNDA:0,(anonymous_5)
FNDA:0,(anonymous_6)
FNDA:0,(anonymous_7)
FNDA:0,(anonymous_8)
FNDA:0,(anonymous_9)
FNDA:0,(anonymous_10)
FNDA:0,(anonymous_11)
DA:14,0
DA:17,0
DA:18,0
DA:21,0
DA:22,0
DA:24,0
DA:27,0
DA:29,0
DA:30,0
DA:32,0
DA:33,0
DA:35,0
DA:36,0
DA:42,0
DA:43,0
DA:45,0
DA:48,0
DA:50,0
DA:53,0
DA:55,0
DA:69,0
DA:86,0
DA:95,0
LF:23
LH:0
BRDA:61,0,0,0
BRDA:61,0,1,0
BRDA:79,1,0,0
BRDA:79,1,1,0
BRDA:79,1,2,0
BRDA:80,2,0,0
BRDA:80,2,1,0
BRDA:80,2,2,0
BRDA:80,2,3,0
BRF:9
BRH:0
end_of_record
TN:
SF:src/views/index.ts
FNF:0
FNH:0
LF:0
LH:0
BRF:0
BRH:0
end_of_record
