TN:
SF:src/index.tsx
FNF:0
FNH:0
DA:10,11
DA:11,11
DA:25,11
LF:3
LH:3
BRF:0
BRH:0
end_of_record
TN:
SF:src/reportWebVitals.ts
FN:3,(anonymous_0)
FN:5,(anonymous_1)
FNF:2
FNH:1
FNDA:11,(anonymous_0)
FNDA:0,(anonymous_1)
DA:3,11
DA:4,11
DA:5,0
DA:6,0
DA:7,0
DA:8,0
DA:9,0
DA:10,0
LF:8
LH:2
BRDA:4,0,0,0
BRDA:4,0,1,11
BRDA:4,1,0,11
BRDA:4,1,1,0
BRF:4
BRH:2
end_of_record
TN:
SF:src/router.tsx
FN:14,Router
FNF:1
FNH:1
FNDA:25,Router
DA:5,11
DA:15,25
DA:38,25
LF:3
LH:3
BRF:0
BRH:0
end_of_record
TN:
SF:src/utils.ts
FN:2,(anonymous_0)
FN:6,(anonymous_1)
FNF:2
FNH:1
FNDA:0,(anonymous_0)
FNDA:19,(anonymous_1)
DA:1,11
DA:3,0
DA:4,0
DA:6,19
LF:4
LH:2
BRDA:4,0,0,0
BRDA:4,0,1,0
BRDA:4,0,2,0
BRF:3
BRH:0
end_of_record
TN:
SF:src/components/index.ts
FNF:0
FNH:0
LF:0
LH:0
BRF:0
BRH:0
end_of_record
TN:
SF:src/components/buttons/controlVideoButtons/ControlRecordingButton.tsx
FN:15,ControlRecordingButton
FN:23,(anonymous_1)
FN:27,(anonymous_2)
FN:32,(anonymous_3)
FN:44,(anonymous_4)
FN:46,(anonymous_5)
FN:46,(anonymous_6)
FN:47,(anonymous_7)
FN:50,(anonymous_8)
FN:64,(anonymous_9)
FNF:10
FNH:8
FNDA:32,ControlRecordingButton
FNDA:32,(anonymous_1)
FNDA:64,(anonymous_2)
FNDA:32,(anonymous_3)
FNDA:4,(anonymous_4)
FNDA:0,(anonymous_5)
FNDA:0,(anonymous_6)
FNDA:1,(anonymous_7)
FNDA:2,(anonymous_8)
FNDA:2,(anonymous_9)
DA:17,32
DA:18,32
DA:21,32
DA:23,32
DA:24,32
DA:25,32
DA:27,64
DA:29,32
DA:32,32
DA:33,32
DA:35,20
DA:37,2
DA:39,10
DA:44,32
DA:45,4
DA:46,1
DA:47,1
DA:50,32
DA:51,2
DA:53,1
DA:54,0
DA:56,0
DA:57,0
DA:59,1
DA:60,0
DA:64,32
DA:65,2
DA:66,2
DA:67,2
DA:69,0
DA:71,2
DA:75,32
LF:32
LH:27
BRDA:33,0,0,20
BRDA:33,0,1,2
BRDA:33,0,2,10
BRDA:34,1,0,32
BRDA:34,1,1,30
BRDA:36,2,0,12
BRDA:36,2,1,2
BRDA:45,3,0,3
BRDA:45,3,1,1
BRDA:51,4,0,1
BRDA:51,4,1,0
BRDA:51,4,2,1
BRDA:52,5,0,2
BRDA:52,5,1,1
BRDA:53,6,0,1
BRDA:53,6,1,0
BRDA:55,7,0,1
BRDA:55,7,1,0
BRDA:56,8,0,0
BRDA:56,8,1,0
BRDA:59,9,0,1
BRDA:59,9,1,0
BRDA:67,10,0,2
BRDA:67,10,1,0
BRDA:79,11,0,10
BRDA:79,11,1,22
BRDA:83,12,0,2
BRDA:83,12,1,30
BRDA:87,13,0,2
BRDA:87,13,1,30
BRDA:93,14,0,32
BRDA:93,14,1,22
BRDA:94,15,0,6
BRDA:94,15,1,26
BRDA:94,16,0,32
BRDA:94,16,1,10
BRDA:98,17,0,10
BRDA:98,17,1,22
BRDA:101,18,0,6
BRDA:101,18,1,26
BRF:40
BRH:33
end_of_record
TN:
SF:src/components/buttons/iconButton/IconButton.tsx
FN:13,(anonymous_0)
FN:19,(anonymous_1)
FN:22,(anonymous_2)
FNF:3
FNH:3
FNDA:1180,(anonymous_0)
FNDA:1,(anonymous_1)
FNDA:1,(anonymous_2)
DA:12,11
DA:15,1180
DA:18,1180
DA:20,1
DA:21,1
DA:22,1
DA:23,0
DA:28,1180
LF:8
LH:7
BRDA:20,0,0,1
BRDA:20,0,1,0
BRDA:23,1,0,0
BRDA:23,1,1,0
BRDA:36,2,0,2
BRDA:36,2,1,1178
BRDA:41,3,0,62
BRDA:41,3,1,1116
BRF:8
BRH:5
end_of_record
TN:
SF:src/components/buttons/menuButton/MenuButton.tsx
FN:7,MenuButton
FN:16,(anonymous_1)
FN:23,(anonymous_2)
FN:25,(anonymous_3)
FNF:4
FNH:1
FNDA:1116,MenuButton
FNDA:0,(anonymous_1)
FNDA:0,(anonymous_2)
FNDA:0,(anonymous_3)
DA:9,1116
DA:12,1116
DA:14,1116
DA:16,0
DA:23,0
DA:33,0
LF:6
LH:3
BRF:0
BRH:0
end_of_record
TN:
SF:src/components/buttons/movimentsButtons/MovimentsButtons.tsx
FN:13,MovimentsButtons
FN:24,(anonymous_1)
FN:34,(anonymous_2)
FN:34,(anonymous_3)
FN:38,(anonymous_4)
FN:41,(anonymous_5)
FNF:6
FNH:4
FNDA:30,MovimentsButtons
FNDA:1,(anonymous_1)
FNDA:0,(anonymous_2)
FNDA:0,(anonymous_3)
FNDA:120,(anonymous_4)
FNDA:1,(anonymous_5)
DA:20,30
DA:23,30
DA:25,1
DA:30,30
DA:34,0
DA:39,120
DA:41,1
LF:7
LH:6
BRDA:25,0,0,1
BRDA:25,0,1,0
BRDA:31,1,0,30
BRDA:31,1,1,0
BRDA:44,2,0,28
BRDA:44,2,1,92
BRDA:45,3,0,8
BRDA:45,3,1,20
BRDA:48,4,0,2
BRDA:48,4,1,90
BRF:10
BRH:8
end_of_record
TN:
SF:src/components/cards/cardLogin/CardLogin.tsx
FN:11,CardLogin
FNF:1
FNH:1
FNDA:6,CardLogin
DA:12,6
LF:1
LH:1
BRDA:22,0,0,2
BRDA:22,0,1,4
BRF:2
BRH:2
end_of_record
TN:
SF:src/components/cards/cardRecordListed/CardRecordListed.tsx
FN:17,CardRecordListed
FN:26,(anonymous_1)
FN:38,(anonymous_2)
FN:42,(anonymous_3)
FNF:4
FNH:2
FNDA:616,CardRecordListed
FNDA:2,(anonymous_1)
FNDA:0,(anonymous_2)
FNDA:0,(anonymous_3)
DA:19,616
DA:22,616
DA:25,616
DA:27,2
DA:28,2
DA:30,0
DA:31,0
DA:33,0
DA:38,616
DA:39,0
DA:42,616
DA:44,616
LF:12
LH:8
BRDA:27,0,0,0
BRDA:27,0,1,2
BRDA:28,1,0,2
BRDA:28,1,1,0
BRDA:31,2,0,0
BRDA:31,2,1,0
BRDA:31,3,0,0
BRDA:31,3,1,0
BRDA:49,4,0,8
BRDA:49,4,1,608
BRDA:52,5,0,616
BRDA:52,5,1,8
BRDA:59,6,0,616
BRDA:59,6,1,588
BRDA:91,7,0,616
BRDA:91,7,1,528
BRF:16
BRH:10
end_of_record
TN:
SF:src/components/cards/cardRecording/CardRecording.tsx
FN:13,CardRecording
FN:15,(anonymous_1)
FN:19,(anonymous_2)
FN:23,(anonymous_3)
FNF:4
FNH:2
FNDA:500,CardRecording
FNDA:1,(anonymous_1)
FNDA:0,(anonymous_2)
FNDA:0,(anonymous_3)
DA:15,500
DA:16,1
DA:19,500
DA:20,0
DA:23,500
DA:25,500
LF:6
LH:5
BRDA:30,0,0,500
BRDA:30,0,1,490
BRDA:58,1,0,500
BRDA:58,1,1,440
BRF:4
BRH:4
end_of_record
TN:
SF:src/components/forms/formBaby/FormPatient.tsx
FN:21,FormPatient
FN:27,(anonymous_1)
FN:48,(anonymous_2)
FN:69,(anonymous_3)
FN:75,(anonymous_4)
FN:88,(anonymous_5)
FN:102,(anonymous_6)
FN:115,(anonymous_7)
FNF:8
FNH:8
FNDA:17,FormPatient
FNDA:2,(anonymous_1)
FNDA:120,(anonymous_2)
FNDA:2,(anonymous_3)
FNDA:240,(anonymous_4)
FNDA:1,(anonymous_5)
FNDA:2,(anonymous_6)
FNDA:34,(anonymous_7)
DA:23,17
DA:26,16
DA:28,2
DA:29,2
DA:30,2
DA:31,2
DA:33,0
DA:35,2
DA:41,16
DA:49,120
DA:70,2
DA:76,240
DA:88,1
DA:102,2
DA:115,34
DA:127,11
LF:16
LH:15
BRDA:70,0,0,2
BRDA:70,0,1,0
BRDA:72,1,0,86
BRDA:72,1,1,34
BRF:4
BRH:3
end_of_record
TN:
SF:src/components/forms/formLogin/FormLogin.tsx
FN:19,FormLogin
FN:28,(anonymous_1)
FN:49,(anonymous_2)
FN:59,(anonymous_3)
FN:70,(anonymous_4)
FNF:5
FNH:5
FNDA:6,FormLogin
FNDA:1,(anonymous_1)
FNDA:78,(anonymous_2)
FNDA:19,(anonymous_3)
FNDA:16,(anonymous_4)
DA:21,6
DA:24,6
DA:27,6
DA:29,1
DA:30,1
DA:31,1
DA:32,1
DA:34,0
DA:36,1
DA:42,6
DA:50,78
DA:59,19
DA:70,16
DA:84,11
LF:14
LH:13
BRF:0
BRH:0
end_of_record
TN:
SF:src/components/infiniteScroll/InfiniteScroll.tsx
FN:16,InfiniteScroll
FN:25,(anonymous_1)
FN:34,(anonymous_2)
FN:40,(anonymous_3)
FNF:4
FNH:4
FNDA:96,InfiniteScroll
FNDA:8,(anonymous_1)
FNDA:8,(anonymous_2)
FNDA:4,(anonymous_3)
DA:18,96
DA:21,96
DA:22,96
DA:25,96
DA:26,8
DA:27,8
DA:29,8
DA:30,5
DA:34,96
DA:35,8
DA:37,3
DA:38,3
DA:39,2
DA:40,4
DA:41,0
DA:43,0
DA:47,96
LF:17
LH:15
BRDA:27,0,0,0
BRDA:27,0,1,8
BRDA:27,1,0,8
BRDA:27,1,1,8
BRDA:27,1,2,8
BRDA:29,2,0,3
BRDA:29,2,1,5
BRDA:35,3,0,5
BRDA:35,3,1,3
BRDA:39,4,0,2
BRDA:39,4,1,0
BRDA:58,5,0,96
BRDA:58,5,1,8
BRF:13
BRH:11
end_of_record
TN:
SF:src/components/inputs/inputDate/InputDate.tsx
FN:11,InputBirthBaby
FN:17,(anonymous_1)
FNF:2
FNH:2
FNDA:120,InputBirthBaby
FNDA:1,(anonymous_1)
DA:13,120
DA:16,120
DA:18,1
DA:21,1
DA:23,1
DA:24,1
DA:27,1
DA:29,1
DA:30,1
DA:31,1
DA:32,1
DA:34,1
DA:39,120
LF:13
LH:13
BRDA:21,0,0,0
BRDA:21,0,1,1
BRDA:29,1,0,0
BRDA:29,1,1,1
BRDA:30,2,0,0
BRDA:30,2,1,1
BRDA:31,3,0,0
BRDA:31,3,1,1
BRDA:32,4,0,0
BRDA:32,4,1,1
BRF:10
BRH:5
end_of_record
TN:
SF:src/components/inputs/inputPassword/InputPassword.tsx
FN:11,InputPassword
FN:17,(anonymous_1)
FN:24,(anonymous_2)
FN:25,(anonymous_3)
FNF:4
FNH:2
FNDA:78,InputPassword
FNDA:16,(anonymous_1)
FNDA:0,(anonymous_2)
FNDA:0,(anonymous_3)
DA:13,78
DA:16,78
DA:18,16
DA:19,16
DA:24,78
DA:25,0
DA:28,78
LF:7
LH:6
BRDA:32,0,0,0
BRDA:32,0,1,78
BRDA:38,1,0,0
BRDA:38,1,1,78
BRF:4
BRH:2
end_of_record
TN:
SF:src/components/inputs/inputSearch/InputSearch.tsx
FN:11,InputSearch
FN:14,(anonymous_1)
FNF:2
FNH:1
FNDA:70,InputSearch
FNDA:0,(anonymous_1)
DA:13,70
DA:15,0
DA:16,0
DA:21,70
LF:4
LH:2
BRDA:16,0,0,0
BRDA:16,0,1,0
BRDA:24,1,0,70
BRDA:24,1,1,70
BRF:4
BRH:2
end_of_record
TN:
SF:src/components/links/TextLink/TextLink.tsx
FN:5,TextLink
FN:8,(anonymous_1)
FNF:2
FNH:2
FNDA:60,TextLink
FNDA:64,(anonymous_1)
DA:6,60
DA:9,64
LF:2
LH:2
BRDA:9,0,0,24
BRDA:9,0,1,40
BRF:2
BRH:2
end_of_record
TN:
SF:src/components/modals/ManagePatientModal.tsx
FN:16,ManagePatientModal
FN:31,(anonymous_1)
FN:44,(anonymous_2)
FN:57,(anonymous_3)
FNF:4
FNH:4
FNDA:58,ManagePatientModal
FNDA:1,(anonymous_1)
FNDA:1,(anonymous_2)
FNDA:2,(anonymous_3)
DA:8,11
DA:24,58
DA:27,58
DA:30,58
DA:32,1
DA:33,1
DA:34,1
DA:35,1
DA:37,0
DA:43,58
DA:45,1
DA:46,1
DA:47,1
DA:48,1
DA:50,0
DA:56,58
DA:58,2
DA:59,2
DA:60,1
DA:62,0
DA:68,58
LF:21
LH:18
BRDA:35,0,0,1
BRDA:35,0,1,0
BRDA:48,1,0,1
BRDA:48,1,1,0
BRDA:59,2,0,1
BRDA:59,2,1,1
BRDA:71,3,0,8
BRDA:71,3,1,50
BRDA:81,4,0,8
BRDA:81,4,1,50
BRDA:82,5,0,58
BRDA:82,5,1,56
BRDA:82,5,2,4
BRF:13
BRH:11
end_of_record
TN:
SF:src/components/modals/PatientInfoModal.tsx
FN:14,PatientInfoModal
FN:28,(anonymous_1)
FNF:2
FNH:2
FNDA:56,PatientInfoModal
FNDA:1,(anonymous_1)
DA:22,56
DA:25,56
DA:28,56
DA:29,1
DA:31,1
DA:32,1
DA:34,1
DA:35,1
DA:36,1
DA:37,1
DA:39,0
DA:43,56
LF:12
LH:11
BRDA:29,0,0,0
BRDA:29,0,1,1
BRDA:32,1,0,0
BRDA:32,1,1,1
BRDA:37,2,0,1
BRDA:37,2,1,0
BRDA:60,3,0,0
BRDA:60,3,1,56
BRDA:91,4,0,56
BRDA:91,4,1,2
BRF:10
BRH:6
end_of_record
TN:
SF:src/components/modals/SelectCamsModal.tsx
FN:14,SelectCamsModal
FN:35,(anonymous_1)
FN:37,(anonymous_2)
FN:38,(anonymous_3)
FN:39,(anonymous_4)
FN:46,(anonymous_5)
FN:51,(anonymous_6)
FN:56,(anonymous_7)
FN:85,(anonymous_8)
FN:86,(anonymous_9)
FN:93,(anonymous_10)
FN:101,(anonymous_11)
FNF:12
FNH:9
FNDA:20,SelectCamsModal
FNDA:1,(anonymous_1)
FNDA:1,(anonymous_2)
FNDA:0,(anonymous_3)
FNDA:0,(anonymous_4)
FNDA:0,(anonymous_5)
FNDA:1,(anonymous_6)
FNDA:1,(anonymous_7)
FNDA:14,(anonymous_8)
FNDA:2,(anonymous_9)
FNDA:1,(anonymous_10)
FNDA:10,(anonymous_11)
DA:23,20
DA:26,20
DA:31,20
DA:34,20
DA:36,1
DA:37,1
DA:38,1
DA:39,0
DA:40,1
DA:46,20
DA:47,0
DA:48,0
DA:51,20
DA:52,1
DA:53,1
DA:54,0
DA:56,1
DA:57,1
DA:60,20
DA:86,14
DA:89,14
DA:93,1
DA:102,10
DA:103,5
LF:24
LH:20
BRDA:36,0,0,0
BRDA:36,0,1,1
BRDA:36,1,0,1
BRDA:36,1,1,1
BRDA:38,2,0,0
BRDA:38,2,1,1
BRDA:48,3,0,0
BRDA:48,3,1,0
BRDA:53,4,0,0
BRDA:53,4,1,1
BRDA:69,5,0,18
BRDA:69,5,1,2
BRDA:102,6,0,5
BRDA:102,6,1,5
BRDA:108,7,0,14
BRDA:108,7,1,2
BRF:16
BRH:11
end_of_record
TN:
SF:src/components/offcanvas/OffcanvasFilter.tsx
FN:14,OffcanvasRecordingFilter
FN:41,(anonymous_1)
FN:44,(anonymous_2)
FN:45,(anonymous_3)
FN:49,(anonymous_4)
FN:50,(anonymous_5)
FN:52,(anonymous_6)
FN:58,(anonymous_7)
FN:64,(anonymous_8)
FN:70,(anonymous_9)
FN:88,(anonymous_10)
FN:103,(anonymous_11)
FNF:12
FNH:7
FNDA:26,OffcanvasRecordingFilter
FNDA:6,(anonymous_1)
FNDA:3,(anonymous_2)
FNDA:0,(anonymous_3)
FNDA:3,(anonymous_4)
FNDA:0,(anonymous_5)
FNDA:4,(anonymous_6)
FNDA:0,(anonymous_7)
FNDA:0,(anonymous_8)
FNDA:0,(anonymous_9)
FNDA:296,(anonymous_10)
FNDA:16,(anonymous_11)
DA:16,26
DA:24,26
DA:31,26
DA:34,26
DA:35,26
DA:37,26
DA:38,26
DA:41,26
DA:43,6
DA:44,3
DA:45,0
DA:48,6
DA:49,3
DA:50,0
DA:52,6
DA:53,4
DA:54,4
DA:58,26
DA:59,0
DA:60,0
DA:61,0
DA:64,26
DA:65,0
DA:66,0
DA:67,0
DA:70,26
DA:71,0
DA:74,26
DA:89,296
DA:104,16
LF:30
LH:21
BRDA:60,0,0,0
BRDA:60,0,1,0
BRDA:60,1,0,0
BRDA:60,1,1,0
BRDA:66,2,0,0
BRDA:66,2,1,0
BRDA:66,3,0,0
BRDA:66,3,1,0
BRDA:71,4,0,0
BRDA:71,4,1,0
BRDA:84,5,0,26
BRDA:84,5,1,12
BRDA:99,6,0,26
BRDA:99,6,1,12
BRF:14
BRH:4
end_of_record
TN:
SF:src/components/tables/BabysTable.tsx
FN:9,BabysTable
FN:12,(anonymous_1)
FN:28,(anonymous_2)
FN:32,(anonymous_3)
FNF:4
FNH:4
FNDA:30,BabysTable
FNDA:2,(anonymous_1)
FNDA:1110,(anonymous_2)
FNDA:2,(anonymous_3)
DA:11,30
DA:13,2
DA:18,30
DA:29,1110
DA:32,2
LF:5
LH:5
BRDA:13,0,0,2
BRDA:13,0,1,0
BRF:2
BRH:1
end_of_record
TN:
SF:src/components/toasts/Alert.tsx
FN:7,Alert
FN:13,(anonymous_1)
FNF:2
FNH:2
FNDA:32,Alert
FNDA:12,(anonymous_1)
DA:5,11
DA:9,32
DA:11,32
DA:14,12
LF:4
LH:4
BRF:0
BRH:0
end_of_record
TN:
SF:src/contexts/SystemContext.tsx
FN:28,(anonymous_0)
FN:30,(anonymous_1)
FN:33,SystemProvider
FN:39,(anonymous_3)
FN:45,(anonymous_4)
FN:47,(anonymous_5)
FN:50,(anonymous_6)
FN:51,(anonymous_7)
FN:51,(anonymous_8)
FN:51,(anonymous_9)
FN:55,(anonymous_10)
FN:56,(anonymous_11)
FN:56,(anonymous_12)
FN:57,(anonymous_13)
FN:63,(anonymous_14)
FN:66,(anonymous_15)
FN:67,(anonymous_16)
FN:70,(anonymous_17)
FN:71,(anonymous_18)
FN:79,(anonymous_19)
FNF:20
FNH:7
FNDA:0,(anonymous_0)
FNDA:0,(anonymous_1)
FNDA:35,SystemProvider
FNDA:22,(anonymous_3)
FNDA:22,(anonymous_4)
FNDA:11,(anonymous_5)
FNDA:0,(anonymous_6)
FNDA:0,(anonymous_7)
FNDA:0,(anonymous_8)
FNDA:0,(anonymous_9)
FNDA:0,(anonymous_10)
FNDA:0,(anonymous_11)
FNDA:0,(anonymous_12)
FNDA:0,(anonymous_13)
FNDA:5,(anonymous_14)
FNDA:6,(anonymous_15)
FNDA:0,(anonymous_16)
FNDA:2,(anonymous_17)
FNDA:0,(anonymous_18)
FNDA:0,(anonymous_19)
DA:7,11
DA:26,11
DA:35,35
DA:36,32
DA:39,32
DA:40,22
DA:41,22
DA:42,22
DA:45,32
DA:46,22
DA:47,22
DA:50,32
DA:51,0
DA:54,32
DA:56,0
DA:57,0
DA:62,32
DA:64,5
DA:65,5
DA:66,5
DA:67,6
DA:70,6
DA:71,0
DA:73,6
DA:79,32
DA:80,0
DA:81,0
DA:84,0
DA:85,0
DA:86,0
DA:89,32
LF:31
LH:22
BRDA:56,0,0,0
BRDA:56,0,1,0
BRDA:70,1,0,0
BRDA:70,1,1,6
BRDA:81,2,0,0
BRDA:81,2,1,0
BRF:6
BRH:1
end_of_record
TN:
SF:src/contexts/index.ts
FNF:0
FNH:0
LF:0
LH:0
BRF:0
BRH:0
end_of_record
TN:
SF:src/hooks/index.ts
FNF:0
FNH:0
LF:0
LH:0
BRF:0
BRH:0
end_of_record
TN:
SF:src/hooks/usePatients.tsx
FN:11,usePatients
FN:24,(anonymous_1)
FN:28,(anonymous_2)
FN:30,(anonymous_3)
FN:41,(anonymous_4)
FN:49,(anonymous_5)
FN:53,(anonymous_6)
FN:72,(anonymous_7)
FN:76,(anonymous_8)
FN:95,(anonymous_9)
FN:99,(anonymous_10)
FN:117,(anonymous_11)
FNF:12
FNH:12
FNDA:220,usePatients
FNDA:24,(anonymous_1)
FNDA:24,(anonymous_2)
FNDA:36,(anonymous_3)
FNDA:41,(anonymous_4)
FNDA:1,(anonymous_5)
FNDA:1,(anonymous_6)
FNDA:1,(anonymous_7)
FNDA:1,(anonymous_8)
FNDA:1,(anonymous_9)
FNDA:1,(anonymous_10)
FNDA:13,(anonymous_11)
DA:8,11
DA:13,220
DA:16,220
DA:17,220
DA:18,220
DA:19,220
DA:20,220
DA:23,220
DA:25,24
DA:26,24
DA:28,24
DA:29,24
DA:30,36
DA:31,24
DA:32,14
DA:33,14
DA:35,10
DA:36,0
DA:37,0
DA:38,0
DA:39,0
DA:41,41
DA:48,220
DA:50,1
DA:51,1
DA:53,1
DA:54,1
DA:55,1
DA:56,1
DA:57,1
DA:59,0
DA:60,0
DA:61,0
DA:62,0
DA:64,1
DA:71,220
DA:73,1
DA:74,1
DA:76,1
DA:77,1
DA:78,1
DA:79,1
DA:80,1
DA:82,0
DA:83,0
DA:84,0
DA:85,0
DA:87,1
DA:94,220
DA:96,1
DA:97,1
DA:99,1
DA:100,1
DA:101,1
DA:102,1
DA:103,1
DA:105,0
DA:106,0
DA:107,0
DA:108,0
DA:110,1
DA:117,220
DA:119,220
LF:63
LH:47
BRDA:35,0,0,10
BRDA:35,0,1,0
BRDA:59,1,0,0
BRDA:59,1,1,0
BRDA:82,2,0,0
BRDA:82,2,1,0
BRDA:105,3,0,0
BRDA:105,3,1,0
BRF:8
BRH:1
end_of_record
TN:
SF:src/hooks/useProjects.tsx
FN:7,useProject
FN:16,(anonymous_1)
FN:20,(anonymous_2)
FN:22,(anonymous_3)
FN:32,(anonymous_4)
FN:37,(anonymous_5)
FN:41,(anonymous_6)
FN:45,(anonymous_7)
FN:45,(anonymous_8)
FN:57,(anonymous_9)
FN:61,(anonymous_10)
FN:65,(anonymous_11)
FN:65,(anonymous_12)
FN:77,(anonymous_13)
FN:81,(anonymous_14)
FN:85,(anonymous_15)
FN:85,(anonymous_16)
FN:97,(anonymous_17)
FNF:18
FNH:6
FNDA:52,useProject
FNDA:10,(anonymous_1)
FNDA:10,(anonymous_2)
FNDA:20,(anonymous_3)
FNDA:18,(anonymous_4)
FNDA:0,(anonymous_5)
FNDA:0,(anonymous_6)
FNDA:0,(anonymous_7)
FNDA:0,(anonymous_8)
FNDA:0,(anonymous_9)
FNDA:0,(anonymous_10)
FNDA:0,(anonymous_11)
FNDA:0,(anonymous_12)
FNDA:0,(anonymous_13)
FNDA:0,(anonymous_14)
FNDA:0,(anonymous_15)
FNDA:0,(anonymous_16)
FNDA:7,(anonymous_17)
DA:9,52
DA:10,52
DA:11,52
DA:12,52
DA:13,52
DA:16,52
DA:17,10
DA:18,10
DA:20,10
DA:21,10
DA:22,20
DA:23,10
DA:24,6
DA:25,6
DA:27,4
DA:28,0
DA:29,0
DA:30,0
DA:32,18
DA:37,52
DA:38,0
DA:41,0
DA:42,0
DA:43,0
DA:45,0
DA:46,0
DA:48,0
DA:49,0
DA:50,0
DA:52,0
DA:57,52
DA:58,0
DA:61,0
DA:62,0
DA:63,0
DA:65,0
DA:66,0
DA:68,0
DA:69,0
DA:70,0
DA:72,0
DA:77,52
DA:78,0
DA:81,0
DA:82,0
DA:83,0
DA:85,0
DA:86,0
DA:88,0
DA:89,0
DA:90,0
DA:92,0
DA:97,52
DA:99,52
LF:54
LH:21
BRDA:27,0,0,4
BRDA:27,0,1,0
BRDA:48,1,0,0
BRDA:48,1,1,0
BRDA:68,2,0,0
BRDA:68,2,1,0
BRDA:88,3,0,0
BRDA:88,3,1,0
BRF:8
BRH:1
end_of_record
TN:
SF:src/hooks/useRecording.tsx
FN:10,useRecording
FN:21,(anonymous_1)
FN:26,(anonymous_2)
FN:28,(anonymous_3)
FN:38,(anonymous_4)
FN:43,(anonymous_5)
FN:48,(anonymous_6)
FN:50,(anonymous_7)
FN:63,(anonymous_8)
FN:68,(anonymous_9)
FN:72,(anonymous_10)
FN:76,(anonymous_11)
FN:76,(anonymous_12)
FN:88,(anonymous_13)
FN:92,(anonymous_14)
FN:94,(anonymous_15)
FN:97,(anonymous_16)
FN:102,(anonymous_17)
FN:103,(anonymous_18)
FN:120,(anonymous_19)
FN:124,(anonymous_20)
FN:128,(anonymous_21)
FN:128,(anonymous_22)
FN:140,(anonymous_23)
FNF:24
FNH:16
FNDA:72,useRecording
FNDA:11,(anonymous_1)
FNDA:11,(anonymous_2)
FNDA:16,(anonymous_3)
FNDA:17,(anonymous_4)
FNDA:2,(anonymous_5)
FNDA:2,(anonymous_6)
FNDA:3,(anonymous_7)
FNDA:8,(anonymous_8)
FNDA:0,(anonymous_9)
FNDA:0,(anonymous_10)
FNDA:0,(anonymous_11)
FNDA:0,(anonymous_12)
FNDA:1,(anonymous_13)
FNDA:1,(anonymous_14)
FNDA:1,(anonymous_15)
FNDA:1,(anonymous_16)
FNDA:1,(anonymous_17)
FNDA:1,(anonymous_18)
FNDA:0,(anonymous_19)
FNDA:0,(anonymous_20)
FNDA:0,(anonymous_21)
FNDA:0,(anonymous_22)
FNDA:5,(anonymous_23)
DA:7,11
DA:12,72
DA:13,72
DA:14,72
DA:15,72
DA:16,72
DA:17,72
DA:18,72
DA:21,72
DA:23,11
DA:24,11
DA:26,11
DA:27,11
DA:28,16
DA:29,11
DA:30,6
DA:31,6
DA:33,5
DA:34,0
DA:35,0
DA:36,0
DA:38,17
DA:43,72
DA:45,2
DA:48,2
DA:49,2
DA:50,3
DA:52,2
DA:53,2
DA:55,2
DA:56,2
DA:58,0
DA:59,0
DA:60,0
DA:61,0
DA:63,8
DA:68,72
DA:69,0
DA:72,0
DA:73,0
DA:74,0
DA:76,0
DA:77,0
DA:79,0
DA:80,0
DA:81,0
DA:83,0
DA:88,72
DA:89,1
DA:90,1
DA:92,1
DA:94,1
DA:97,1
DA:98,1
DA:99,1
DA:100,1
DA:101,1
DA:102,1
DA:103,1
DA:104,1
DA:108,1
DA:109,1
DA:111,0
DA:112,0
DA:113,0
DA:115,1
DA:120,72
DA:121,0
DA:124,0
DA:125,0
DA:126,0
DA:128,0
DA:129,0
DA:131,0
DA:132,0
DA:133,0
DA:135,0
DA:140,72
DA:142,72
LF:79
LH:49
BRDA:33,0,0,5
BRDA:33,0,1,0
BRDA:53,1,0,0
BRDA:53,1,1,2
BRDA:58,2,0,0
BRDA:58,2,1,0
BRDA:79,3,0,0
BRDA:79,3,1,0
BRDA:111,4,0,0
BRDA:111,4,1,0
BRDA:131,5,0,0
BRDA:131,5,1,0
BRF:12
BRH:2
end_of_record
TN:
SF:src/hooks/useVideoDevice.tsx
FN:4,useVideoDevice
FN:12,(anonymous_1)
FN:30,(anonymous_2)
FN:33,(anonymous_3)
FN:36,(anonymous_4)
FN:39,(anonymous_5)
FNF:6
FNH:3
FNDA:28,useVideoDevice
FNDA:1,(anonymous_1)
FNDA:7,(anonymous_2)
FNDA:0,(anonymous_3)
FNDA:0,(anonymous_4)
FNDA:0,(anonymous_5)
DA:6,28
DA:9,28
DA:12,28
DA:13,1
DA:14,1
DA:24,1
DA:25,1
DA:28,1
DA:29,1
DA:30,7
DA:33,1
DA:34,0
DA:36,0
DA:38,1
DA:39,1
DA:40,1
DA:42,0
DA:43,0
DA:45,0
DA:46,0
DA:48,0
DA:49,0
DA:51,0
DA:53,1
DA:57,28
LF:25
LH:16
BRDA:30,0,0,7
BRDA:30,0,1,1
BRDA:43,1,0,0
BRDA:43,1,1,0
BRF:4
BRH:2
end_of_record
TN:
SF:src/layouts/index.ts
FNF:0
FNH:0
LF:0
LH:0
BRF:0
BRH:0
end_of_record
TN:
SF:src/layouts/default/DefaultLayout.tsx
FN:9,DefaultLayout
FNF:1
FNH:1
FNDA:4,DefaultLayout
DA:10,4
LF:1
LH:1
BRF:0
BRH:0
end_of_record
TN:
SF:src/layouts/gridList/LayoutGridListBody.tsx
FN:10,LayoutGridListBody
FN:17,(anonymous_1)
FNF:2
FNH:2
FNDA:27,LayoutGridListBody
FNDA:96,(anonymous_1)
DA:11,27
DA:18,96
LF:2
LH:2
BRDA:13,0,0,14
BRDA:13,0,1,12
BRF:2
BRH:2
end_of_record
TN:
SF:src/layouts/gridList/LayoutGridListButton.tsx
FN:6,LayoutGridListButton
FNF:1
FNH:1
FNDA:26,LayoutGridListButton
DA:7,26
LF:1
LH:1
BRF:0
BRH:0
end_of_record
TN:
SF:src/layouts/gridList/LayoutGridListFilters.tsx
FN:8,LayoutGridListFilters
FNF:1
FNH:1
FNDA:26,LayoutGridListFilters
DA:9,26
LF:1
LH:1
BRF:0
BRH:0
end_of_record
TN:
SF:src/layouts/gridList/LayoutGridListHeader.tsx
FN:8,LayoutGridListHeader
FNF:1
FNH:1
FNDA:26,LayoutGridListHeader
DA:9,26
LF:1
LH:1
BRF:0
BRH:0
end_of_record
TN:
SF:src/layouts/gridList/LayoutGridListRoot.tsx
FN:9,LayoutGridListRoot
FNF:1
FNH:1
FNDA:27,LayoutGridListRoot
DA:10,27
LF:1
LH:1
BRF:0
BRH:0
end_of_record
TN:
SF:src/layouts/gridList/index.ts
FNF:0
FNH:0
DA:7,11
LF:1
LH:1
BRF:0
BRH:0
end_of_record
TN:
SF:src/layouts/logged/LoggedLayout.tsx
FN:14,LoggedLayout
FN:19,(anonymous_1)
FNF:2
FNH:2
FNDA:33,LoggedLayout
FNDA:1,(anonymous_1)
DA:16,33
DA:19,30
DA:20,1
DA:21,1
DA:23,0
DA:27,30
LF:6
LH:5
BRDA:37,0,0,30
BRDA:37,0,1,0
BRF:2
BRH:1
end_of_record
TN:
SF:src/layouts/playing/LayoutPlayingList.tsx
FN:9,LayoutPlayingList
FNF:1
FNH:1
FNDA:17,LayoutPlayingList
DA:10,17
LF:1
LH:1
BRF:0
BRH:0
end_of_record
TN:
SF:src/layouts/playing/LayoutPlayingListBody.tsx
FN:10,LayoutPlayingListBody
FN:15,(anonymous_1)
FNF:2
FNH:2
FNDA:17,LayoutPlayingListBody
FNDA:32,(anonymous_1)
DA:11,17
DA:16,32
LF:2
LH:2
BRDA:13,0,0,4
BRDA:13,0,1,12
BRF:2
BRH:2
end_of_record
TN:
SF:src/layouts/playing/LayoutPlayingPlayer.tsx
FN:14,LayoutPlayingPlayer
FNF:1
FNH:1
FNDA:16,LayoutPlayingPlayer
DA:21,16
LF:1
LH:1
BRDA:24,0,0,16
BRDA:24,0,1,0
BRDA:24,0,2,16
BRDA:43,1,0,4
BRDA:43,1,1,12
BRF:5
BRH:4
end_of_record
TN:
SF:src/layouts/playing/LayoutPlayingPlayerContainer.tsx
FN:9,LayoutPlayingPlayerContainer
FNF:1
FNH:1
FNDA:16,LayoutPlayingPlayerContainer
DA:10,16
LF:1
LH:1
BRF:0
BRH:0
end_of_record
TN:
SF:src/layouts/playing/LayoutPlayingPlaylist.tsx
FN:12,LayoutPlayingPlaylist
FNF:1
FNH:1
FNDA:10,LayoutPlayingPlaylist
DA:13,10
LF:1
LH:1
BRDA:15,0,0,2
BRDA:15,0,1,8
BRF:2
BRH:2
end_of_record
TN:
SF:src/layouts/playing/LayoutPlayingRoot.tsx
FN:8,LayoutPlayingRoot
FNF:1
FNH:1
FNDA:17,LayoutPlayingRoot
DA:9,17
LF:1
LH:1
BRF:0
BRH:0
end_of_record
TN:
SF:src/layouts/playing/LayoutPlayingSearch.tsx
FN:7,LayoutPlayingSearch
FNF:1
FNH:1
FNDA:16,LayoutPlayingSearch
DA:8,16
LF:1
LH:1
BRF:0
BRH:0
end_of_record
TN:
SF:src/layouts/playing/index.ts
FNF:0
FNH:0
DA:9,11
LF:1
LH:1
BRF:0
BRH:0
end_of_record
TN:
SF:src/layouts/recording/LayoutReacording.tsx
FNF:0
FNH:0
DA:6,11
LF:1
LH:1
BRF:0
BRH:0
end_of_record
TN:
SF:src/layouts/recording/LayoutRecordingBody.tsx
FN:28,LayoutRecordingBody
FN:46,(anonymous_1)
FN:49,(anonymous_2)
FN:56,(anonymous_3)
FN:62,(anonymous_4)
FN:70,(anonymous_5)
FN:71,(anonymous_6)
FN:77,(anonymous_7)
FN:84,(anonymous_8)
FN:85,(anonymous_9)
FN:86,(anonymous_10)
FN:95,(anonymous_11)
FN:101,(anonymous_12)
FN:106,(anonymous_13)
FN:108,(anonymous_14)
FN:116,(anonymous_15)
FN:130,(anonymous_16)
FN:133,(anonymous_17)
FN:136,(anonymous_18)
FN:146,(anonymous_19)
FN:147,(anonymous_20)
FN:147,(anonymous_21)
FN:151,(anonymous_22)
FN:159,(anonymous_23)
FN:165,(anonymous_24)
FN:176,(anonymous_25)
FN:184,(anonymous_26)
FN:199,(anonymous_27)
FN:220,(anonymous_28)
FN:222,(anonymous_29)
FN:224,(anonymous_30)
FN:232,(anonymous_31)
FN:232,(anonymous_32)
FN:247,(anonymous_33)
FNF:34
FNH:25
FNDA:30,LayoutRecordingBody
FNDA:10,(anonymous_1)
FNDA:3,(anonymous_2)
FNDA:1,(anonymous_3)
FNDA:0,(anonymous_4)
FNDA:1,(anonymous_5)
FNDA:1,(anonymous_6)
FNDA:1,(anonymous_7)
FNDA:2,(anonymous_8)
FNDA:0,(anonymous_9)
FNDA:0,(anonymous_10)
FNDA:1,(anonymous_11)
FNDA:1,(anonymous_12)
FNDA:1,(anonymous_13)
FNDA:1,(anonymous_14)
FNDA:0,(anonymous_15)
FNDA:1,(anonymous_16)
FNDA:1,(anonymous_17)
FNDA:1,(anonymous_18)
FNDA:0,(anonymous_19)
FNDA:0,(anonymous_20)
FNDA:0,(anonymous_21)
FNDA:1,(anonymous_22)
FNDA:2,(anonymous_23)
FNDA:1,(anonymous_24)
FNDA:1,(anonymous_25)
FNDA:2,(anonymous_26)
FNDA:10,(anonymous_27)
FNDA:18,(anonymous_28)
FNDA:10,(anonymous_29)
FNDA:8,(anonymous_30)
FNDA:0,(anonymous_31)
FNDA:0,(anonymous_32)
FNDA:17,(anonymous_33)
DA:11,11
DA:30,30
DA:33,30
DA:36,30
DA:37,30
DA:39,30
DA:40,30
DA:42,30
DA:43,30
DA:46,30
DA:49,30
DA:50,3
DA:51,3
DA:52,3
DA:53,3
DA:56,30
DA:57,1
DA:58,1
DA:61,30
DA:63,0
DA:64,0
DA:69,30
DA:71,1
DA:72,1
DA:75,1
DA:78,1
DA:79,1
DA:84,1
DA:85,2
DA:86,0
DA:87,0
DA:89,2
DA:95,30
DA:96,1
DA:98,1
DA:100,1
DA:101,1
DA:102,1
DA:103,1
DA:106,1
DA:108,1
DA:109,1
DA:110,1
DA:113,1
DA:116,1
DA:118,1
DA:122,1
DA:123,1
DA:125,0
DA:126,0
DA:130,30
DA:131,1
DA:133,1
DA:134,0
DA:136,1
DA:139,1
DA:141,0
DA:142,0
DA:146,30
DA:147,0
DA:150,30
DA:152,1
DA:153,1
DA:154,1
DA:159,30
DA:160,2
DA:161,2
DA:163,2
DA:165,1
DA:166,1
DA:168,1
DA:176,1
DA:184,2
DA:185,1
DA:187,0
DA:188,0
DA:192,30
DA:199,10
DA:221,18
DA:222,18
DA:223,18
DA:224,8
DA:226,18
DA:232,0
DA:248,17
DA:250,9
DA:251,4
DA:252,4
DA:254,5
LF:89
LH:76
BRDA:46,0,0,8
BRDA:46,0,1,22
BRDA:50,1,0,1
BRDA:50,1,1,2
BRDA:51,2,0,3
BRDA:51,2,1,0
BRDA:72,3,0,0
BRDA:72,3,1,1
BRDA:85,4,0,0
BRDA:85,4,1,2
BRDA:87,5,0,0
BRDA:87,5,1,0
BRDA:96,6,0,0
BRDA:96,6,1,1
BRDA:109,7,0,0
BRDA:109,7,1,1
BRDA:113,8,0,1
BRDA:113,8,1,0
BRDA:133,9,0,0
BRDA:133,9,1,1
BRDA:152,10,0,0
BRDA:152,10,1,1
BRDA:153,11,0,0
BRDA:153,11,1,1
BRDA:161,12,0,0
BRDA:161,12,1,2
BRDA:163,13,0,1
BRDA:163,13,1,1
BRDA:166,14,0,0
BRDA:166,14,1,1
BRDA:197,15,0,30
BRDA:197,15,1,2
BRDA:205,16,0,2
BRDA:205,16,1,28
BRDA:209,17,0,30
BRDA:209,17,1,2
BRDA:219,18,0,30
BRDA:219,18,1,12
BRDA:230,19,0,16
BRDA:230,19,1,2
BRDA:235,20,0,18
BRDA:235,20,1,2
BRDA:248,21,0,8
BRDA:248,21,1,9
BRDA:250,22,0,4
BRDA:250,22,1,5
BRF:46
BRH:33
end_of_record
TN:
SF:src/layouts/recording/LayoutRecordingButtonCams.tsx
FN:10,LayoutRecordingButtonCams
FN:22,(anonymous_1)
FNF:2
FNH:2
FNDA:28,LayoutRecordingButtonCams
FNDA:1,(anonymous_1)
DA:16,28
DA:19,28
DA:22,28
DA:23,1
DA:24,1
DA:25,1
DA:26,1
DA:27,1
DA:29,0
DA:31,1
DA:35,28
LF:11
LH:10
BRDA:23,0,0,0
BRDA:23,0,1,1
BRDA:23,1,0,1
BRDA:23,1,1,1
BRDA:27,2,0,1
BRDA:27,2,1,0
BRDA:38,3,0,4
BRDA:38,3,1,24
BRF:8
BRH:6
end_of_record
TN:
SF:src/layouts/recording/LayoutRecordingHeader.tsx
FN:8,LayoutRecordingHeader
FNF:1
FNH:1
FNDA:26,LayoutRecordingHeader
DA:9,26
LF:1
LH:1
BRF:0
BRH:0
end_of_record
TN:
SF:src/layouts/recording/LayoutRecordingRoot.tsx
FN:8,LayoutRecordingRoot
FNF:1
FNH:1
FNDA:26,LayoutRecordingRoot
DA:9,26
LF:1
LH:1
BRF:0
BRH:0
end_of_record
TN:
SF:src/layouts/table/LayoutTableBody.tsx
FN:10,LayoutTableBody
FN:37,(anonymous_1)
FNF:2
FNH:2
FNDA:54,LayoutTableBody
FNDA:72,(anonymous_1)
DA:11,54
DA:38,72
LF:2
LH:2
BRDA:13,0,0,42
BRDA:13,0,1,12
BRF:2
BRH:2
end_of_record
TN:
SF:src/layouts/table/LayoutTableButton.tsx
FN:5,LayoutTableButton
FNF:1
FNH:1
FNDA:54,LayoutTableButton
DA:6,54
LF:1
LH:1
BRF:0
BRH:0
end_of_record
TN:
SF:src/layouts/table/LayoutTableHeader.tsx
FN:8,LayoutTableHeader
FNF:1
FNH:1
FNDA:54,LayoutTableHeader
DA:9,54
LF:1
LH:1
BRF:0
BRH:0
end_of_record
TN:
SF:src/layouts/table/LayoutTableRoot.tsx
FN:9,LayoutTableRoot
FNF:1
FNH:1
FNDA:54,LayoutTableRoot
DA:10,54
LF:1
LH:1
BRF:0
BRH:0
end_of_record
TN:
SF:src/layouts/table/LayoutTableSearch.tsx
FN:6,LayoutTableSearch
FNF:1
FNH:1
FNDA:54,LayoutTableSearch
DA:7,54
LF:1
LH:1
BRF:0
BRH:0
end_of_record
TN:
SF:src/layouts/table/index.ts
FNF:0
FNH:0
DA:7,11
LF:1
LH:1
BRF:0
BRH:0
end_of_record
TN:
SF:src/services/api.ts
FN:20,ehUmaData
FN:25,handleDatas
FN:42,(anonymous_2)
FN:46,(anonymous_3)
FN:54,(anonymous_4)
FN:60,(anonymous_5)
FN:69,(anonymous_6)
FN:71,(anonymous_7)
FN:74,(anonymous_8)
FN:75,(anonymous_9)
FN:83,(anonymous_10)
FN:85,(anonymous_11)
FN:87,(anonymous_12)
FN:89,(anonymous_13)
FN:91,(anonymous_14)
FN:95,(anonymous_15)
FN:99,(anonymous_16)
FN:101,(anonymous_17)
FN:103,(anonymous_18)
FNF:19
FNH:17
FNDA:14616,ehUmaData
FNDA:4507,handleDatas
FNDA:52,(anonymous_2)
FNDA:0,(anonymous_3)
FNDA:33,(anonymous_4)
FNDA:19,(anonymous_5)
FNDA:1,(anonymous_6)
FNDA:1,(anonymous_7)
FNDA:1,(anonymous_8)
FNDA:1,(anonymous_9)
FNDA:1,(anonymous_10)
FNDA:1,(anonymous_11)
FNDA:1,(anonymous_12)
FNDA:24,(anonymous_13)
FNDA:0,(anonymous_14)
FNDA:10,(anonymous_15)
FNDA:2,(anonymous_16)
FNDA:11,(anonymous_17)
FNDA:1,(anonymous_18)
DA:19,11
DA:21,14616
DA:26,4507
DA:28,2942
DA:29,14616
DA:30,14616
DA:31,10270
DA:35,11
DA:41,11
DA:44,52
DA:48,0
DA:53,11
DA:55,33
DA:58,33
DA:63,19
DA:67,11
DA:70,1
DA:74,1
DA:75,1
DA:76,1
DA:77,1
DA:84,1
DA:86,1
DA:88,1
DA:90,24
DA:92,0
DA:96,10
DA:100,2
DA:102,11
DA:104,1
LF:30
LH:28
BRDA:21,0,0,14616
BRDA:21,0,1,12796
BRDA:21,0,2,6822
BRDA:26,1,0,1565
BRDA:26,1,1,2942
BRDA:26,2,0,4507
BRDA:26,2,1,2947
BRDA:26,2,2,2947
BRDA:30,3,0,4346
BRDA:30,3,1,10270
BRDA:31,4,0,4474
BRDA:31,4,1,5796
BRF:12
BRH:12
end_of_record
TN:
SF:src/services/localstorage.ts
FN:8,(anonymous_0)
FN:11,(anonymous_1)
FNF:2
FNH:1
FNDA:0,(anonymous_0)
FNDA:57,(anonymous_1)
DA:4,11
DA:6,11
DA:9,0
DA:12,57
DA:13,57
DA:15,57
DA:16,57
LF:7
LH:6
BRDA:15,0,0,0
BRDA:15,0,1,57
BRF:2
BRH:1
end_of_record
TN:
SF:src/views/CreateRecord.tsx
FN:11,CreateRecord
FN:32,(anonymous_1)
FN:34,(anonymous_2)
FN:35,(anonymous_3)
FN:42,(anonymous_4)
FN:44,(anonymous_5)
FN:45,(anonymous_6)
FN:48,(anonymous_7)
FN:49,(anonymous_8)
FN:51,(anonymous_9)
FN:58,(anonymous_10)
FN:64,(anonymous_11)
FN:69,(anonymous_12)
FN:75,(anonymous_13)
FN:77,(anonymous_14)
FN:83,(anonymous_15)
FN:85,(anonymous_16)
FN:111,(anonymous_17)
FN:114,(anonymous_18)
FN:136,(anonymous_19)
FN:139,(anonymous_20)
FN:167,(anonymous_21)
FNF:22
FNH:17
FNDA:26,CreateRecord
FNDA:3,(anonymous_1)
FNDA:0,(anonymous_2)
FNDA:0,(anonymous_3)
FNDA:4,(anonymous_4)
FNDA:3,(anonymous_5)
FNDA:0,(anonymous_6)
FNDA:3,(anonymous_7)
FNDA:0,(anonymous_8)
FNDA:3,(anonymous_9)
FNDA:1,(anonymous_10)
FNDA:1,(anonymous_11)
FNDA:0,(anonymous_12)
FNDA:1,(anonymous_13)
FNDA:1,(anonymous_14)
FNDA:1,(anonymous_15)
FNDA:1,(anonymous_16)
FNDA:1,(anonymous_17)
FNDA:814,(anonymous_18)
FNDA:1,(anonymous_19)
FNDA:44,(anonymous_20)
FNDA:1,(anonymous_21)
DA:13,26
DA:16,26
DA:17,26
DA:20,26
DA:21,26
DA:23,26
DA:24,26
DA:26,26
DA:27,26
DA:29,26
DA:32,26
DA:33,3
DA:34,0
DA:35,0
DA:36,0
DA:37,0
DA:42,26
DA:43,4
DA:44,3
DA:45,0
DA:47,4
DA:48,3
DA:49,0
DA:51,4
DA:52,3
DA:53,3
DA:54,3
DA:58,26
DA:59,1
DA:60,0
DA:61,0
DA:64,26
DA:65,1
DA:66,1
DA:69,26
DA:70,0
DA:71,0
DA:74,26
DA:76,1
DA:77,1
DA:78,1
DA:82,26
DA:84,1
DA:85,1
DA:86,1
DA:87,1
DA:88,1
DA:93,26
DA:111,1
DA:115,814
DA:136,1
DA:140,44
DA:168,1
DA:169,1
LF:54
LH:44
BRDA:33,0,0,3
BRDA:33,0,1,0
BRDA:59,1,0,1
BRDA:59,1,1,0
BRDA:59,2,0,1
BRDA:59,2,1,1
BRDA:78,3,0,1
BRDA:78,3,1,0
BRDA:86,4,0,1
BRDA:86,4,1,0
BRDA:110,5,0,26
BRDA:110,5,1,6
BRDA:135,6,0,26
BRDA:135,6,1,8
BRDA:151,7,0,26
BRDA:151,7,1,18
BRDA:151,7,2,18
BRDA:156,8,0,18
BRDA:156,8,1,0
BRDA:161,9,0,26
BRDA:161,9,1,18
BRF:21
BRH:16
end_of_record
TN:
SF:src/views/Login.tsx
FN:11,Login
FN:20,(anonymous_1)
FNF:2
FNH:2
FNDA:6,Login
FNDA:1,(anonymous_1)
DA:9,11
DA:13,6
DA:16,6
DA:19,6
DA:21,1
DA:22,1
DA:23,1
DA:24,1
DA:26,0
DA:28,1
DA:34,6
LF:11
LH:10
BRF:0
BRH:0
end_of_record
TN:
SF:src/views/Patients.tsx
FN:8,Patients
FN:26,(anonymous_1)
FN:31,(anonymous_2)
FN:42,(anonymous_3)
FN:43,(anonymous_4)
FN:43,(anonymous_5)
FN:45,(anonymous_6)
FN:48,(anonymous_7)
FN:49,(anonymous_8)
FN:51,(anonymous_9)
FN:61,(anonymous_10)
FN:69,(anonymous_11)
FN:106,(anonymous_12)
FNF:13
FNH:9
FNDA:55,Patients
FNDA:14,(anonymous_1)
FNDA:0,(anonymous_2)
FNDA:12,(anonymous_3)
FNDA:6,(anonymous_4)
FNDA:12,(anonymous_5)
FNDA:6,(anonymous_6)
FNDA:2,(anonymous_7)
FNDA:0,(anonymous_8)
FNDA:2,(anonymous_9)
FNDA:0,(anonymous_10)
FNDA:0,(anonymous_11)
FNDA:1,(anonymous_12)
DA:10,55
DA:13,54
DA:16,54
DA:17,54
DA:18,54
DA:20,54
DA:22,54
DA:25,54
DA:27,14
DA:28,14
DA:30,8
DA:31,0
DA:33,8
DA:35,0
DA:36,0
DA:42,54
DA:43,12
DA:45,12
DA:48,54
DA:49,54
DA:51,54
DA:52,2
DA:53,2
DA:54,2
DA:57,54
DA:61,0
DA:70,0
DA:71,0
DA:106,1
LF:29
LH:23
BRDA:30,0,0,8
BRDA:30,0,1,0
BRDA:60,1,0,54
BRDA:60,1,1,16
BRDA:78,2,0,54
BRDA:78,2,1,16
BRDA:78,2,2,42
BRDA:79,3,0,54
BRDA:79,3,1,24
BRDA:79,3,2,12
BRDA:79,3,3,12
BRDA:82,4,0,54
BRDA:82,4,1,30
BRDA:89,5,0,54
BRDA:89,5,1,48
BRDA:104,6,0,54
BRDA:104,6,1,6
BRF:17
BRH:16
end_of_record
TN:
SF:src/views/PlayingRecord.tsx
FN:11,PlayingRecord
FN:34,(anonymous_1)
FN:38,(anonymous_2)
FN:48,(anonymous_3)
FN:53,(anonymous_4)
FN:59,(anonymous_5)
FN:61,(anonymous_6)
FN:61,(anonymous_7)
FN:62,(anonymous_8)
FN:77,(anonymous_9)
FN:93,(anonymous_10)
FN:110,(anonymous_11)
FNF:12
FNH:10
FNDA:17,PlayingRecord
FNDA:3,(anonymous_1)
FNDA:6,(anonymous_2)
FNDA:2,(anonymous_3)
FNDA:2,(anonymous_4)
FNDA:0,(anonymous_5)
FNDA:1,(anonymous_6)
FNDA:4,(anonymous_7)
FNDA:1,(anonymous_8)
FNDA:0,(anonymous_9)
FNDA:20,(anonymous_10)
FNDA:600,(anonymous_11)
DA:13,17
DA:17,16
DA:18,16
DA:21,16
DA:22,16
DA:23,16
DA:24,16
DA:26,16
DA:28,16
DA:30,16
DA:33,16
DA:35,3
DA:36,3
DA:38,6
DA:39,2
DA:41,0
DA:42,0
DA:48,16
DA:49,2
DA:52,2
DA:54,2
DA:55,2
DA:56,2
DA:57,2
DA:59,0
DA:61,4
DA:62,2
DA:65,16
DA:77,0
DA:94,20
DA:111,600
LF:31
LH:27
BRDA:49,0,0,0
BRDA:49,0,1,2
BRDA:49,1,0,2
BRDA:49,1,1,2
BRDA:69,2,0,16
BRDA:69,2,1,6
BRDA:76,3,0,16
BRDA:76,3,1,12
BRDA:78,4,0,16
BRDA:78,4,1,6
BRDA:82,5,0,16
BRDA:82,5,1,6
BRDA:87,6,0,16
BRDA:87,6,1,10
BRDA:87,6,2,10
BRDA:91,7,0,10
BRDA:91,7,1,8
BRDA:109,8,0,16
BRDA:109,8,1,6
BRDA:109,8,2,12
BRF:20
BRH:19
end_of_record
TN:
SF:src/views/Recordings.tsx
FN:12,Recordings
FN:28,(anonymous_1)
FN:32,(anonymous_2)
FN:42,(anonymous_3)
FN:43,(anonymous_4)
FN:43,(anonymous_5)
FN:45,(anonymous_6)
FN:48,(anonymous_7)
FN:53,(anonymous_8)
FN:69,(anonymous_9)
FN:85,(anonymous_10)
FN:95,(anonymous_11)
FNF:12
FNH:9
FNDA:27,Recordings
FNDA:8,(anonymous_1)
FNDA:6,(anonymous_2)
FNDA:6,(anonymous_3)
FNDA:3,(anonymous_4)
FNDA:4,(anonymous_5)
FNDA:4,(anonymous_6)
FNDA:0,(anonymous_7)
FNDA:1,(anonymous_8)
FNDA:0,(anonymous_9)
FNDA:500,(anonymous_10)
FNDA:0,(anonymous_11)
DA:14,27
DA:17,26
DA:18,26
DA:21,26
DA:22,26
DA:24,26
DA:27,26
DA:29,8
DA:30,8
DA:32,6
DA:33,4
DA:35,0
DA:36,0
DA:42,26
DA:43,6
DA:45,6
DA:48,26
DA:50,0
DA:53,26
DA:55,26
DA:69,0
DA:86,500
DA:95,0
LF:23
LH:18
BRDA:61,0,0,26
BRDA:61,0,1,14
BRDA:79,1,0,26
BRDA:79,1,1,14
BRDA:79,1,2,14
BRDA:80,2,0,26
BRDA:80,2,1,18
BRDA:80,2,2,18
BRDA:80,2,3,6
BRF:9
BRH:9
end_of_record
TN:
SF:src/views/index.ts
FNF:0
FNH:0
LF:0
LH:0
BRF:0
BRH:0
end_of_record
